{"C:\\Users\\DELL\\klean-backup\\controllers\\analytics.controller.js": {"path":"C:\\Users\\DELL\\klean-backup\\controllers\\analytics.controller.js","statementMap":{"0":{"start":{"line":7,"column":25},"end":{"line":11,"column":1}},"1":{"start":{"line":8,"column":4},"end":{"line":8,"column":61}},"2":{"start":{"line":8,"column":40},"end":{"line":8,"column":61}},"3":{"start":{"line":9,"column":4},"end":{"line":9,"column":60}},"4":{"start":{"line":9,"column":37},"end":{"line":9,"column":60}},"5":{"start":{"line":10,"column":4},"end":{"line":10,"column":16}},"6":{"start":{"line":13,"column":28},"end":{"line":34,"column":1}},"7":{"start":{"line":14,"column":4},"end":{"line":33,"column":5}},"8":{"start":{"line":15,"column":25},"end":{"line":15,"column":71}},"9":{"start":{"line":18,"column":24},"end":{"line":18,"column":76}},"10":{"start":{"line":21,"column":8},"end":{"line":26,"column":9}},"11":{"start":{"line":22,"column":12},"end":{"line":25,"column":26}},"12":{"start":{"line":28,"column":8},"end":{"line":28,"column":68}},"13":{"start":{"line":29,"column":8},"end":{"line":29,"column":81}},"14":{"start":{"line":31,"column":8},"end":{"line":31,"column":60}},"15":{"start":{"line":32,"column":8},"end":{"line":32,"column":20}},"16":{"start":{"line":36,"column":34},"end":{"line":67,"column":1}},"17":{"start":{"line":37,"column":4},"end":{"line":66,"column":5}},"18":{"start":{"line":38,"column":49},"end":{"line":38,"column":58}},"19":{"start":{"line":39,"column":8},"end":{"line":39,"column":101}},"20":{"start":{"line":39,"column":36},"end":{"line":39,"column":101}},"21":{"start":{"line":42,"column":22},"end":{"line":42,"column":41}},"22":{"start":{"line":43,"column":20},"end":{"line":43,"column":37}},"23":{"start":{"line":45,"column":8},"end":{"line":47,"column":9}},"24":{"start":{"line":46,"column":12},"end":{"line":46,"column":96}},"25":{"start":{"line":49,"column":8},"end":{"line":51,"column":9}},"26":{"start":{"line":50,"column":12},"end":{"line":50,"column":76}},"27":{"start":{"line":54,"column":25},"end":{"line":54,"column":74}},"28":{"start":{"line":55,"column":8},"end":{"line":57,"column":9}},"29":{"start":{"line":56,"column":12},"end":{"line":56,"column":82}},"30":{"start":{"line":59,"column":30},"end":{"line":59,"column":66}},"31":{"start":{"line":61,"column":26},"end":{"line":61,"column":94}},"32":{"start":{"line":63,"column":8},"end":{"line":63,"column":78}},"33":{"start":{"line":65,"column":8},"end":{"line":65,"column":20}},"34":{"start":{"line":69,"column":33},"end":{"line":91,"column":1}},"35":{"start":{"line":70,"column":4},"end":{"line":90,"column":5}},"36":{"start":{"line":71,"column":35},"end":{"line":71,"column":44}},"37":{"start":{"line":72,"column":30},"end":{"line":72,"column":66}},"38":{"start":{"line":75,"column":30},"end":{"line":75,"column":64}},"39":{"start":{"line":77,"column":26},"end":{"line":80,"column":9}},"40":{"start":{"line":82,"column":8},"end":{"line":82,"column":86}},"41":{"start":{"line":83,"column":8},"end":{"line":86,"column":11}},"42":{"start":{"line":88,"column":8},"end":{"line":88,"column":66}},"43":{"start":{"line":89,"column":8},"end":{"line":89,"column":20}},"44":{"start":{"line":93,"column":30},"end":{"line":137,"column":1}},"45":{"start":{"line":94,"column":4},"end":{"line":136,"column":5}},"46":{"start":{"line":95,"column":49},"end":{"line":95,"column":58}},"47":{"start":{"line":96,"column":8},"end":{"line":96,"column":101}},"48":{"start":{"line":96,"column":36},"end":{"line":96,"column":101}},"49":{"start":{"line":99,"column":22},"end":{"line":99,"column":41}},"50":{"start":{"line":100,"column":20},"end":{"line":100,"column":37}},"51":{"start":{"line":102,"column":8},"end":{"line":104,"column":9}},"52":{"start":{"line":103,"column":12},"end":{"line":103,"column":96}},"53":{"start":{"line":106,"column":8},"end":{"line":108,"column":9}},"54":{"start":{"line":107,"column":12},"end":{"line":107,"column":76}},"55":{"start":{"line":110,"column":30},"end":{"line":110,"column":66}},"56":{"start":{"line":111,"column":23},"end":{"line":111,"column":91}},"57":{"start":{"line":114,"column":30},"end":{"line":114,"column":53}},"58":{"start":{"line":116,"column":23},"end":{"line":131,"column":9}},"59":{"start":{"line":117,"column":49},"end":{"line":121,"column":13}},"60":{"start":{"line":124,"column":34},"end":{"line":124,"column":56}},"61":{"start":{"line":125,"column":16},"end":{"line":127,"column":19}},"62":{"start":{"line":126,"column":20},"end":{"line":126,"column":73}},"63":{"start":{"line":128,"column":16},"end":{"line":128,"column":27}},"64":{"start":{"line":133,"column":8},"end":{"line":133,"column":78}},"65":{"start":{"line":135,"column":8},"end":{"line":135,"column":20}},"66":{"start":{"line":139,"column":35},"end":{"line":178,"column":1}},"67":{"start":{"line":140,"column":4},"end":{"line":177,"column":5}},"68":{"start":{"line":141,"column":49},"end":{"line":141,"column":58}},"69":{"start":{"line":142,"column":8},"end":{"line":142,"column":101}},"70":{"start":{"line":142,"column":36},"end":{"line":142,"column":101}},"71":{"start":{"line":145,"column":22},"end":{"line":145,"column":41}},"72":{"start":{"line":146,"column":20},"end":{"line":146,"column":37}},"73":{"start":{"line":148,"column":8},"end":{"line":150,"column":9}},"74":{"start":{"line":149,"column":12},"end":{"line":149,"column":96}},"75":{"start":{"line":152,"column":8},"end":{"line":154,"column":9}},"76":{"start":{"line":153,"column":12},"end":{"line":153,"column":76}},"77":{"start":{"line":156,"column":30},"end":{"line":156,"column":66}},"78":{"start":{"line":157,"column":23},"end":{"line":157,"column":91}},"79":{"start":{"line":159,"column":30},"end":{"line":159,"column":53}},"80":{"start":{"line":160,"column":23},"end":{"line":160,"column":76}},"81":{"start":{"line":162,"column":24},"end":{"line":172,"column":9}},"82":{"start":{"line":163,"column":50},"end":{"line":168,"column":13}},"83":{"start":{"line":174,"column":8},"end":{"line":174,"column":84}},"84":{"start":{"line":176,"column":8},"end":{"line":176,"column":20}},"85":{"start":{"line":180,"column":36},"end":{"line":223,"column":1}},"86":{"start":{"line":181,"column":4},"end":{"line":222,"column":5}},"87":{"start":{"line":182,"column":49},"end":{"line":182,"column":58}},"88":{"start":{"line":184,"column":8},"end":{"line":186,"column":9}},"89":{"start":{"line":185,"column":12},"end":{"line":185,"column":77}},"90":{"start":{"line":189,"column":22},"end":{"line":189,"column":41}},"91":{"start":{"line":190,"column":20},"end":{"line":190,"column":37}},"92":{"start":{"line":192,"column":8},"end":{"line":194,"column":9}},"93":{"start":{"line":193,"column":12},"end":{"line":193,"column":96}},"94":{"start":{"line":196,"column":8},"end":{"line":198,"column":9}},"95":{"start":{"line":197,"column":12},"end":{"line":197,"column":76}},"96":{"start":{"line":200,"column":30},"end":{"line":200,"column":66}},"97":{"start":{"line":202,"column":23},"end":{"line":202,"column":91}},"98":{"start":{"line":204,"column":26},"end":{"line":215,"column":9}},"99":{"start":{"line":205,"column":59},"end":{"line":209,"column":13}},"100":{"start":{"line":217,"column":8},"end":{"line":217,"column":52}},"101":{"start":{"line":218,"column":8},"end":{"line":218,"column":87}},"102":{"start":{"line":220,"column":8},"end":{"line":220,"column":69}},"103":{"start":{"line":221,"column":8},"end":{"line":221,"column":20}},"104":{"start":{"line":225,"column":34},"end":{"line":278,"column":1}},"105":{"start":{"line":226,"column":4},"end":{"line":277,"column":5}},"106":{"start":{"line":227,"column":45},"end":{"line":227,"column":53}},"107":{"start":{"line":229,"column":8},"end":{"line":231,"column":9}},"108":{"start":{"line":230,"column":12},"end":{"line":230,"column":70}},"109":{"start":{"line":234,"column":20},"end":{"line":234,"column":51}},"110":{"start":{"line":237,"column":8},"end":{"line":237,"column":57}},"111":{"start":{"line":238,"column":8},"end":{"line":238,"column":104}},"112":{"start":{"line":241,"column":8},"end":{"line":241,"column":22}},"113":{"start":{"line":244,"column":8},"end":{"line":244,"column":80}},"114":{"start":{"line":245,"column":8},"end":{"line":245,"column":23}},"115":{"start":{"line":246,"column":8},"end":{"line":246,"column":78}},"116":{"start":{"line":247,"column":8},"end":{"line":247,"column":65}},"117":{"start":{"line":248,"column":8},"end":{"line":248,"column":23}},"118":{"start":{"line":249,"column":8},"end":{"line":249,"column":52}},"119":{"start":{"line":250,"column":8},"end":{"line":250,"column":23}},"120":{"start":{"line":253,"column":8},"end":{"line":253,"column":45}},"121":{"start":{"line":254,"column":8},"end":{"line":254,"column":26}},"122":{"start":{"line":255,"column":8},"end":{"line":258,"column":76}},"123":{"start":{"line":261,"column":8},"end":{"line":266,"column":9}},"124":{"start":{"line":262,"column":12},"end":{"line":262,"column":68}},"125":{"start":{"line":263,"column":12},"end":{"line":265,"column":15}},"126":{"start":{"line":264,"column":16},"end":{"line":264,"column":94}},"127":{"start":{"line":268,"column":8},"end":{"line":268,"column":18}},"128":{"start":{"line":270,"column":8},"end":{"line":270,"column":75}},"129":{"start":{"line":273,"column":8},"end":{"line":273,"column":57}},"130":{"start":{"line":274,"column":8},"end":{"line":276,"column":9}},"131":{"start":{"line":275,"column":12},"end":{"line":275,"column":24}}},"fnMap":{"0":{"name":"(anonymous_0)","decl":{"start":{"line":7,"column":25},"end":{"line":7,"column":26}},"loc":{"start":{"line":7,"column":44},"end":{"line":11,"column":1}},"line":7},"1":{"name":"(anonymous_1)","decl":{"start":{"line":13,"column":28},"end":{"line":13,"column":29}},"loc":{"start":{"line":13,"column":54},"end":{"line":34,"column":1}},"line":13},"2":{"name":"(anonymous_2)","decl":{"start":{"line":36,"column":34},"end":{"line":36,"column":35}},"loc":{"start":{"line":36,"column":60},"end":{"line":67,"column":1}},"line":36},"3":{"name":"(anonymous_3)","decl":{"start":{"line":69,"column":33},"end":{"line":69,"column":34}},"loc":{"start":{"line":69,"column":59},"end":{"line":91,"column":1}},"line":69},"4":{"name":"(anonymous_4)","decl":{"start":{"line":93,"column":30},"end":{"line":93,"column":31}},"loc":{"start":{"line":93,"column":56},"end":{"line":137,"column":1}},"line":93},"5":{"name":"(anonymous_5)","decl":{"start":{"line":117,"column":43},"end":{"line":117,"column":44}},"loc":{"start":{"line":117,"column":49},"end":{"line":121,"column":13}},"line":117},"6":{"name":"(anonymous_6)","decl":{"start":{"line":122,"column":50},"end":{"line":122,"column":51}},"loc":{"start":{"line":122,"column":62},"end":{"line":129,"column":13}},"line":122},"7":{"name":"(anonymous_7)","decl":{"start":{"line":125,"column":47},"end":{"line":125,"column":48}},"loc":{"start":{"line":125,"column":57},"end":{"line":127,"column":17}},"line":125},"8":{"name":"(anonymous_8)","decl":{"start":{"line":139,"column":35},"end":{"line":139,"column":36}},"loc":{"start":{"line":139,"column":61},"end":{"line":178,"column":1}},"line":139},"9":{"name":"(anonymous_9)","decl":{"start":{"line":163,"column":44},"end":{"line":163,"column":45}},"loc":{"start":{"line":163,"column":50},"end":{"line":168,"column":13}},"line":163},"10":{"name":"(anonymous_10)","decl":{"start":{"line":180,"column":36},"end":{"line":180,"column":37}},"loc":{"start":{"line":180,"column":62},"end":{"line":223,"column":1}},"line":180},"11":{"name":"(anonymous_11)","decl":{"start":{"line":205,"column":53},"end":{"line":205,"column":54}},"loc":{"start":{"line":205,"column":59},"end":{"line":209,"column":13}},"line":205},"12":{"name":"(anonymous_12)","decl":{"start":{"line":225,"column":34},"end":{"line":225,"column":35}},"loc":{"start":{"line":225,"column":60},"end":{"line":278,"column":1}},"line":225},"13":{"name":"(anonymous_13)","decl":{"start":{"line":263,"column":47},"end":{"line":263,"column":48}},"loc":{"start":{"line":263,"column":56},"end":{"line":265,"column":13}},"line":263}},"branchMap":{"0":{"loc":{"start":{"line":8,"column":4},"end":{"line":8,"column":61}},"type":"if","locations":[{"start":{"line":8,"column":4},"end":{"line":8,"column":61}},{"start":{},"end":{}}],"line":8},"1":{"loc":{"start":{"line":9,"column":4},"end":{"line":9,"column":60}},"type":"if","locations":[{"start":{"line":9,"column":4},"end":{"line":9,"column":60}},{"start":{},"end":{}}],"line":9},"2":{"loc":{"start":{"line":9,"column":44},"end":{"line":9,"column":59}},"type":"binary-expr","locations":[{"start":{"line":9,"column":44},"end":{"line":9,"column":51}},{"start":{"line":9,"column":55},"end":{"line":9,"column":59}}],"line":9},"3":{"loc":{"start":{"line":21,"column":8},"end":{"line":26,"column":9}},"type":"if","locations":[{"start":{"line":21,"column":8},"end":{"line":26,"column":9}},{"start":{},"end":{}}],"line":21},"4":{"loc":{"start":{"line":21,"column":12},"end":{"line":21,"column":66}},"type":"binary-expr","locations":[{"start":{"line":21,"column":12},"end":{"line":21,"column":43}},{"start":{"line":21,"column":47},"end":{"line":21,"column":66}}],"line":21},"5":{"loc":{"start":{"line":39,"column":8},"end":{"line":39,"column":101}},"type":"if","locations":[{"start":{"line":39,"column":8},"end":{"line":39,"column":101}},{"start":{},"end":{}}],"line":39},"6":{"loc":{"start":{"line":39,"column":12},"end":{"line":39,"column":34}},"type":"binary-expr","locations":[{"start":{"line":39,"column":12},"end":{"line":39,"column":22}},{"start":{"line":39,"column":26},"end":{"line":39,"column":34}}],"line":39},"7":{"loc":{"start":{"line":45,"column":8},"end":{"line":47,"column":9}},"type":"if","locations":[{"start":{"line":45,"column":8},"end":{"line":47,"column":9}},{"start":{},"end":{}}],"line":45},"8":{"loc":{"start":{"line":45,"column":12},"end":{"line":45,"column":58}},"type":"binary-expr","locations":[{"start":{"line":45,"column":12},"end":{"line":45,"column":34}},{"start":{"line":45,"column":38},"end":{"line":45,"column":58}}],"line":45},"9":{"loc":{"start":{"line":49,"column":8},"end":{"line":51,"column":9}},"type":"if","locations":[{"start":{"line":49,"column":8},"end":{"line":51,"column":9}},{"start":{},"end":{}}],"line":49},"10":{"loc":{"start":{"line":55,"column":8},"end":{"line":57,"column":9}},"type":"if","locations":[{"start":{"line":55,"column":8},"end":{"line":57,"column":9}},{"start":{},"end":{}}],"line":55},"11":{"loc":{"start":{"line":75,"column":30},"end":{"line":75,"column":64}},"type":"cond-expr","locations":[{"start":{"line":75,"column":37},"end":{"line":75,"column":51}},{"start":{"line":75,"column":54},"end":{"line":75,"column":64}}],"line":75},"12":{"loc":{"start":{"line":96,"column":8},"end":{"line":96,"column":101}},"type":"if","locations":[{"start":{"line":96,"column":8},"end":{"line":96,"column":101}},{"start":{},"end":{}}],"line":96},"13":{"loc":{"start":{"line":96,"column":12},"end":{"line":96,"column":34}},"type":"binary-expr","locations":[{"start":{"line":96,"column":12},"end":{"line":96,"column":22}},{"start":{"line":96,"column":26},"end":{"line":96,"column":34}}],"line":96},"14":{"loc":{"start":{"line":102,"column":8},"end":{"line":104,"column":9}},"type":"if","locations":[{"start":{"line":102,"column":8},"end":{"line":104,"column":9}},{"start":{},"end":{}}],"line":102},"15":{"loc":{"start":{"line":102,"column":12},"end":{"line":102,"column":58}},"type":"binary-expr","locations":[{"start":{"line":102,"column":12},"end":{"line":102,"column":34}},{"start":{"line":102,"column":38},"end":{"line":102,"column":58}}],"line":102},"16":{"loc":{"start":{"line":106,"column":8},"end":{"line":108,"column":9}},"type":"if","locations":[{"start":{"line":106,"column":8},"end":{"line":108,"column":9}},{"start":{},"end":{}}],"line":106},"17":{"loc":{"start":{"line":114,"column":30},"end":{"line":114,"column":53}},"type":"binary-expr","locations":[{"start":{"line":114,"column":30},"end":{"line":114,"column":47}},{"start":{"line":114,"column":51},"end":{"line":114,"column":53}}],"line":114},"18":{"loc":{"start":{"line":119,"column":24},"end":{"line":119,"column":42}},"type":"binary-expr","locations":[{"start":{"line":119,"column":24},"end":{"line":119,"column":37}},{"start":{"line":119,"column":41},"end":{"line":119,"column":42}}],"line":119},"19":{"loc":{"start":{"line":120,"column":25},"end":{"line":120,"column":44}},"type":"binary-expr","locations":[{"start":{"line":120,"column":25},"end":{"line":120,"column":39}},{"start":{"line":120,"column":43},"end":{"line":120,"column":44}}],"line":120},"20":{"loc":{"start":{"line":124,"column":34},"end":{"line":124,"column":56}},"type":"binary-expr","locations":[{"start":{"line":124,"column":34},"end":{"line":124,"column":50}},{"start":{"line":124,"column":54},"end":{"line":124,"column":56}}],"line":124},"21":{"loc":{"start":{"line":126,"column":35},"end":{"line":126,"column":51}},"type":"binary-expr","locations":[{"start":{"line":126,"column":35},"end":{"line":126,"column":46}},{"start":{"line":126,"column":50},"end":{"line":126,"column":51}}],"line":126},"22":{"loc":{"start":{"line":130,"column":21},"end":{"line":130,"column":91}},"type":"binary-expr","locations":[{"start":{"line":130,"column":21},"end":{"line":130,"column":35}},{"start":{"line":130,"column":39},"end":{"line":130,"column":91}}],"line":130},"23":{"loc":{"start":{"line":142,"column":8},"end":{"line":142,"column":101}},"type":"if","locations":[{"start":{"line":142,"column":8},"end":{"line":142,"column":101}},{"start":{},"end":{}}],"line":142},"24":{"loc":{"start":{"line":142,"column":12},"end":{"line":142,"column":34}},"type":"binary-expr","locations":[{"start":{"line":142,"column":12},"end":{"line":142,"column":22}},{"start":{"line":142,"column":26},"end":{"line":142,"column":34}}],"line":142},"25":{"loc":{"start":{"line":148,"column":8},"end":{"line":150,"column":9}},"type":"if","locations":[{"start":{"line":148,"column":8},"end":{"line":150,"column":9}},{"start":{},"end":{}}],"line":148},"26":{"loc":{"start":{"line":148,"column":12},"end":{"line":148,"column":58}},"type":"binary-expr","locations":[{"start":{"line":148,"column":12},"end":{"line":148,"column":34}},{"start":{"line":148,"column":38},"end":{"line":148,"column":58}}],"line":148},"27":{"loc":{"start":{"line":152,"column":8},"end":{"line":154,"column":9}},"type":"if","locations":[{"start":{"line":152,"column":8},"end":{"line":154,"column":9}},{"start":{},"end":{}}],"line":152},"28":{"loc":{"start":{"line":159,"column":30},"end":{"line":159,"column":53}},"type":"binary-expr","locations":[{"start":{"line":159,"column":30},"end":{"line":159,"column":47}},{"start":{"line":159,"column":51},"end":{"line":159,"column":53}}],"line":159},"29":{"loc":{"start":{"line":160,"column":23},"end":{"line":160,"column":76}},"type":"binary-expr","locations":[{"start":{"line":160,"column":23},"end":{"line":160,"column":37}},{"start":{"line":160,"column":41},"end":{"line":160,"column":76}}],"line":160},"30":{"loc":{"start":{"line":165,"column":25},"end":{"line":165,"column":44}},"type":"binary-expr","locations":[{"start":{"line":165,"column":25},"end":{"line":165,"column":39}},{"start":{"line":165,"column":43},"end":{"line":165,"column":44}}],"line":165},"31":{"loc":{"start":{"line":166,"column":22},"end":{"line":166,"column":39}},"type":"binary-expr","locations":[{"start":{"line":166,"column":22},"end":{"line":166,"column":34}},{"start":{"line":166,"column":38},"end":{"line":166,"column":39}}],"line":166},"32":{"loc":{"start":{"line":167,"column":24},"end":{"line":167,"column":43}},"type":"binary-expr","locations":[{"start":{"line":167,"column":24},"end":{"line":167,"column":38}},{"start":{"line":167,"column":42},"end":{"line":167,"column":43}}],"line":167},"33":{"loc":{"start":{"line":171,"column":55},"end":{"line":171,"column":78}},"type":"binary-expr","locations":[{"start":{"line":171,"column":55},"end":{"line":171,"column":73}},{"start":{"line":171,"column":77},"end":{"line":171,"column":78}}],"line":171},"34":{"loc":{"start":{"line":184,"column":8},"end":{"line":186,"column":9}},"type":"if","locations":[{"start":{"line":184,"column":8},"end":{"line":186,"column":9}},{"start":{},"end":{}}],"line":184},"35":{"loc":{"start":{"line":184,"column":12},"end":{"line":184,"column":34}},"type":"binary-expr","locations":[{"start":{"line":184,"column":12},"end":{"line":184,"column":22}},{"start":{"line":184,"column":26},"end":{"line":184,"column":34}}],"line":184},"36":{"loc":{"start":{"line":192,"column":8},"end":{"line":194,"column":9}},"type":"if","locations":[{"start":{"line":192,"column":8},"end":{"line":194,"column":9}},{"start":{},"end":{}}],"line":192},"37":{"loc":{"start":{"line":192,"column":12},"end":{"line":192,"column":58}},"type":"binary-expr","locations":[{"start":{"line":192,"column":12},"end":{"line":192,"column":34}},{"start":{"line":192,"column":38},"end":{"line":192,"column":58}}],"line":192},"38":{"loc":{"start":{"line":196,"column":8},"end":{"line":198,"column":9}},"type":"if","locations":[{"start":{"line":196,"column":8},"end":{"line":198,"column":9}},{"start":{},"end":{}}],"line":196},"39":{"loc":{"start":{"line":211,"column":69},"end":{"line":211,"column":97}},"type":"binary-expr","locations":[{"start":{"line":211,"column":69},"end":{"line":211,"column":92}},{"start":{"line":211,"column":96},"end":{"line":211,"column":97}}],"line":211},"40":{"loc":{"start":{"line":212,"column":20},"end":{"line":214,"column":19}},"type":"cond-expr","locations":[{"start":{"line":213,"column":18},"end":{"line":213,"column":193}},{"start":{"line":214,"column":18},"end":{"line":214,"column":19}}],"line":212},"41":{"loc":{"start":{"line":212,"column":20},"end":{"line":212,"column":95}},"type":"binary-expr","locations":[{"start":{"line":212,"column":20},"end":{"line":212,"column":47}},{"start":{"line":212,"column":51},"end":{"line":212,"column":95}}],"line":212},"42":{"loc":{"start":{"line":229,"column":8},"end":{"line":231,"column":9}},"type":"if","locations":[{"start":{"line":229,"column":8},"end":{"line":231,"column":9}},{"start":{},"end":{}}],"line":229},"43":{"loc":{"start":{"line":247,"column":38},"end":{"line":247,"column":61}},"type":"binary-expr","locations":[{"start":{"line":247,"column":38},"end":{"line":247,"column":47}},{"start":{"line":247,"column":51},"end":{"line":247,"column":61}}],"line":247},"44":{"loc":{"start":{"line":256,"column":36},"end":{"line":256,"column":74}},"type":"binary-expr","locations":[{"start":{"line":256,"column":36},"end":{"line":256,"column":69}},{"start":{"line":256,"column":73},"end":{"line":256,"column":74}}],"line":256},"45":{"loc":{"start":{"line":257,"column":34},"end":{"line":257,"column":71}},"type":"binary-expr","locations":[{"start":{"line":257,"column":34},"end":{"line":257,"column":66}},{"start":{"line":257,"column":70},"end":{"line":257,"column":71}}],"line":257},"46":{"loc":{"start":{"line":258,"column":38},"end":{"line":258,"column":72}},"type":"binary-expr","locations":[{"start":{"line":258,"column":38},"end":{"line":258,"column":67}},{"start":{"line":258,"column":71},"end":{"line":258,"column":72}}],"line":258},"47":{"loc":{"start":{"line":261,"column":8},"end":{"line":266,"column":9}},"type":"if","locations":[{"start":{"line":261,"column":8},"end":{"line":266,"column":9}},{"start":{},"end":{}}],"line":261},"48":{"loc":{"start":{"line":274,"column":8},"end":{"line":276,"column":9}},"type":"if","locations":[{"start":{"line":274,"column":8},"end":{"line":276,"column":9}},{"start":{},"end":{}}],"line":274}},"s":{"0":0,"1":0,"2":0,"3":0,"4":0,"5":0,"6":0,"7":0,"8":0,"9":0,"10":0,"11":0,"12":0,"13":0,"14":0,"15":0,"16":0,"17":0,"18":0,"19":0,"20":0,"21":0,"22":0,"23":0,"24":0,"25":0,"26":0,"27":0,"28":0,"29":0,"30":0,"31":0,"32":0,"33":0,"34":0,"35":0,"36":0,"37":0,"38":0,"39":0,"40":0,"41":0,"42":0,"43":0,"44":0,"45":0,"46":0,"47":0,"48":0,"49":0,"50":0,"51":0,"52":0,"53":0,"54":0,"55":0,"56":0,"57":0,"58":0,"59":0,"60":0,"61":0,"62":0,"63":0,"64":0,"65":0,"66":0,"67":0,"68":0,"69":0,"70":0,"71":0,"72":0,"73":0,"74":0,"75":0,"76":0,"77":0,"78":0,"79":0,"80":0,"81":0,"82":0,"83":0,"84":0,"85":0,"86":0,"87":0,"88":0,"89":0,"90":0,"91":0,"92":0,"93":0,"94":0,"95":0,"96":0,"97":0,"98":0,"99":0,"100":0,"101":0,"102":0,"103":0,"104":0,"105":0,"106":0,"107":0,"108":0,"109":0,"110":0,"111":0,"112":0,"113":0,"114":0,"115":0,"116":0,"117":0,"118":0,"119":0,"120":0,"121":0,"122":0,"123":0,"124":0,"125":0,"126":0,"127":0,"128":0,"129":0,"130":0,"131":0},"f":{"0":0,"1":0,"2":0,"3":0,"4":0,"5":0,"6":0,"7":0,"8":0,"9":0,"10":0,"11":0,"12":0,"13":0},"b":{"0":[0,0],"1":[0,0],"2":[0,0],"3":[0,0],"4":[0,0],"5":[0,0],"6":[0,0],"7":[0,0],"8":[0,0],"9":[0,0],"10":[0,0],"11":[0,0],"12":[0,0],"13":[0,0],"14":[0,0],"15":[0,0],"16":[0,0],"17":[0,0],"18":[0,0],"19":[0,0],"20":[0,0],"21":[0,0],"22":[0,0],"23":[0,0],"24":[0,0],"25":[0,0],"26":[0,0],"27":[0,0],"28":[0,0],"29":[0,0],"30":[0,0],"31":[0,0],"32":[0,0],"33":[0,0],"34":[0,0],"35":[0,0],"36":[0,0],"37":[0,0],"38":[0,0],"39":[0,0],"40":[0,0],"41":[0,0],"42":[0,0],"43":[0,0],"44":[0,0],"45":[0,0],"46":[0,0],"47":[0,0],"48":[0,0]},"inputSourceMap":null}
,"C:\\Users\\DELL\\klean-backup\\controllers\\auth.controller.js": {"path":"C:\\Users\\DELL\\klean-backup\\controllers\\auth.controller.js","statementMap":{"0":{"start":{"line":10,"column":23},"end":{"line":31,"column":1}},"1":{"start":{"line":11,"column":20},"end":{"line":16,"column":29}},"2":{"start":{"line":18,"column":24},"end":{"line":22,"column":5}},"3":{"start":{"line":24,"column":25},"end":{"line":28,"column":5}},"4":{"start":{"line":30,"column":4},"end":{"line":30,"column":41}},"5":{"start":{"line":34,"column":24},"end":{"line":109,"column":1}},"6":{"start":{"line":35,"column":4},"end":{"line":108,"column":5}},"7":{"start":{"line":36,"column":92},"end":{"line":36,"column":106}},"8":{"start":{"line":39,"column":28},"end":{"line":39,"column":40}},"9":{"start":{"line":40,"column":29},"end":{"line":40,"column":104}},"10":{"start":{"line":42,"column":29},"end":{"line":42,"column":79}},"11":{"start":{"line":43,"column":8},"end":{"line":46,"column":9}},"12":{"start":{"line":44,"column":12},"end":{"line":44,"column":78}},"13":{"start":{"line":45,"column":12},"end":{"line":45,"column":67}},"14":{"start":{"line":48,"column":23},"end":{"line":48,"column":59}},"15":{"start":{"line":51,"column":21},"end":{"line":60,"column":10}},"16":{"start":{"line":63,"column":8},"end":{"line":74,"column":9}},"17":{"start":{"line":64,"column":12},"end":{"line":73,"column":13}},"18":{"start":{"line":65,"column":41},"end":{"line":65,"column":81}},"19":{"start":{"line":66,"column":39},"end":{"line":66,"column":77}},"20":{"start":{"line":67,"column":16},"end":{"line":67,"column":115}},"21":{"start":{"line":67,"column":65},"end":{"line":67,"column":113}},"22":{"start":{"line":68,"column":16},"end":{"line":70,"column":19}},"23":{"start":{"line":69,"column":20},"end":{"line":69,"column":107}},"24":{"start":{"line":72,"column":16},"end":{"line":72,"column":83}},"25":{"start":{"line":76,"column":46},"end":{"line":76,"column":66}},"26":{"start":{"line":79,"column":8},"end":{"line":88,"column":9}},"27":{"start":{"line":80,"column":27},"end":{"line":80,"column":89}},"28":{"start":{"line":81,"column":28},"end":{"line":81,"column":52}},"29":{"start":{"line":82,"column":30},"end":{"line":82,"column":95}},"30":{"start":{"line":83,"column":12},"end":{"line":83,"column":58}},"31":{"start":{"line":84,"column":12},"end":{"line":84,"column":66}},"32":{"start":{"line":85,"column":12},"end":{"line":85,"column":30}},"33":{"start":{"line":87,"column":12},"end":{"line":87,"column":86}},"34":{"start":{"line":90,"column":8},"end":{"line":90,"column":67}},"35":{"start":{"line":92,"column":8},"end":{"line":104,"column":11}},"36":{"start":{"line":106,"column":8},"end":{"line":106,"column":59}},"37":{"start":{"line":107,"column":8},"end":{"line":107,"column":20}},"38":{"start":{"line":112,"column":21},"end":{"line":166,"column":1}},"39":{"start":{"line":113,"column":4},"end":{"line":165,"column":5}},"40":{"start":{"line":114,"column":36},"end":{"line":114,"column":50}},"41":{"start":{"line":117,"column":21},"end":{"line":117,"column":91}},"42":{"start":{"line":118,"column":8},"end":{"line":121,"column":9}},"43":{"start":{"line":119,"column":12},"end":{"line":119,"column":68}},"44":{"start":{"line":120,"column":12},"end":{"line":120,"column":62}},"45":{"start":{"line":124,"column":24},"end":{"line":124,"column":60}},"46":{"start":{"line":125,"column":8},"end":{"line":128,"column":9}},"47":{"start":{"line":126,"column":12},"end":{"line":126,"column":65}},"48":{"start":{"line":127,"column":12},"end":{"line":127,"column":62}},"49":{"start":{"line":131,"column":46},"end":{"line":131,"column":66}},"50":{"start":{"line":134,"column":8},"end":{"line":143,"column":9}},"51":{"start":{"line":135,"column":27},"end":{"line":135,"column":89}},"52":{"start":{"line":136,"column":28},"end":{"line":136,"column":52}},"53":{"start":{"line":137,"column":30},"end":{"line":137,"column":95}},"54":{"start":{"line":138,"column":12},"end":{"line":138,"column":58}},"55":{"start":{"line":139,"column":12},"end":{"line":139,"column":66}},"56":{"start":{"line":140,"column":12},"end":{"line":140,"column":30}},"57":{"start":{"line":142,"column":12},"end":{"line":142,"column":82}},"58":{"start":{"line":146,"column":8},"end":{"line":146,"column":74}},"59":{"start":{"line":148,"column":8},"end":{"line":148,"column":66}},"60":{"start":{"line":150,"column":8},"end":{"line":161,"column":11}},"61":{"start":{"line":163,"column":8},"end":{"line":163,"column":52}},"62":{"start":{"line":164,"column":8},"end":{"line":164,"column":20}},"63":{"start":{"line":169,"column":28},"end":{"line":213,"column":1}},"64":{"start":{"line":170,"column":4},"end":{"line":212,"column":5}},"65":{"start":{"line":171,"column":33},"end":{"line":171,"column":41}},"66":{"start":{"line":173,"column":8},"end":{"line":175,"column":9}},"67":{"start":{"line":174,"column":12},"end":{"line":174,"column":68}},"68":{"start":{"line":177,"column":24},"end":{"line":177,"column":80}},"69":{"start":{"line":178,"column":21},"end":{"line":178,"column":52}},"70":{"start":{"line":180,"column":8},"end":{"line":182,"column":9}},"71":{"start":{"line":181,"column":12},"end":{"line":181,"column":64}},"72":{"start":{"line":185,"column":31},"end":{"line":185,"column":93}},"73":{"start":{"line":186,"column":23},"end":{"line":186,"column":134}},"74":{"start":{"line":186,"column":61},"end":{"line":186,"column":133}},"75":{"start":{"line":187,"column":8},"end":{"line":189,"column":9}},"76":{"start":{"line":188,"column":12},"end":{"line":188,"column":75}},"77":{"start":{"line":192,"column":8},"end":{"line":192,"column":98}},"78":{"start":{"line":192,"column":69},"end":{"line":192,"column":96}},"79":{"start":{"line":194,"column":63},"end":{"line":194,"column":83}},"80":{"start":{"line":195,"column":8},"end":{"line":203,"column":9}},"81":{"start":{"line":196,"column":27},"end":{"line":196,"column":92}},"82":{"start":{"line":197,"column":31},"end":{"line":197,"column":58}},"83":{"start":{"line":198,"column":33},"end":{"line":198,"column":107}},"84":{"start":{"line":199,"column":12},"end":{"line":199,"column":80}},"85":{"start":{"line":200,"column":12},"end":{"line":200,"column":30}},"86":{"start":{"line":202,"column":12},"end":{"line":202,"column":81}},"87":{"start":{"line":205,"column":8},"end":{"line":208,"column":11}},"88":{"start":{"line":210,"column":8},"end":{"line":210,"column":60}},"89":{"start":{"line":211,"column":8},"end":{"line":211,"column":71}},"90":{"start":{"line":216,"column":22},"end":{"line":239,"column":1}},"91":{"start":{"line":217,"column":4},"end":{"line":238,"column":5}},"92":{"start":{"line":218,"column":23},"end":{"line":218,"column":35}},"93":{"start":{"line":219,"column":32},"end":{"line":219,"column":54}},"94":{"start":{"line":220,"column":8},"end":{"line":220,"column":67}},"95":{"start":{"line":220,"column":21},"end":{"line":220,"column":67}},"96":{"start":{"line":222,"column":21},"end":{"line":222,"column":48}},"97":{"start":{"line":223,"column":8},"end":{"line":223,"column":62}},"98":{"start":{"line":223,"column":19},"end":{"line":223,"column":62}},"99":{"start":{"line":225,"column":8},"end":{"line":231,"column":9}},"100":{"start":{"line":226,"column":27},"end":{"line":226,"column":92}},"101":{"start":{"line":227,"column":12},"end":{"line":227,"column":94}},"102":{"start":{"line":227,"column":73},"end":{"line":227,"column":92}},"103":{"start":{"line":230,"column":12},"end":{"line":230,"column":36}},"104":{"start":{"line":233,"column":8},"end":{"line":233,"column":26}},"105":{"start":{"line":234,"column":8},"end":{"line":234,"column":50}},"106":{"start":{"line":235,"column":8},"end":{"line":235,"column":71}},"107":{"start":{"line":237,"column":8},"end":{"line":237,"column":20}},"108":{"start":{"line":242,"column":30},"end":{"line":286,"column":1}},"109":{"start":{"line":243,"column":4},"end":{"line":285,"column":5}},"110":{"start":{"line":244,"column":26},"end":{"line":244,"column":34}},"111":{"start":{"line":246,"column":8},"end":{"line":248,"column":9}},"112":{"start":{"line":247,"column":12},"end":{"line":247,"column":66}},"113":{"start":{"line":250,"column":21},"end":{"line":250,"column":71}},"114":{"start":{"line":252,"column":31},"end":{"line":252,"column":98}},"115":{"start":{"line":254,"column":8},"end":{"line":256,"column":9}},"116":{"start":{"line":255,"column":12},"end":{"line":255,"column":64}},"117":{"start":{"line":258,"column":27},"end":{"line":258,"column":65}},"118":{"start":{"line":259,"column":8},"end":{"line":259,"column":95}},"119":{"start":{"line":260,"column":8},"end":{"line":260,"column":64}},"120":{"start":{"line":262,"column":8},"end":{"line":262,"column":55}},"121":{"start":{"line":264,"column":8},"end":{"line":278,"column":9}},"122":{"start":{"line":265,"column":37},"end":{"line":265,"column":77}},"123":{"start":{"line":266,"column":12},"end":{"line":275,"column":19}},"124":{"start":{"line":268,"column":20},"end":{"line":268,"column":92}},"125":{"start":{"line":271,"column":20},"end":{"line":271,"column":103}},"126":{"start":{"line":272,"column":20},"end":{"line":272,"column":56}},"127":{"start":{"line":273,"column":20},"end":{"line":273,"column":58}},"128":{"start":{"line":274,"column":20},"end":{"line":274,"column":67}},"129":{"start":{"line":277,"column":12},"end":{"line":277,"column":89}},"130":{"start":{"line":280,"column":8},"end":{"line":280,"column":60}},"131":{"start":{"line":283,"column":8},"end":{"line":283,"column":62}},"132":{"start":{"line":284,"column":8},"end":{"line":284,"column":20}},"133":{"start":{"line":289,"column":29},"end":{"line":353,"column":1}},"134":{"start":{"line":290,"column":4},"end":{"line":352,"column":5}},"135":{"start":{"line":291,"column":26},"end":{"line":291,"column":36}},"136":{"start":{"line":292,"column":46},"end":{"line":292,"column":54}},"137":{"start":{"line":295,"column":23},"end":{"line":295,"column":25}},"138":{"start":{"line":296,"column":8},"end":{"line":298,"column":9}},"139":{"start":{"line":297,"column":12},"end":{"line":297,"column":112}},"140":{"start":{"line":300,"column":8},"end":{"line":302,"column":9}},"141":{"start":{"line":301,"column":12},"end":{"line":301,"column":50}},"142":{"start":{"line":304,"column":8},"end":{"line":306,"column":9}},"143":{"start":{"line":305,"column":12},"end":{"line":305,"column":68}},"144":{"start":{"line":309,"column":8},"end":{"line":311,"column":9}},"145":{"start":{"line":310,"column":12},"end":{"line":310,"column":74}},"146":{"start":{"line":314,"column":28},"end":{"line":314,"column":83}},"147":{"start":{"line":317,"column":21},"end":{"line":320,"column":10}},"148":{"start":{"line":322,"column":8},"end":{"line":324,"column":9}},"149":{"start":{"line":323,"column":12},"end":{"line":323,"column":74}},"150":{"start":{"line":327,"column":8},"end":{"line":327,"column":33}},"151":{"start":{"line":328,"column":8},"end":{"line":328,"column":44}},"152":{"start":{"line":329,"column":8},"end":{"line":329,"column":46}},"153":{"start":{"line":331,"column":8},"end":{"line":331,"column":26}},"154":{"start":{"line":333,"column":8},"end":{"line":333,"column":73}},"155":{"start":{"line":336,"column":46},"end":{"line":336,"column":66}},"156":{"start":{"line":338,"column":8},"end":{"line":349,"column":11}},"157":{"start":{"line":351,"column":8},"end":{"line":351,"column":20}}},"fnMap":{"0":{"name":"(anonymous_0)","decl":{"start":{"line":10,"column":23},"end":{"line":10,"column":24}},"loc":{"start":{"line":10,"column":42},"end":{"line":31,"column":1}},"line":10},"1":{"name":"(anonymous_1)","decl":{"start":{"line":34,"column":24},"end":{"line":34,"column":25}},"loc":{"start":{"line":34,"column":50},"end":{"line":109,"column":1}},"line":34},"2":{"name":"(anonymous_2)","decl":{"start":{"line":67,"column":58},"end":{"line":67,"column":59}},"loc":{"start":{"line":67,"column":65},"end":{"line":67,"column":113}},"line":67},"3":{"name":"(anonymous_3)","decl":{"start":{"line":68,"column":87},"end":{"line":68,"column":88}},"loc":{"start":{"line":68,"column":96},"end":{"line":70,"column":17}},"line":68},"4":{"name":"(anonymous_4)","decl":{"start":{"line":112,"column":21},"end":{"line":112,"column":22}},"loc":{"start":{"line":112,"column":47},"end":{"line":166,"column":1}},"line":112},"5":{"name":"(anonymous_5)","decl":{"start":{"line":169,"column":28},"end":{"line":169,"column":29}},"loc":{"start":{"line":169,"column":54},"end":{"line":213,"column":1}},"line":169},"6":{"name":"(anonymous_6)","decl":{"start":{"line":186,"column":55},"end":{"line":186,"column":56}},"loc":{"start":{"line":186,"column":61},"end":{"line":186,"column":133}},"line":186},"7":{"name":"(anonymous_7)","decl":{"start":{"line":192,"column":63},"end":{"line":192,"column":64}},"loc":{"start":{"line":192,"column":69},"end":{"line":192,"column":96}},"line":192},"8":{"name":"(anonymous_8)","decl":{"start":{"line":216,"column":22},"end":{"line":216,"column":23}},"loc":{"start":{"line":216,"column":48},"end":{"line":239,"column":1}},"line":216},"9":{"name":"(anonymous_9)","decl":{"start":{"line":227,"column":67},"end":{"line":227,"column":68}},"loc":{"start":{"line":227,"column":73},"end":{"line":227,"column":92}},"line":227},"10":{"name":"(anonymous_10)","decl":{"start":{"line":242,"column":30},"end":{"line":242,"column":31}},"loc":{"start":{"line":242,"column":56},"end":{"line":286,"column":1}},"line":242},"11":{"name":"(anonymous_11)","decl":{"start":{"line":267,"column":22},"end":{"line":267,"column":23}},"loc":{"start":{"line":267,"column":28},"end":{"line":269,"column":17}},"line":267},"12":{"name":"(anonymous_12)","decl":{"start":{"line":270,"column":23},"end":{"line":270,"column":24}},"loc":{"start":{"line":270,"column":40},"end":{"line":275,"column":17}},"line":270},"13":{"name":"(anonymous_13)","decl":{"start":{"line":289,"column":29},"end":{"line":289,"column":30}},"loc":{"start":{"line":289,"column":55},"end":{"line":353,"column":1}},"line":289}},"branchMap":{"0":{"loc":{"start":{"line":11,"column":20},"end":{"line":16,"column":29}},"type":"cond-expr","locations":[{"start":{"line":11,"column":59},"end":{"line":16,"column":5}},{"start":{"line":16,"column":9},"end":{"line":16,"column":28}}],"line":11},"1":{"loc":{"start":{"line":11,"column":21},"end":{"line":11,"column":55}},"type":"binary-expr","locations":[{"start":{"line":11,"column":21},"end":{"line":11,"column":34}},{"start":{"line":11,"column":38},"end":{"line":11,"column":55}}],"line":11},"2":{"loc":{"start":{"line":16,"column":9},"end":{"line":16,"column":28}},"type":"binary-expr","locations":[{"start":{"line":16,"column":9},"end":{"line":16,"column":22}},{"start":{"line":16,"column":26},"end":{"line":16,"column":28}}],"line":16},"3":{"loc":{"start":{"line":21,"column":21},"end":{"line":21,"column":51}},"type":"binary-expr","locations":[{"start":{"line":21,"column":21},"end":{"line":21,"column":43}},{"start":{"line":21,"column":47},"end":{"line":21,"column":51}}],"line":21},"4":{"loc":{"start":{"line":27,"column":21},"end":{"line":27,"column":59}},"type":"binary-expr","locations":[{"start":{"line":27,"column":21},"end":{"line":27,"column":51}},{"start":{"line":27,"column":55},"end":{"line":27,"column":59}}],"line":27},"5":{"loc":{"start":{"line":36,"column":92},"end":{"line":36,"column":106}},"type":"binary-expr","locations":[{"start":{"line":36,"column":92},"end":{"line":36,"column":100}},{"start":{"line":36,"column":104},"end":{"line":36,"column":106}}],"line":36},"6":{"loc":{"start":{"line":40,"column":29},"end":{"line":40,"column":104}},"type":"cond-expr","locations":[{"start":{"line":40,"column":73},"end":{"line":40,"column":91}},{"start":{"line":40,"column":94},"end":{"line":40,"column":104}}],"line":40},"7":{"loc":{"start":{"line":43,"column":8},"end":{"line":46,"column":9}},"type":"if","locations":[{"start":{"line":43,"column":8},"end":{"line":46,"column":9}},{"start":{},"end":{}}],"line":43},"8":{"loc":{"start":{"line":48,"column":23},"end":{"line":48,"column":59}},"type":"binary-expr","locations":[{"start":{"line":48,"column":23},"end":{"line":48,"column":51}},{"start":{"line":48,"column":55},"end":{"line":48,"column":59}}],"line":48},"9":{"loc":{"start":{"line":58,"column":22},"end":{"line":58,"column":67}},"type":"cond-expr","locations":[{"start":{"line":58,"column":52},"end":{"line":58,"column":56}},{"start":{"line":58,"column":59},"end":{"line":58,"column":67}}],"line":58},"10":{"loc":{"start":{"line":63,"column":8},"end":{"line":74,"column":9}},"type":"if","locations":[{"start":{"line":63,"column":8},"end":{"line":74,"column":9}},{"start":{},"end":{}}],"line":63},"11":{"loc":{"start":{"line":82,"column":30},"end":{"line":82,"column":95}},"type":"cond-expr","locations":[{"start":{"line":82,"column":55},"end":{"line":82,"column":83}},{"start":{"line":82,"column":86},"end":{"line":82,"column":95}}],"line":82},"12":{"loc":{"start":{"line":82,"column":30},"end":{"line":82,"column":52}},"type":"binary-expr","locations":[{"start":{"line":82,"column":30},"end":{"line":82,"column":37}},{"start":{"line":82,"column":41},"end":{"line":82,"column":52}}],"line":82},"13":{"loc":{"start":{"line":83,"column":33},"end":{"line":83,"column":57}},"type":"binary-expr","locations":[{"start":{"line":83,"column":33},"end":{"line":83,"column":51}},{"start":{"line":83,"column":55},"end":{"line":83,"column":57}}],"line":83},"14":{"loc":{"start":{"line":114,"column":36},"end":{"line":114,"column":50}},"type":"binary-expr","locations":[{"start":{"line":114,"column":36},"end":{"line":114,"column":44}},{"start":{"line":114,"column":48},"end":{"line":114,"column":50}}],"line":114},"15":{"loc":{"start":{"line":118,"column":8},"end":{"line":121,"column":9}},"type":"if","locations":[{"start":{"line":118,"column":8},"end":{"line":121,"column":9}},{"start":{},"end":{}}],"line":118},"16":{"loc":{"start":{"line":118,"column":12},"end":{"line":118,"column":45}},"type":"binary-expr","locations":[{"start":{"line":118,"column":12},"end":{"line":118,"column":17}},{"start":{"line":118,"column":21},"end":{"line":118,"column":45}}],"line":118},"17":{"loc":{"start":{"line":125,"column":8},"end":{"line":128,"column":9}},"type":"if","locations":[{"start":{"line":125,"column":8},"end":{"line":128,"column":9}},{"start":{},"end":{}}],"line":125},"18":{"loc":{"start":{"line":137,"column":30},"end":{"line":137,"column":95}},"type":"cond-expr","locations":[{"start":{"line":137,"column":55},"end":{"line":137,"column":83}},{"start":{"line":137,"column":86},"end":{"line":137,"column":95}}],"line":137},"19":{"loc":{"start":{"line":137,"column":30},"end":{"line":137,"column":52}},"type":"binary-expr","locations":[{"start":{"line":137,"column":30},"end":{"line":137,"column":37}},{"start":{"line":137,"column":41},"end":{"line":137,"column":52}}],"line":137},"20":{"loc":{"start":{"line":138,"column":33},"end":{"line":138,"column":57}},"type":"binary-expr","locations":[{"start":{"line":138,"column":33},"end":{"line":138,"column":51}},{"start":{"line":138,"column":55},"end":{"line":138,"column":57}}],"line":138},"21":{"loc":{"start":{"line":173,"column":8},"end":{"line":175,"column":9}},"type":"if","locations":[{"start":{"line":173,"column":8},"end":{"line":175,"column":9}},{"start":{},"end":{}}],"line":173},"22":{"loc":{"start":{"line":180,"column":8},"end":{"line":182,"column":9}},"type":"if","locations":[{"start":{"line":180,"column":8},"end":{"line":182,"column":9}},{"start":{},"end":{}}],"line":180},"23":{"loc":{"start":{"line":180,"column":12},"end":{"line":180,"column":45}},"type":"binary-expr","locations":[{"start":{"line":180,"column":12},"end":{"line":180,"column":17}},{"start":{"line":180,"column":21},"end":{"line":180,"column":45}}],"line":180},"24":{"loc":{"start":{"line":186,"column":24},"end":{"line":186,"column":48}},"type":"binary-expr","locations":[{"start":{"line":186,"column":24},"end":{"line":186,"column":42}},{"start":{"line":186,"column":46},"end":{"line":186,"column":48}}],"line":186},"25":{"loc":{"start":{"line":186,"column":61},"end":{"line":186,"column":133}},"type":"binary-expr","locations":[{"start":{"line":186,"column":61},"end":{"line":186,"column":88}},{"start":{"line":186,"column":92},"end":{"line":186,"column":104}},{"start":{"line":186,"column":108},"end":{"line":186,"column":133}}],"line":186},"26":{"loc":{"start":{"line":187,"column":8},"end":{"line":189,"column":9}},"type":"if","locations":[{"start":{"line":187,"column":8},"end":{"line":189,"column":9}},{"start":{},"end":{}}],"line":187},"27":{"loc":{"start":{"line":192,"column":30},"end":{"line":192,"column":54}},"type":"binary-expr","locations":[{"start":{"line":192,"column":30},"end":{"line":192,"column":48}},{"start":{"line":192,"column":52},"end":{"line":192,"column":54}}],"line":192},"28":{"loc":{"start":{"line":198,"column":33},"end":{"line":198,"column":107}},"type":"cond-expr","locations":[{"start":{"line":198,"column":64},"end":{"line":198,"column":95}},{"start":{"line":198,"column":98},"end":{"line":198,"column":107}}],"line":198},"29":{"loc":{"start":{"line":198,"column":33},"end":{"line":198,"column":61}},"type":"binary-expr","locations":[{"start":{"line":198,"column":33},"end":{"line":198,"column":43}},{"start":{"line":198,"column":47},"end":{"line":198,"column":61}}],"line":198},"30":{"loc":{"start":{"line":220,"column":8},"end":{"line":220,"column":67}},"type":"if","locations":[{"start":{"line":220,"column":8},"end":{"line":220,"column":67}},{"start":{},"end":{}}],"line":220},"31":{"loc":{"start":{"line":223,"column":8},"end":{"line":223,"column":62}},"type":"if","locations":[{"start":{"line":223,"column":8},"end":{"line":223,"column":62}},{"start":{},"end":{}}],"line":223},"32":{"loc":{"start":{"line":225,"column":8},"end":{"line":231,"column":9}},"type":"if","locations":[{"start":{"line":225,"column":8},"end":{"line":231,"column":9}},{"start":{"line":228,"column":15},"end":{"line":231,"column":9}}],"line":225},"33":{"loc":{"start":{"line":227,"column":34},"end":{"line":227,"column":58}},"type":"binary-expr","locations":[{"start":{"line":227,"column":34},"end":{"line":227,"column":52}},{"start":{"line":227,"column":56},"end":{"line":227,"column":58}}],"line":227},"34":{"loc":{"start":{"line":246,"column":8},"end":{"line":248,"column":9}},"type":"if","locations":[{"start":{"line":246,"column":8},"end":{"line":248,"column":9}},{"start":{},"end":{}}],"line":246},"35":{"loc":{"start":{"line":246,"column":12},"end":{"line":246,"column":42}},"type":"binary-expr","locations":[{"start":{"line":246,"column":12},"end":{"line":246,"column":18}},{"start":{"line":246,"column":22},"end":{"line":246,"column":42}}],"line":246},"36":{"loc":{"start":{"line":254,"column":8},"end":{"line":256,"column":9}},"type":"if","locations":[{"start":{"line":254,"column":8},"end":{"line":256,"column":9}},{"start":{},"end":{}}],"line":254},"37":{"loc":{"start":{"line":296,"column":8},"end":{"line":298,"column":9}},"type":"if","locations":[{"start":{"line":296,"column":8},"end":{"line":298,"column":9}},{"start":{},"end":{}}],"line":296},"38":{"loc":{"start":{"line":296,"column":12},"end":{"line":296,"column":52}},"type":"binary-expr","locations":[{"start":{"line":296,"column":12},"end":{"line":296,"column":21}},{"start":{"line":296,"column":25},"end":{"line":296,"column":52}}],"line":296},"39":{"loc":{"start":{"line":300,"column":8},"end":{"line":302,"column":9}},"type":"if","locations":[{"start":{"line":300,"column":8},"end":{"line":302,"column":9}},{"start":{},"end":{}}],"line":300},"40":{"loc":{"start":{"line":304,"column":8},"end":{"line":306,"column":9}},"type":"if","locations":[{"start":{"line":304,"column":8},"end":{"line":306,"column":9}},{"start":{},"end":{}}],"line":304},"41":{"loc":{"start":{"line":309,"column":8},"end":{"line":311,"column":9}},"type":"if","locations":[{"start":{"line":309,"column":8},"end":{"line":311,"column":9}},{"start":{},"end":{}}],"line":309},"42":{"loc":{"start":{"line":309,"column":12},"end":{"line":309,"column":69}},"type":"binary-expr","locations":[{"start":{"line":309,"column":12},"end":{"line":309,"column":18}},{"start":{"line":309,"column":22},"end":{"line":309,"column":47}},{"start":{"line":309,"column":51},"end":{"line":309,"column":69}}],"line":309},"43":{"loc":{"start":{"line":322,"column":8},"end":{"line":324,"column":9}},"type":"if","locations":[{"start":{"line":322,"column":8},"end":{"line":324,"column":9}},{"start":{},"end":{}}],"line":322}},"s":{"0":1,"1":0,"2":0,"3":0,"4":0,"5":1,"6":0,"7":0,"8":0,"9":0,"10":0,"11":0,"12":0,"13":0,"14":0,"15":0,"16":0,"17":0,"18":0,"19":0,"20":0,"21":0,"22":0,"23":0,"24":0,"25":0,"26":0,"27":0,"28":0,"29":0,"30":0,"31":0,"32":0,"33":0,"34":0,"35":0,"36":0,"37":0,"38":1,"39":0,"40":0,"41":0,"42":0,"43":0,"44":0,"45":0,"46":0,"47":0,"48":0,"49":0,"50":0,"51":0,"52":0,"53":0,"54":0,"55":0,"56":0,"57":0,"58":0,"59":0,"60":0,"61":0,"62":0,"63":1,"64":0,"65":0,"66":0,"67":0,"68":0,"69":0,"70":0,"71":0,"72":0,"73":0,"74":0,"75":0,"76":0,"77":0,"78":0,"79":0,"80":0,"81":0,"82":0,"83":0,"84":0,"85":0,"86":0,"87":0,"88":0,"89":0,"90":1,"91":0,"92":0,"93":0,"94":0,"95":0,"96":0,"97":0,"98":0,"99":0,"100":0,"101":0,"102":0,"103":0,"104":0,"105":0,"106":0,"107":0,"108":1,"109":0,"110":0,"111":0,"112":0,"113":0,"114":0,"115":0,"116":0,"117":0,"118":0,"119":0,"120":0,"121":0,"122":0,"123":0,"124":0,"125":0,"126":0,"127":0,"128":0,"129":0,"130":0,"131":0,"132":0,"133":1,"134":0,"135":0,"136":0,"137":0,"138":0,"139":0,"140":0,"141":0,"142":0,"143":0,"144":0,"145":0,"146":0,"147":0,"148":0,"149":0,"150":0,"151":0,"152":0,"153":0,"154":0,"155":0,"156":0,"157":0},"f":{"0":0,"1":0,"2":0,"3":0,"4":0,"5":0,"6":0,"7":0,"8":0,"9":0,"10":0,"11":0,"12":0,"13":0},"b":{"0":[0,0],"1":[0,0],"2":[0,0],"3":[0,0],"4":[0,0],"5":[0,0],"6":[0,0],"7":[0,0],"8":[0,0],"9":[0,0],"10":[0,0],"11":[0,0],"12":[0,0],"13":[0,0],"14":[0,0],"15":[0,0],"16":[0,0],"17":[0,0],"18":[0,0],"19":[0,0],"20":[0,0],"21":[0,0],"22":[0,0],"23":[0,0],"24":[0,0],"25":[0,0,0],"26":[0,0],"27":[0,0],"28":[0,0],"29":[0,0],"30":[0,0],"31":[0,0],"32":[0,0],"33":[0,0],"34":[0,0],"35":[0,0],"36":[0,0],"37":[0,0],"38":[0,0],"39":[0,0],"40":[0,0],"41":[0,0],"42":[0,0,0],"43":[0,0]},"inputSourceMap":null,"_coverageSchema":"1a1c01bbd47fc00a2c39e90264f33305004495a9","hash":"bf10be00f30b4d697602dddb7f14ffa748878fb6"}
,"C:\\Users\\DELL\\klean-backup\\controllers\\branch.controller.js": {"path":"C:\\Users\\DELL\\klean-backup\\controllers\\branch.controller.js","statementMap":{"0":{"start":{"line":6,"column":28},"end":{"line":40,"column":1}},"1":{"start":{"line":7,"column":4},"end":{"line":39,"column":5}},"2":{"start":{"line":8,"column":98},"end":{"line":8,"column":106}},"3":{"start":{"line":11,"column":31},"end":{"line":11,"column":61}},"4":{"start":{"line":12,"column":8},"end":{"line":14,"column":9}},"5":{"start":{"line":13,"column":12},"end":{"line":13,"column":79}},"6":{"start":{"line":16,"column":8},"end":{"line":21,"column":9}},"7":{"start":{"line":17,"column":32},"end":{"line":17,"column":60}},"8":{"start":{"line":18,"column":12},"end":{"line":20,"column":13}},"9":{"start":{"line":19,"column":16},"end":{"line":19,"column":69}},"10":{"start":{"line":24,"column":23},"end":{"line":32,"column":10}},"11":{"start":{"line":34,"column":8},"end":{"line":34,"column":77}},"12":{"start":{"line":35,"column":8},"end":{"line":35,"column":87}},"13":{"start":{"line":37,"column":8},"end":{"line":37,"column":60}},"14":{"start":{"line":38,"column":8},"end":{"line":38,"column":20}},"15":{"start":{"line":42,"column":30},"end":{"line":69,"column":1}},"16":{"start":{"line":43,"column":4},"end":{"line":68,"column":5}},"17":{"start":{"line":44,"column":51},"end":{"line":44,"column":60}},"18":{"start":{"line":46,"column":20},"end":{"line":46,"column":22}},"19":{"start":{"line":47,"column":8},"end":{"line":49,"column":9}},"20":{"start":{"line":48,"column":12},"end":{"line":48,"column":49}},"21":{"start":{"line":51,"column":21},"end":{"line":51,"column":39}},"22":{"start":{"line":52,"column":25},"end":{"line":56,"column":36}},"23":{"start":{"line":58,"column":22},"end":{"line":58,"column":56}},"24":{"start":{"line":60,"column":8},"end":{"line":60,"column":60}},"25":{"start":{"line":61,"column":8},"end":{"line":64,"column":11}},"26":{"start":{"line":66,"column":8},"end":{"line":66,"column":63}},"27":{"start":{"line":67,"column":8},"end":{"line":67,"column":20}},"28":{"start":{"line":71,"column":29},"end":{"line":86,"column":1}},"29":{"start":{"line":72,"column":4},"end":{"line":85,"column":5}},"30":{"start":{"line":73,"column":29},"end":{"line":73,"column":39}},"31":{"start":{"line":75,"column":23},"end":{"line":75,"column":92}},"32":{"start":{"line":77,"column":8},"end":{"line":79,"column":9}},"33":{"start":{"line":78,"column":12},"end":{"line":78,"column":59}},"34":{"start":{"line":81,"column":8},"end":{"line":81,"column":76}},"35":{"start":{"line":83,"column":8},"end":{"line":83,"column":57}},"36":{"start":{"line":84,"column":8},"end":{"line":84,"column":20}},"37":{"start":{"line":88,"column":28},"end":{"line":128,"column":1}},"38":{"start":{"line":89,"column":4},"end":{"line":127,"column":5}},"39":{"start":{"line":90,"column":29},"end":{"line":90,"column":39}},"40":{"start":{"line":91,"column":24},"end":{"line":91,"column":32}},"41":{"start":{"line":94,"column":23},"end":{"line":94,"column":54}},"42":{"start":{"line":96,"column":8},"end":{"line":98,"column":9}},"43":{"start":{"line":97,"column":12},"end":{"line":97,"column":59}},"44":{"start":{"line":102,"column":31},"end":{"line":102,"column":136}},"45":{"start":{"line":104,"column":8},"end":{"line":108,"column":11}},"46":{"start":{"line":105,"column":12},"end":{"line":107,"column":13}},"47":{"start":{"line":106,"column":16},"end":{"line":106,"column":43}},"48":{"start":{"line":111,"column":8},"end":{"line":113,"column":9}},"49":{"start":{"line":112,"column":12},"end":{"line":112,"column":42}},"50":{"start":{"line":117,"column":8},"end":{"line":117,"column":28}},"51":{"start":{"line":120,"column":8},"end":{"line":120,"column":59}},"52":{"start":{"line":122,"column":8},"end":{"line":122,"column":77}},"53":{"start":{"line":123,"column":8},"end":{"line":123,"column":87}},"54":{"start":{"line":125,"column":8},"end":{"line":125,"column":60}},"55":{"start":{"line":126,"column":8},"end":{"line":126,"column":20}},"56":{"start":{"line":130,"column":28},"end":{"line":146,"column":1}},"57":{"start":{"line":131,"column":4},"end":{"line":145,"column":5}},"58":{"start":{"line":132,"column":29},"end":{"line":132,"column":39}},"59":{"start":{"line":134,"column":23},"end":{"line":134,"column":63}},"60":{"start":{"line":136,"column":8},"end":{"line":138,"column":9}},"61":{"start":{"line":137,"column":12},"end":{"line":137,"column":59}},"62":{"start":{"line":140,"column":8},"end":{"line":140,"column":54}},"63":{"start":{"line":141,"column":8},"end":{"line":141,"column":75}},"64":{"start":{"line":143,"column":8},"end":{"line":143,"column":60}},"65":{"start":{"line":144,"column":8},"end":{"line":144,"column":20}}},"fnMap":{"0":{"name":"(anonymous_0)","decl":{"start":{"line":6,"column":28},"end":{"line":6,"column":29}},"loc":{"start":{"line":6,"column":54},"end":{"line":40,"column":1}},"line":6},"1":{"name":"(anonymous_1)","decl":{"start":{"line":42,"column":30},"end":{"line":42,"column":31}},"loc":{"start":{"line":42,"column":56},"end":{"line":69,"column":1}},"line":42},"2":{"name":"(anonymous_2)","decl":{"start":{"line":71,"column":29},"end":{"line":71,"column":30}},"loc":{"start":{"line":71,"column":55},"end":{"line":86,"column":1}},"line":71},"3":{"name":"(anonymous_3)","decl":{"start":{"line":88,"column":28},"end":{"line":88,"column":29}},"loc":{"start":{"line":88,"column":54},"end":{"line":128,"column":1}},"line":88},"4":{"name":"(anonymous_4)","decl":{"start":{"line":104,"column":37},"end":{"line":104,"column":38}},"loc":{"start":{"line":104,"column":46},"end":{"line":108,"column":9}},"line":104},"5":{"name":"(anonymous_5)","decl":{"start":{"line":130,"column":28},"end":{"line":130,"column":29}},"loc":{"start":{"line":130,"column":54},"end":{"line":146,"column":1}},"line":130}},"branchMap":{"0":{"loc":{"start":{"line":12,"column":8},"end":{"line":14,"column":9}},"type":"if","locations":[{"start":{"line":12,"column":8},"end":{"line":14,"column":9}},{"start":{},"end":{}}],"line":12},"1":{"loc":{"start":{"line":16,"column":8},"end":{"line":21,"column":9}},"type":"if","locations":[{"start":{"line":16,"column":8},"end":{"line":21,"column":9}},{"start":{},"end":{}}],"line":16},"2":{"loc":{"start":{"line":18,"column":12},"end":{"line":20,"column":13}},"type":"if","locations":[{"start":{"line":18,"column":12},"end":{"line":20,"column":13}},{"start":{},"end":{}}],"line":18},"3":{"loc":{"start":{"line":44,"column":26},"end":{"line":44,"column":34}},"type":"default-arg","locations":[{"start":{"line":44,"column":33},"end":{"line":44,"column":34}}],"line":44},"4":{"loc":{"start":{"line":44,"column":36},"end":{"line":44,"column":46}},"type":"default-arg","locations":[{"start":{"line":44,"column":44},"end":{"line":44,"column":46}}],"line":44},"5":{"loc":{"start":{"line":47,"column":8},"end":{"line":49,"column":9}},"type":"if","locations":[{"start":{"line":47,"column":8},"end":{"line":49,"column":9}},{"start":{},"end":{}}],"line":47},"6":{"loc":{"start":{"line":77,"column":8},"end":{"line":79,"column":9}},"type":"if","locations":[{"start":{"line":77,"column":8},"end":{"line":79,"column":9}},{"start":{},"end":{}}],"line":77},"7":{"loc":{"start":{"line":96,"column":8},"end":{"line":98,"column":9}},"type":"if","locations":[{"start":{"line":96,"column":8},"end":{"line":98,"column":9}},{"start":{},"end":{}}],"line":96},"8":{"loc":{"start":{"line":105,"column":12},"end":{"line":107,"column":13}},"type":"if","locations":[{"start":{"line":105,"column":12},"end":{"line":107,"column":13}},{"start":{},"end":{}}],"line":105},"9":{"loc":{"start":{"line":111,"column":8},"end":{"line":113,"column":9}},"type":"if","locations":[{"start":{"line":111,"column":8},"end":{"line":113,"column":9}},{"start":{},"end":{}}],"line":111},"10":{"loc":{"start":{"line":136,"column":8},"end":{"line":138,"column":9}},"type":"if","locations":[{"start":{"line":136,"column":8},"end":{"line":138,"column":9}},{"start":{},"end":{}}],"line":136}},"s":{"0":0,"1":0,"2":0,"3":0,"4":0,"5":0,"6":0,"7":0,"8":0,"9":0,"10":0,"11":0,"12":0,"13":0,"14":0,"15":0,"16":0,"17":0,"18":0,"19":0,"20":0,"21":0,"22":0,"23":0,"24":0,"25":0,"26":0,"27":0,"28":0,"29":0,"30":0,"31":0,"32":0,"33":0,"34":0,"35":0,"36":0,"37":0,"38":0,"39":0,"40":0,"41":0,"42":0,"43":0,"44":0,"45":0,"46":0,"47":0,"48":0,"49":0,"50":0,"51":0,"52":0,"53":0,"54":0,"55":0,"56":0,"57":0,"58":0,"59":0,"60":0,"61":0,"62":0,"63":0,"64":0,"65":0},"f":{"0":0,"1":0,"2":0,"3":0,"4":0,"5":0},"b":{"0":[0,0],"1":[0,0],"2":[0,0],"3":[0],"4":[0],"5":[0,0],"6":[0,0],"7":[0,0],"8":[0,0],"9":[0,0],"10":[0,0]},"inputSourceMap":null}
,"C:\\Users\\DELL\\klean-backup\\controllers\\dashboard.controller.js": {"path":"C:\\Users\\DELL\\klean-backup\\controllers\\dashboard.controller.js","statementMap":{"0":{"start":{"line":7,"column":35},"end":{"line":64,"column":1}},"1":{"start":{"line":8,"column":4},"end":{"line":63,"column":5}},"2":{"start":{"line":9,"column":25},"end":{"line":9,"column":42}},"3":{"start":{"line":12,"column":28},"end":{"line":13,"column":63}},"4":{"start":{"line":16,"column":24},"end":{"line":36,"column":10}},"5":{"start":{"line":39,"column":25},"end":{"line":42,"column":43}},"6":{"start":{"line":45,"column":27},"end":{"line":49,"column":41}},"7":{"start":{"line":51,"column":8},"end":{"line":60,"column":11}},"8":{"start":{"line":62,"column":8},"end":{"line":62,"column":20}}},"fnMap":{"0":{"name":"(anonymous_0)","decl":{"start":{"line":7,"column":35},"end":{"line":7,"column":36}},"loc":{"start":{"line":7,"column":61},"end":{"line":64,"column":1}},"line":7}},"branchMap":{"0":{"loc":{"start":{"line":55,"column":36},"end":{"line":55,"column":75}},"type":"binary-expr","locations":[{"start":{"line":55,"column":36},"end":{"line":55,"column":70}},{"start":{"line":55,"column":74},"end":{"line":55,"column":75}}],"line":55}},"s":{"0":0,"1":0,"2":0,"3":0,"4":0,"5":0,"6":0,"7":0,"8":0},"f":{"0":0},"b":{"0":[0,0]},"inputSourceMap":null}
,"C:\\Users\\DELL\\klean-backup\\controllers\\employee.controller.js": {"path":"C:\\Users\\DELL\\klean-backup\\controllers\\employee.controller.js","statementMap":{"0":{"start":{"line":10,"column":29},"end":{"line":21,"column":1}},"1":{"start":{"line":11,"column":19},"end":{"line":11,"column":21}},"2":{"start":{"line":12,"column":4},"end":{"line":12,"column":86}},"3":{"start":{"line":12,"column":50},"end":{"line":12,"column":86}},"4":{"start":{"line":13,"column":4},"end":{"line":13,"column":143}},"5":{"start":{"line":13,"column":60},"end":{"line":13,"column":143}},"6":{"start":{"line":14,"column":4},"end":{"line":14,"column":114}},"7":{"start":{"line":14,"column":59},"end":{"line":14,"column":114}},"8":{"start":{"line":15,"column":4},"end":{"line":15,"column":101}},"9":{"start":{"line":15,"column":65},"end":{"line":15,"column":101}},"10":{"start":{"line":16,"column":4},"end":{"line":16,"column":98}},"11":{"start":{"line":16,"column":63},"end":{"line":16,"column":98}},"12":{"start":{"line":17,"column":4},"end":{"line":17,"column":99}},"13":{"start":{"line":17,"column":59},"end":{"line":17,"column":99}},"14":{"start":{"line":18,"column":4},"end":{"line":18,"column":109}},"15":{"start":{"line":18,"column":64},"end":{"line":18,"column":109}},"16":{"start":{"line":19,"column":4},"end":{"line":19,"column":119}},"17":{"start":{"line":19,"column":76},"end":{"line":19,"column":119}},"18":{"start":{"line":20,"column":4},"end":{"line":20,"column":18}},"19":{"start":{"line":24,"column":31},"end":{"line":109,"column":1}},"20":{"start":{"line":26,"column":4},"end":{"line":28,"column":5}},"21":{"start":{"line":27,"column":8},"end":{"line":27,"column":72}},"22":{"start":{"line":30,"column":20},"end":{"line":30,"column":49}},"23":{"start":{"line":31,"column":4},"end":{"line":31,"column":31}},"24":{"start":{"line":33,"column":4},"end":{"line":108,"column":5}},"25":{"start":{"line":37,"column":12},"end":{"line":37,"column":20}},"26":{"start":{"line":40,"column":23},"end":{"line":40,"column":138}},"27":{"start":{"line":41,"column":8},"end":{"line":45,"column":9}},"28":{"start":{"line":42,"column":12},"end":{"line":42,"column":45}},"29":{"start":{"line":43,"column":12},"end":{"line":43,"column":33}},"30":{"start":{"line":44,"column":12},"end":{"line":44,"column":68}},"31":{"start":{"line":48,"column":8},"end":{"line":52,"column":9}},"32":{"start":{"line":49,"column":12},"end":{"line":49,"column":45}},"33":{"start":{"line":50,"column":12},"end":{"line":50,"column":33}},"34":{"start":{"line":51,"column":12},"end":{"line":51,"column":88}},"35":{"start":{"line":55,"column":29},"end":{"line":55,"column":93}},"36":{"start":{"line":56,"column":8},"end":{"line":60,"column":9}},"37":{"start":{"line":57,"column":12},"end":{"line":57,"column":45}},"38":{"start":{"line":58,"column":12},"end":{"line":58,"column":33}},"39":{"start":{"line":59,"column":12},"end":{"line":59,"column":66}},"40":{"start":{"line":63,"column":8},"end":{"line":70,"column":9}},"41":{"start":{"line":64,"column":36},"end":{"line":64,"column":102}},"42":{"start":{"line":65,"column":12},"end":{"line":69,"column":13}},"43":{"start":{"line":66,"column":16},"end":{"line":66,"column":49}},"44":{"start":{"line":67,"column":16},"end":{"line":67,"column":37}},"45":{"start":{"line":68,"column":16},"end":{"line":68,"column":73}},"46":{"start":{"line":73,"column":26},"end":{"line":79,"column":24}},"47":{"start":{"line":82,"column":30},"end":{"line":92,"column":24}},"48":{"start":{"line":94,"column":8},"end":{"line":94,"column":42}},"49":{"start":{"line":95,"column":8},"end":{"line":95,"column":29}},"50":{"start":{"line":97,"column":8},"end":{"line":97,"column":91}},"51":{"start":{"line":99,"column":8},"end":{"line":102,"column":11}},"52":{"start":{"line":104,"column":8},"end":{"line":104,"column":41}},"53":{"start":{"line":105,"column":8},"end":{"line":105,"column":29}},"54":{"start":{"line":106,"column":8},"end":{"line":106,"column":57}},"55":{"start":{"line":107,"column":8},"end":{"line":107,"column":20}},"56":{"start":{"line":112,"column":31},"end":{"line":169,"column":1}},"57":{"start":{"line":113,"column":4},"end":{"line":168,"column":5}},"58":{"start":{"line":114,"column":79},"end":{"line":114,"column":88}},"59":{"start":{"line":117,"column":24},"end":{"line":117,"column":56}},"60":{"start":{"line":118,"column":25},"end":{"line":118,"column":61}},"61":{"start":{"line":119,"column":8},"end":{"line":119,"column":40}},"62":{"start":{"line":119,"column":26},"end":{"line":119,"column":40}},"63":{"start":{"line":121,"column":20},"end":{"line":121,"column":22}},"64":{"start":{"line":124,"column":8},"end":{"line":128,"column":9}},"65":{"start":{"line":125,"column":12},"end":{"line":125,"column":47}},"66":{"start":{"line":126,"column":15},"end":{"line":128,"column":9}},"67":{"start":{"line":127,"column":12},"end":{"line":127,"column":73}},"68":{"start":{"line":131,"column":8},"end":{"line":131,"column":77}},"69":{"start":{"line":131,"column":51},"end":{"line":131,"column":77}},"70":{"start":{"line":132,"column":8},"end":{"line":132,"column":111}},"71":{"start":{"line":132,"column":89},"end":{"line":132,"column":111}},"72":{"start":{"line":133,"column":8},"end":{"line":133,"column":69}},"73":{"start":{"line":133,"column":24},"end":{"line":133,"column":69}},"74":{"start":{"line":136,"column":8},"end":{"line":142,"column":9}},"75":{"start":{"line":137,"column":34},"end":{"line":137,"column":99}},"76":{"start":{"line":138,"column":12},"end":{"line":141,"column":14}},"77":{"start":{"line":144,"column":21},"end":{"line":144,"column":45}},"78":{"start":{"line":146,"column":26},"end":{"line":153,"column":36}},"79":{"start":{"line":155,"column":22},"end":{"line":155,"column":58}},"80":{"start":{"line":157,"column":8},"end":{"line":157,"column":85}},"81":{"start":{"line":159,"column":8},"end":{"line":164,"column":11}},"82":{"start":{"line":166,"column":8},"end":{"line":166,"column":60}},"83":{"start":{"line":167,"column":8},"end":{"line":167,"column":20}},"84":{"start":{"line":172,"column":27},"end":{"line":201,"column":1}},"85":{"start":{"line":173,"column":4},"end":{"line":200,"column":5}},"86":{"start":{"line":174,"column":31},"end":{"line":174,"column":41}},"87":{"start":{"line":176,"column":8},"end":{"line":178,"column":9}},"88":{"start":{"line":177,"column":12},"end":{"line":177,"column":69}},"89":{"start":{"line":180,"column":25},"end":{"line":183,"column":67}},"90":{"start":{"line":185,"column":8},"end":{"line":187,"column":9}},"91":{"start":{"line":186,"column":12},"end":{"line":186,"column":61}},"92":{"start":{"line":190,"column":8},"end":{"line":192,"column":9}},"93":{"start":{"line":191,"column":12},"end":{"line":191,"column":55}},"94":{"start":{"line":194,"column":8},"end":{"line":194,"column":88}},"95":{"start":{"line":196,"column":8},"end":{"line":196,"column":80}},"96":{"start":{"line":198,"column":8},"end":{"line":198,"column":59}},"97":{"start":{"line":199,"column":8},"end":{"line":199,"column":20}},"98":{"start":{"line":204,"column":30},"end":{"line":269,"column":1}},"99":{"start":{"line":205,"column":4},"end":{"line":268,"column":5}},"100":{"start":{"line":206,"column":31},"end":{"line":206,"column":41}},"101":{"start":{"line":208,"column":8},"end":{"line":210,"column":9}},"102":{"start":{"line":209,"column":12},"end":{"line":209,"column":69}},"103":{"start":{"line":213,"column":8},"end":{"line":215,"column":9}},"104":{"start":{"line":214,"column":12},"end":{"line":214,"column":75}},"105":{"start":{"line":218,"column":30},"end":{"line":218,"column":112}},"106":{"start":{"line":219,"column":24},"end":{"line":219,"column":26}},"107":{"start":{"line":221,"column":8},"end":{"line":240,"column":9}},"108":{"start":{"line":222,"column":12},"end":{"line":239,"column":13}},"109":{"start":{"line":223,"column":30},"end":{"line":223,"column":45}},"110":{"start":{"line":225,"column":16},"end":{"line":225,"column":68}},"111":{"start":{"line":225,"column":59},"end":{"line":225,"column":68}},"112":{"start":{"line":228,"column":16},"end":{"line":230,"column":17}},"113":{"start":{"line":229,"column":20},"end":{"line":229,"column":74}},"114":{"start":{"line":233,"column":16},"end":{"line":235,"column":17}},"115":{"start":{"line":234,"column":20},"end":{"line":234,"column":71}},"116":{"start":{"line":238,"column":16},"end":{"line":238,"column":90}},"117":{"start":{"line":242,"column":8},"end":{"line":244,"column":9}},"118":{"start":{"line":243,"column":12},"end":{"line":243,"column":68}},"119":{"start":{"line":246,"column":25},"end":{"line":246,"column":60}},"120":{"start":{"line":247,"column":8},"end":{"line":249,"column":9}},"121":{"start":{"line":248,"column":12},"end":{"line":248,"column":61}},"122":{"start":{"line":252,"column":8},"end":{"line":254,"column":9}},"123":{"start":{"line":253,"column":12},"end":{"line":253,"column":87}},"124":{"start":{"line":256,"column":32},"end":{"line":260,"column":58}},"125":{"start":{"line":262,"column":8},"end":{"line":262,"column":93}},"126":{"start":{"line":264,"column":8},"end":{"line":264,"column":108}},"127":{"start":{"line":266,"column":8},"end":{"line":266,"column":62}},"128":{"start":{"line":267,"column":8},"end":{"line":267,"column":20}},"129":{"start":{"line":272,"column":33},"end":{"line":321,"column":1}},"130":{"start":{"line":273,"column":4},"end":{"line":320,"column":5}},"131":{"start":{"line":274,"column":31},"end":{"line":274,"column":41}},"132":{"start":{"line":275,"column":66},"end":{"line":275,"column":74}},"133":{"start":{"line":277,"column":8},"end":{"line":279,"column":9}},"134":{"start":{"line":278,"column":12},"end":{"line":278,"column":69}},"135":{"start":{"line":282,"column":8},"end":{"line":282,"column":89}},"136":{"start":{"line":282,"column":30},"end":{"line":282,"column":89}},"137":{"start":{"line":283,"column":8},"end":{"line":283,"column":93}},"138":{"start":{"line":283,"column":32},"end":{"line":283,"column":93}},"139":{"start":{"line":284,"column":8},"end":{"line":284,"column":123}},"140":{"start":{"line":284,"column":52},"end":{"line":284,"column":123}},"141":{"start":{"line":287,"column":8},"end":{"line":289,"column":9}},"142":{"start":{"line":288,"column":12},"end":{"line":288,"column":78}},"143":{"start":{"line":291,"column":25},"end":{"line":291,"column":60}},"144":{"start":{"line":292,"column":8},"end":{"line":294,"column":9}},"145":{"start":{"line":293,"column":12},"end":{"line":293,"column":61}},"146":{"start":{"line":297,"column":8},"end":{"line":299,"column":9}},"147":{"start":{"line":298,"column":12},"end":{"line":298,"column":90}},"148":{"start":{"line":301,"column":35},"end":{"line":312,"column":9}},"149":{"start":{"line":314,"column":8},"end":{"line":314,"column":99}},"150":{"start":{"line":316,"column":8},"end":{"line":316,"column":114}},"151":{"start":{"line":318,"column":8},"end":{"line":318,"column":65}},"152":{"start":{"line":319,"column":8},"end":{"line":319,"column":20}},"153":{"start":{"line":324,"column":30},"end":{"line":362,"column":1}},"154":{"start":{"line":325,"column":4},"end":{"line":361,"column":5}},"155":{"start":{"line":326,"column":31},"end":{"line":326,"column":41}},"156":{"start":{"line":328,"column":8},"end":{"line":330,"column":9}},"157":{"start":{"line":329,"column":12},"end":{"line":329,"column":69}},"158":{"start":{"line":333,"column":8},"end":{"line":335,"column":9}},"159":{"start":{"line":334,"column":12},"end":{"line":334,"column":81}},"160":{"start":{"line":337,"column":25},"end":{"line":337,"column":60}},"161":{"start":{"line":338,"column":8},"end":{"line":340,"column":9}},"162":{"start":{"line":339,"column":12},"end":{"line":339,"column":61}},"163":{"start":{"line":343,"column":24},"end":{"line":343,"column":69}},"164":{"start":{"line":344,"column":22},"end":{"line":344,"column":65}},"165":{"start":{"line":346,"column":29},"end":{"line":346,"column":73}},"166":{"start":{"line":347,"column":27},"end":{"line":347,"column":69}},"167":{"start":{"line":349,"column":8},"end":{"line":351,"column":9}},"168":{"start":{"line":350,"column":12},"end":{"line":350,"column":158}},"169":{"start":{"line":353,"column":8},"end":{"line":353,"column":53}},"170":{"start":{"line":355,"column":8},"end":{"line":355,"column":86}},"171":{"start":{"line":357,"column":8},"end":{"line":357,"column":77}},"172":{"start":{"line":359,"column":8},"end":{"line":359,"column":62}},"173":{"start":{"line":360,"column":8},"end":{"line":360,"column":20}},"174":{"start":{"line":365,"column":35},"end":{"line":393,"column":1}},"175":{"start":{"line":366,"column":4},"end":{"line":392,"column":5}},"176":{"start":{"line":367,"column":27},"end":{"line":367,"column":37}},"177":{"start":{"line":369,"column":8},"end":{"line":371,"column":9}},"178":{"start":{"line":370,"column":12},"end":{"line":370,"column":65}},"179":{"start":{"line":373,"column":25},"end":{"line":376,"column":43}},"180":{"start":{"line":378,"column":8},"end":{"line":380,"column":9}},"181":{"start":{"line":379,"column":12},"end":{"line":379,"column":82}},"182":{"start":{"line":383,"column":8},"end":{"line":385,"column":9}},"183":{"start":{"line":384,"column":12},"end":{"line":384,"column":55}},"184":{"start":{"line":388,"column":8},"end":{"line":388,"column":74}},"185":{"start":{"line":390,"column":8},"end":{"line":390,"column":70}},"186":{"start":{"line":391,"column":8},"end":{"line":391,"column":20}}},"fnMap":{"0":{"name":"(anonymous_0)","decl":{"start":{"line":10,"column":29},"end":{"line":10,"column":30}},"loc":{"start":{"line":10,"column":39},"end":{"line":21,"column":1}},"line":10},"1":{"name":"(anonymous_1)","decl":{"start":{"line":24,"column":31},"end":{"line":24,"column":32}},"loc":{"start":{"line":24,"column":57},"end":{"line":109,"column":1}},"line":24},"2":{"name":"(anonymous_2)","decl":{"start":{"line":112,"column":31},"end":{"line":112,"column":32}},"loc":{"start":{"line":112,"column":57},"end":{"line":169,"column":1}},"line":112},"3":{"name":"(anonymous_3)","decl":{"start":{"line":172,"column":27},"end":{"line":172,"column":28}},"loc":{"start":{"line":172,"column":53},"end":{"line":201,"column":1}},"line":172},"4":{"name":"(anonymous_4)","decl":{"start":{"line":204,"column":30},"end":{"line":204,"column":31}},"loc":{"start":{"line":204,"column":56},"end":{"line":269,"column":1}},"line":204},"5":{"name":"(anonymous_5)","decl":{"start":{"line":272,"column":33},"end":{"line":272,"column":34}},"loc":{"start":{"line":272,"column":59},"end":{"line":321,"column":1}},"line":272},"6":{"name":"(anonymous_6)","decl":{"start":{"line":324,"column":30},"end":{"line":324,"column":31}},"loc":{"start":{"line":324,"column":56},"end":{"line":362,"column":1}},"line":324},"7":{"name":"(anonymous_7)","decl":{"start":{"line":365,"column":35},"end":{"line":365,"column":36}},"loc":{"start":{"line":365,"column":61},"end":{"line":393,"column":1}},"line":365}},"branchMap":{"0":{"loc":{"start":{"line":12,"column":4},"end":{"line":12,"column":86}},"type":"if","locations":[{"start":{"line":12,"column":4},"end":{"line":12,"column":86}},{"start":{},"end":{}}],"line":12},"1":{"loc":{"start":{"line":12,"column":8},"end":{"line":12,"column":48}},"type":"binary-expr","locations":[{"start":{"line":12,"column":8},"end":{"line":12,"column":19}},{"start":{"line":12,"column":23},"end":{"line":12,"column":48}}],"line":12},"2":{"loc":{"start":{"line":13,"column":4},"end":{"line":13,"column":143}},"type":"if","locations":[{"start":{"line":13,"column":4},"end":{"line":13,"column":143}},{"start":{},"end":{}}],"line":13},"3":{"loc":{"start":{"line":13,"column":8},"end":{"line":13,"column":58}},"type":"binary-expr","locations":[{"start":{"line":13,"column":8},"end":{"line":13,"column":22}},{"start":{"line":13,"column":26},"end":{"line":13,"column":58}}],"line":13},"4":{"loc":{"start":{"line":14,"column":4},"end":{"line":14,"column":114}},"type":"if","locations":[{"start":{"line":14,"column":4},"end":{"line":14,"column":114}},{"start":{},"end":{}}],"line":14},"5":{"loc":{"start":{"line":14,"column":8},"end":{"line":14,"column":57}},"type":"binary-expr","locations":[{"start":{"line":14,"column":8},"end":{"line":14,"column":22}},{"start":{"line":14,"column":26},"end":{"line":14,"column":57}}],"line":14},"6":{"loc":{"start":{"line":15,"column":4},"end":{"line":15,"column":101}},"type":"if","locations":[{"start":{"line":15,"column":4},"end":{"line":15,"column":101}},{"start":{},"end":{}}],"line":15},"7":{"loc":{"start":{"line":15,"column":8},"end":{"line":15,"column":63}},"type":"binary-expr","locations":[{"start":{"line":15,"column":8},"end":{"line":15,"column":25}},{"start":{"line":15,"column":29},"end":{"line":15,"column":63}}],"line":15},"8":{"loc":{"start":{"line":16,"column":4},"end":{"line":16,"column":98}},"type":"if","locations":[{"start":{"line":16,"column":4},"end":{"line":16,"column":98}},{"start":{},"end":{}}],"line":16},"9":{"loc":{"start":{"line":16,"column":8},"end":{"line":16,"column":61}},"type":"binary-expr","locations":[{"start":{"line":16,"column":8},"end":{"line":16,"column":24}},{"start":{"line":16,"column":28},"end":{"line":16,"column":61}}],"line":16},"10":{"loc":{"start":{"line":17,"column":4},"end":{"line":17,"column":99}},"type":"if","locations":[{"start":{"line":17,"column":4},"end":{"line":17,"column":99}},{"start":{},"end":{}}],"line":17},"11":{"loc":{"start":{"line":17,"column":8},"end":{"line":17,"column":57}},"type":"binary-expr","locations":[{"start":{"line":17,"column":8},"end":{"line":17,"column":22}},{"start":{"line":17,"column":26},"end":{"line":17,"column":57}}],"line":17},"12":{"loc":{"start":{"line":18,"column":4},"end":{"line":18,"column":109}},"type":"if","locations":[{"start":{"line":18,"column":4},"end":{"line":18,"column":109}},{"start":{},"end":{}}],"line":18},"13":{"loc":{"start":{"line":18,"column":8},"end":{"line":18,"column":62}},"type":"binary-expr","locations":[{"start":{"line":18,"column":8},"end":{"line":18,"column":22}},{"start":{"line":18,"column":26},"end":{"line":18,"column":62}}],"line":18},"14":{"loc":{"start":{"line":19,"column":4},"end":{"line":19,"column":119}},"type":"if","locations":[{"start":{"line":19,"column":4},"end":{"line":19,"column":119}},{"start":{},"end":{}}],"line":19},"15":{"loc":{"start":{"line":19,"column":8},"end":{"line":19,"column":74}},"type":"binary-expr","locations":[{"start":{"line":19,"column":8},"end":{"line":19,"column":30}},{"start":{"line":19,"column":34},"end":{"line":19,"column":74}}],"line":19},"16":{"loc":{"start":{"line":26,"column":4},"end":{"line":28,"column":5}},"type":"if","locations":[{"start":{"line":26,"column":4},"end":{"line":28,"column":5}},{"start":{},"end":{}}],"line":26},"17":{"loc":{"start":{"line":41,"column":8},"end":{"line":45,"column":9}},"type":"if","locations":[{"start":{"line":41,"column":8},"end":{"line":45,"column":9}},{"start":{},"end":{}}],"line":41},"18":{"loc":{"start":{"line":48,"column":8},"end":{"line":52,"column":9}},"type":"if","locations":[{"start":{"line":48,"column":8},"end":{"line":52,"column":9}},{"start":{},"end":{}}],"line":48},"19":{"loc":{"start":{"line"
[...]
,"C:\\Users\\DELL\\klean-backup\\utils\\scheduledJobs.js": {"path":"C:\\Users\\DELL\\klean-backup\\utils\\scheduledJobs.js","statementMap":{"0":{"start":{"line":12,"column":28},"end":{"line":35,"column":1}},"1":{"start":{"line":15,"column":4},"end":{"line":30,"column":5}},"2":{"start":{"line":15,"column":23},"end":{"line":15,"column":24}},"3":{"start":{"line":16,"column":8},"end":{"line":29,"column":9}},"4":{"start":{"line":17,"column":12},"end":{"line":17,"column":24}},"5":{"start":{"line":18,"column":12},"end":{"line":18,"column":19}},"6":{"start":{"line":20,"column":12},"end":{"line":20,"column":30}},"7":{"start":{"line":21,"column":12},"end":{"line":21,"column":96}},"8":{"start":{"line":23,"column":12},"end":{"line":28,"column":13}},"9":{"start":{"line":25,"column":30},"end":{"line":25,"column":61}},"10":{"start":{"line":26,"column":16},"end":{"line":26,"column":57}},"11":{"start":{"line":27,"column":16},"end":{"line":27,"column":73}},"12":{"start":{"line":27,"column":45},"end":{"line":27,"column":71}},"13":{"start":{"line":33,"column":4},"end":{"line":33,"column":86}},"14":{"start":{"line":37,"column":39},"end":{"line":106,"column":1}},"15":{"start":{"line":38,"column":4},"end":{"line":38,"column":67}},"16":{"start":{"line":41,"column":4},"end":{"line":48,"column":7}},"17":{"start":{"line":42,"column":8},"end":{"line":42,"column":60}},"18":{"start":{"line":43,"column":8},"end":{"line":47,"column":10}},"19":{"start":{"line":44,"column":18},"end":{"line":44,"column":61}},"20":{"start":{"line":51,"column":4},"end":{"line":58,"column":7}},"21":{"start":{"line":52,"column":8},"end":{"line":52,"column":53}},"22":{"start":{"line":53,"column":8},"end":{"line":57,"column":10}},"23":{"start":{"line":54,"column":18},"end":{"line":54,"column":69}},"24":{"start":{"line":61,"column":4},"end":{"line":82,"column":7}},"25":{"start":{"line":62,"column":8},"end":{"line":62,"column":52}},"26":{"start":{"line":63,"column":8},"end":{"line":81,"column":10}},"27":{"start":{"line":65,"column":30},"end":{"line":65,"column":73}},"28":{"start":{"line":68,"column":36},"end":{"line":71,"column":18}},"29":{"start":{"line":73,"column":16},"end":{"line":75,"column":17}},"30":{"start":{"line":74,"column":20},"end":{"line":74,"column":77}},"31":{"start":{"line":77,"column":16},"end":{"line":77,"column":87}},"32":{"start":{"line":85,"column":4},"end":{"line":103,"column":7}},"33":{"start":{"line":86,"column":8},"end":{"line":86,"column":56}},"34":{"start":{"line":87,"column":8},"end":{"line":102,"column":10}},"35":{"start":{"line":89,"column":37},"end":{"line":89,"column":87}},"36":{"start":{"line":90,"column":38},"end":{"line":90,"column":48}},"37":{"start":{"line":91,"column":16},"end":{"line":91,"column":68}},"38":{"start":{"line":93,"column":31},"end":{"line":96,"column":18}},"39":{"start":{"line":98,"column":16},"end":{"line":98,"column":80}},"40":{"start":{"line":105,"column":4},"end":{"line":105,"column":59}}},"fnMap":{"0":{"name":"(anonymous_0)","decl":{"start":{"line":12,"column":28},"end":{"line":12,"column":29}},"loc":{"start":{"line":12,"column":68},"end":{"line":35,"column":1}},"line":12},"1":{"name":"(anonymous_1)","decl":{"start":{"line":27,"column":34},"end":{"line":27,"column":35}},"loc":{"start":{"line":27,"column":45},"end":{"line":27,"column":71}},"line":27},"2":{"name":"(anonymous_2)","decl":{"start":{"line":37,"column":39},"end":{"line":37,"column":40}},"loc":{"start":{"line":37,"column":45},"end":{"line":106,"column":1}},"line":37},"3":{"name":"(anonymous_3)","decl":{"start":{"line":41,"column":31},"end":{"line":41,"column":32}},"loc":{"start":{"line":41,"column":43},"end":{"line":48,"column":5}},"line":41},"4":{"name":"(anonymous_4)","decl":{"start":{"line":44,"column":12},"end":{"line":44,"column":13}},"loc":{"start":{"line":44,"column":18},"end":{"line":44,"column":61}},"line":44},"5":{"name":"(anonymous_5)","decl":{"start":{"line":51,"column":33},"end":{"line":51,"column":34}},"loc":{"start":{"line":51,"column":45},"end":{"line":58,"column":5}},"line":51},"6":{"name":"(anonymous_6)","decl":{"start":{"line":54,"column":12},"end":{"line":54,"column":13}},"loc":{"start":{"line":54,"column":18},"end":{"line":54,"column":69}},"line":54},"7":{"name":"(anonymous_7)","decl":{"start":{"line":61,"column":32},"end":{"line":61,"column":33}},"loc":{"start":{"line":61,"column":44},"end":{"line":82,"column":5}},"line":61},"8":{"name":"(anonymous_8)","decl":{"start":{"line":64,"column":12},"end":{"line":64,"column":13}},"loc":{"start":{"line":64,"column":24},"end":{"line":78,"column":13}},"line":64},"9":{"name":"(anonymous_9)","decl":{"start":{"line":85,"column":31},"end":{"line":85,"column":32}},"loc":{"start":{"line":85,"column":43},"end":{"line":103,"column":5}},"line":85},"10":{"name":"(anonymous_10)","decl":{"start":{"line":88,"column":12},"end":{"line":88,"column":13}},"loc":{"start":{"line":88,"column":24},"end":{"line":99,"column":13}},"line":88}},"branchMap":{"0":{"loc":{"start":{"line":12,"column":49},"end":{"line":12,"column":63}},"type":"default-arg","locations":[{"start":{"line":12,"column":62},"end":{"line":12,"column":63}}],"line":12},"1":{"loc":{"start":{"line":23,"column":12},"end":{"line":28,"column":13}},"type":"if","locations":[{"start":{"line":23,"column":12},"end":{"line":28,"column":13}},{"start":{},"end":{}}],"line":23}},"s":{"0":0,"1":0,"2":0,"3":0,"4":0,"5":0,"6":0,"7":0,"8":0,"9":0,"10":0,"11":0,"12":0,"13":0,"14":0,"15":0,"16":0,"17":0,"18":0,"19":0,"20":0,"21":0,"22":0,"23":0,"24":0,"25":0,"26":0,"27":0,"28":0,"29":0,"30":0,"31":0,"32":0,"33":0,"34":0,"35":0,"36":0,"37":0,"38":0,"39":0,"40":0},"f":{"0":0,"1":0,"2":0,"3":0,"4":0,"5":0,"6":0,"7":0,"8":0,"9":0,"10":0},"b":{"0":[0],"1":[0,0]},"inputSourceMap":null}
,"C:\\Users\\DELL\\klean-backup\\utils\\smsService.js": {"path":"C:\\Users\\DELL\\klean-backup\\utils\\smsService.js","statementMap":{"0":{"start":{"line":5,"column":15},"end":{"line":5,"column":84}},"1":{"start":{"line":7,"column":26},"end":{"line":106,"column":1}},"2":{"start":{"line":12,"column":8},"end":{"line":23,"column":9}},"3":{"start":{"line":13,"column":12},"end":{"line":17,"column":15}},"4":{"start":{"line":18,"column":12},"end":{"line":18,"column":62}},"5":{"start":{"line":19,"column":12},"end":{"line":19,"column":24}},"6":{"start":{"line":21,"column":12},"end":{"line":21,"column":67}},"7":{"start":{"line":22,"column":12},"end":{"line":22,"column":25}},"8":{"start":{"line":30,"column":8},"end":{"line":41,"column":9}},"9":{"start":{"line":31,"column":12},"end":{"line":35,"column":15}},"10":{"start":{"line":36,"column":12},"end":{"line":36,"column":70}},"11":{"start":{"line":37,"column":12},"end":{"line":37,"column":24}},"12":{"start":{"line":39,"column":12},"end":{"line":39,"column":75}},"13":{"start":{"line":40,"column":12},"end":{"line":40,"column":25}},"14":{"start":{"line":48,"column":31},"end":{"line":55,"column":9}},"15":{"start":{"line":57,"column":8},"end":{"line":68,"column":9}},"16":{"start":{"line":58,"column":12},"end":{"line":62,"column":15}},"17":{"start":{"line":63,"column":12},"end":{"line":63,"column":67}},"18":{"start":{"line":64,"column":12},"end":{"line":64,"column":24}},"19":{"start":{"line":66,"column":12},"end":{"line":66,"column":72}},"20":{"start":{"line":67,"column":12},"end":{"line":67,"column":25}},"21":{"start":{"line":75,"column":8},"end":{"line":86,"column":9}},"22":{"start":{"line":76,"column":12},"end":{"line":80,"column":15}},"23":{"start":{"line":81,"column":12},"end":{"line":81,"column":54}},"24":{"start":{"line":82,"column":12},"end":{"line":82,"column":24}},"25":{"start":{"line":84,"column":12},"end":{"line":84,"column":59}},"26":{"start":{"line":85,"column":12},"end":{"line":85,"column":25}},"27":{"start":{"line":93,"column":8},"end":{"line":104,"column":9}},"28":{"start":{"line":94,"column":12},"end":{"line":98,"column":15}},"29":{"start":{"line":99,"column":12},"end":{"line":99,"column":71}},"30":{"start":{"line":100,"column":12},"end":{"line":100,"column":24}},"31":{"start":{"line":102,"column":12},"end":{"line":102,"column":76}},"32":{"start":{"line":103,"column":12},"end":{"line":103,"column":25}}},"fnMap":{"0":{"name":"(anonymous_0)","decl":{"start":{"line":11,"column":20},"end":{"line":11,"column":21}},"loc":{"start":{"line":11,"column":53},"end":{"line":24,"column":5}},"line":11},"1":{"name":"(anonymous_1)","decl":{"start":{"line":29,"column":26},"end":{"line":29,"column":27}},"loc":{"start":{"line":29,"column":60},"end":{"line":42,"column":5}},"line":29},"2":{"name":"(anonymous_2)","decl":{"start":{"line":47,"column":24},"end":{"line":47,"column":25}},"loc":{"start":{"line":47,"column":68},"end":{"line":69,"column":5}},"line":47},"3":{"name":"(anonymous_3)","decl":{"start":{"line":74,"column":13},"end":{"line":74,"column":14}},"loc":{"start":{"line":74,"column":41},"end":{"line":87,"column":5}},"line":74},"4":{"name":"(anonymous_4)","decl":{"start":{"line":92,"column":28},"end":{"line":92,"column":29}},"loc":{"start":{"line":92,"column":72},"end":{"line":105,"column":5}},"line":92}},"branchMap":{},"s":{"0":0,"1":0,"2":0,"3":0,"4":0,"5":0,"6":0,"7":0,"8":0,"9":0,"10":0,"11":0,"12":0,"13":0,"14":0,"15":0,"16":0,"17":0,"18":0,"19":0,"20":0,"21":0,"22":0,"23":0,"24":0,"25":0,"26":0,"27":0,"28":0,"29":0,"30":0,"31":0,"32":0},"f":{"0":0,"1":0,"2":0,"3":0,"4":0},"b":{},"inputSourceMap":null}
,"C:\\Users\\DELL\\klean-backup\\utils\\upload.js": {"path":"C:\\Users\\DELL\\klean-backup\\utils\\upload.js","statementMap":{"0":{"start":{"line":6,"column":0},"end":{"line":6,"column":16}},"1":{"start":{"line":9,"column":0},"end":{"line":13,"column":2}},"2":{"start":{"line":16,"column":16},"end":{"line":35,"column":2}},"3":{"start":{"line":19,"column":23},"end":{"line":23,"column":19}},"4":{"start":{"line":25,"column":31},"end":{"line":27,"column":47}},"5":{"start":{"line":29,"column":8},"end":{"line":33,"column":9}},"6":{"start":{"line":38,"column":15},"end":{"line":57,"column":2}},"7":{"start":{"line":42,"column":28},"end":{"line":42,"column":99}},"8":{"start":{"line":43,"column":29},"end":{"line":43,"column":135}},"9":{"start":{"line":45,"column":8},"end":{"line":49,"column":9}},"10":{"start":{"line":46,"column":26},"end":{"line":46,"column":56}},"11":{"start":{"line":47,"column":12},"end":{"line":47,"column":45}},"12":{"start":{"line":48,"column":12},"end":{"line":48,"column":28}},"13":{"start":{"line":50,"column":8},"end":{"line":50,"column":23}},"14":{"start":{"line":60,"column":25},"end":{"line":72,"column":1}},"15":{"start":{"line":61,"column":4},"end":{"line":71,"column":6}},"16":{"start":{"line":62,"column":8},"end":{"line":65,"column":9}},"17":{"start":{"line":63,"column":32},"end":{"line":63,"column":104}},"18":{"start":{"line":64,"column":12},"end":{"line":64,"column":93}},"19":{"start":{"line":66,"column":8},"end":{"line":69,"column":9}},"20":{"start":{"line":67,"column":32},"end":{"line":67,"column":115}},"21":{"start":{"line":68,"column":12},"end":{"line":68,"column":104}},"22":{"start":{"line":70,"column":8},"end":{"line":70,"column":14}},"23":{"start":{"line":80,"column":85},"end":{"line":80,"column":46427}},"24":{"start":{"line":80,"column":89},"end":{"line":80,"column":46399}},"25":{"start":{"line":80,"column":46409},"end":{"line":80,"column":46426}}},"fnMap":{"0":{"name":"(anonymous_0)","decl":{"start":{"line":18,"column":12},"end":{"line":18,"column":13}},"loc":{"start":{"line":18,"column":27},"end":{"line":34,"column":5}},"line":18},"1":{"name":"(anonymous_1)","decl":{"start":{"line":41,"column":4},"end":{"line":41,"column":5}},"loc":{"start":{"line":41,"column":30},"end":{"line":51,"column":5}},"line":41},"2":{"name":"(anonymous_2)","decl":{"start":{"line":60,"column":25},"end":{"line":60,"column":26}},"loc":{"start":{"line":60,"column":45},"end":{"line":72,"column":1}},"line":60},"3":{"name":"(anonymous_3)","decl":{"start":{"line":61,"column":21},"end":{"line":61,"column":22}},"loc":{"start":{"line":61,"column":30},"end":{"line":71,"column":5}},"line":61},"4":{"name":"oo_cm","decl":{"start":{"line":80,"column":77},"end":{"line":80,"column":82}},"loc":{"start":{"line":80,"column":84},"end":{"line":80,"column":46428}},"line":80}},"branchMap":{"0":{"loc":{"start":{"line":19,"column":23},"end":{"line":23,"column":19}},"type":"cond-expr","locations":[{"start":{"line":20,"column":10},"end":{"line":20,"column":26}},{"start":{"line":21,"column":10},"end":{"line":23,"column":19}}],"line":19},"1":{"loc":{"start":{"line":21,"column":10},"end":{"line":23,"column":19}},"type":"cond-expr","locations":[{"start":{"line":22,"column":10},"end":{"line":22,"column":19}},{"start":{"line":23,"column":10},"end":{"line":23,"column":19}}],"line":21},"2":{"loc":{"start":{"line":21,"column":11},"end":{"line":21,"column":72}},"type":"binary-expr","locations":[{"start":{"line":21,"column":11},"end":{"line":21,"column":38}},{"start":{"line":21,"column":42},"end":{"line":21,"column":72}}],"line":21},"3":{"loc":{"start":{"line":25,"column":31},"end":{"line":27,"column":47}},"type":"cond-expr","locations":[{"start":{"line":26,"column":10},"end":{"line":26,"column":31}},{"start":{"line":27,"column":10},"end":{"line":27,"column":47}}],"line":25},"4":{"loc":{"start":{"line":32,"column":27},"end":{"line":32,"column":81}},"type":"cond-expr","locations":[{"start":{"line":32,"column":64},"end":{"line":32,"column":71}},{"start":{"line":32,"column":74},"end":{"line":32,"column":81}}],"line":32},"5":{"loc":{"start":{"line":45,"column":8},"end":{"line":49,"column":9}},"type":"if","locations":[{"start":{"line":45,"column":8},"end":{"line":49,"column":9}},{"start":{},"end":{}}],"line":45},"6":{"loc":{"start":{"line":62,"column":8},"end":{"line":65,"column":9}},"type":"if","locations":[{"start":{"line":62,"column":8},"end":{"line":65,"column":9}},{"start":{},"end":{}}],"line":62},"7":{"loc":{"start":{"line":66,"column":8},"end":{"line":69,"column":9}},"type":"if","locations":[{"start":{"line":66,"column":8},"end":{"line":69,"column":9}},{"start":{},"end":{}}],"line":66},"8":{"loc":{"start":{"line":68,"column":72},"end":{"line":68,"column":102}},"type":"binary-expr","locations":[{"start":{"line":68,"column":72},"end":{"line":68,"column":83}},{"start":{"line":68,"column":87},"end":{"line":68,"column":102}}],"line":68},"9":{"loc":{"start":{"line":80,"column":96},"end":{"line":80,"column":46398}},"type":"binary-expr","locations":[{"start":{"line":80,"column":96},"end":{"line":80,"column":133}},{"start":{"line":80,"column":137},"end":{"line":80,"column":46398}}],"line":80}},"s":{"0":0,"1":0,"2":0,"3":0,"4":0,"5":0,"6":0,"7":0,"8":0,"9":0,"10":0,"11":0,"12":0,"13":0,"14":0,"15":0,"16":0,"17":0,"18":0,"19":0,"20":0,"21":0,"22":0,"23":0,"24":0,"25":0},"f":{"0":0,"1":0,"2":0,"3":0,"4":0},"b":{"0":[0,0],"1":[0,0],"2":[0,0],"3":[0,0],"4":[0,0],"5":[0,0],"6":[0,0],"7":[0,0],"8":[0,0],"9":[0,0]},"inputSourceMap":null}
,"C:\\Users\\DELL\\klean-backup\\utils\\validators.js": {"path":"C:\\Users\\DELL\\klean-backup\\utils\\validators.js","statementMap":{"0":{"start":{"line":2,"column":26},"end":{"line":2,"column":54}},"1":{"start":{"line":5,"column":26},"end":{"line":5,"column":44}},"2":{"start":{"line":8,"column":28},"end":{"line":8,"column":61}},"3":{"start":{"line":8,"column":39},"end":{"line":8,"column":61}},"4":{"start":{"line":11,"column":32},"end":{"line":14,"column":1}},"5":{"start":{"line":12,"column":32},"end":{"line":12,"column":102}},"6":{"start":{"line":13,"column":4},"end":{"line":13,"column":46}},"7":{"start":{"line":17,"column":28},"end":{"line":17,"column":61}},"8":{"start":{"line":17,"column":39},"end":{"line":17,"column":61}},"9":{"start":{"line":20,"column":29},"end":{"line":28,"column":1}},"10":{"start":{"line":21,"column":4},"end":{"line":21,"column":48}},"11":{"start":{"line":21,"column":35},"end":{"line":21,"column":48}},"12":{"start":{"line":23,"column":4},"end":{"line":27,"column":47}},"13":{"start":{"line":31,"column":32},"end":{"line":34,"column":1}},"14":{"start":{"line":32,"column":4},"end":{"line":32,"column":45}},"15":{"start":{"line":32,"column":35},"end":{"line":32,"column":45}},"16":{"start":{"line":33,"column":4},"end":{"line":33,"column":76}},"17":{"start":{"line":37,"column":31},"end":{"line":37,"column":67}},"18":{"start":{"line":37,"column":39},"end":{"line":37,"column":67}},"19":{"start":{"line":40,"column":30},"end":{"line":49,"column":1}},"20":{"start":{"line":41,"column":22},"end":{"line":41,"column":24}},"21":{"start":{"line":42,"column":4},"end":{"line":47,"column":5}},"22":{"start":{"line":43,"column":8},"end":{"line":46,"column":9}},"23":{"start":{"line":44,"column":26},"end":{"line":44,"column":36}},"24":{"start":{"line":45,"column":12},"end":{"line":45,"column":88}},"25":{"start":{"line":48,"column":4},"end":{"line":48,"column":21}}},"fnMap":{"0":{"name":"(anonymous_0)","decl":{"start":{"line":8,"column":28},"end":{"line":8,"column":29}},"loc":{"start":{"line":8,"column":39},"end":{"line":8,"column":61}},"line":8},"1":{"name":"(anonymous_1)","decl":{"start":{"line":11,"column":32},"end":{"line":11,"column":33}},"loc":{"start":{"line":11,"column":46},"end":{"line":14,"column":1}},"line":11},"2":{"name":"(anonymous_2)","decl":{"start":{"line":17,"column":28},"end":{"line":17,"column":29}},"loc":{"start":{"line":17,"column":39},"end":{"line":17,"column":61}},"line":17},"3":{"name":"(anonymous_3)","decl":{"start":{"line":20,"column":29},"end":{"line":20,"column":30}},"loc":{"start":{"line":20,"column":40},"end":{"line":28,"column":1}},"line":20},"4":{"name":"(anonymous_4)","decl":{"start":{"line":31,"column":32},"end":{"line":31,"column":33}},"loc":{"start":{"line":31,"column":43},"end":{"line":34,"column":1}},"line":31},"5":{"name":"(anonymous_5)","decl":{"start":{"line":37,"column":31},"end":{"line":37,"column":32}},"loc":{"start":{"line":37,"column":39},"end":{"line":37,"column":67}},"line":37},"6":{"name":"(anonymous_6)","decl":{"start":{"line":40,"column":30},"end":{"line":40,"column":31}},"loc":{"start":{"line":40,"column":54},"end":{"line":49,"column":1}},"line":40}},"branchMap":{"0":{"loc":{"start":{"line":21,"column":4},"end":{"line":21,"column":48}},"type":"if","locations":[{"start":{"line":21,"column":4},"end":{"line":21,"column":48}},{"start":{},"end":{}}],"line":21},"1":{"loc":{"start":{"line":32,"column":4},"end":{"line":32,"column":45}},"type":"if","locations":[{"start":{"line":32,"column":4},"end":{"line":32,"column":45}},{"start":{},"end":{}}],"line":32},"2":{"loc":{"start":{"line":43,"column":8},"end":{"line":46,"column":9}},"type":"if","locations":[{"start":{"line":43,"column":8},"end":{"line":46,"column":9}},{"start":{},"end":{}}],"line":43},"3":{"loc":{"start":{"line":45,"column":31},"end":{"line":45,"column":87}},"type":"cond-expr","locations":[{"start":{"line":45,"column":59},"end":{"line":45,"column":79}},{"start":{"line":45,"column":82},"end":{"line":45,"column":87}}],"line":45}},"s":{"0":2,"1":2,"2":2,"3":0,"4":2,"5":0,"6":0,"7":2,"8":0,"9":2,"10":0,"11":0,"12":0,"13":2,"14":0,"15":0,"16":0,"17":2,"18":0,"19":2,"20":0,"21":0,"22":0,"23":0,"24":0,"25":0},"f":{"0":0,"1":0,"2":0,"3":0,"4":0,"5":0,"6":0},"b":{"0":[0,0],"1":[0,0],"2":[0,0],"3":[0,0]},"inputSourceMap":null,"_coverageSchema":"1a1c01bbd47fc00a2c39e90264f33305004495a9","hash":"b2d8c1ea68bed35429a88627015e42dbbae140d6"}
}
