TN:
SF:controllers\analytics.controller.js
FN:7,(anonymous_0)
FN:13,(anonymous_1)
FN:36,(anonymous_2)
FN:69,(anonymous_3)
FN:93,(anonymous_4)
FN:117,(anonymous_5)
FN:122,(anonymous_6)
FN:125,(anonymous_7)
FN:139,(anonymous_8)
FN:163,(anonymous_9)
FN:180,(anonymous_10)
FN:205,(anonymous_11)
FN:225,(anonymous_12)
FN:263,(anonymous_13)
FNF:14
FNH:0
FNDA:0,(anonymous_0)
FNDA:0,(anonymous_1)
FNDA:0,(anonymous_2)
FNDA:0,(anonymous_3)
FNDA:0,(anonymous_4)
FNDA:0,(anonymous_5)
FNDA:0,(anonymous_6)
FNDA:0,(anonymous_7)
FNDA:0,(anonymous_8)
FNDA:0,(anonymous_9)
FNDA:0,(anonymous_10)
FNDA:0,(anonymous_11)
FNDA:0,(anonymous_12)
FNDA:0,(anonymous_13)
DA:7,0
DA:8,0
DA:9,0
DA:10,0
DA:13,0
DA:14,0
DA:15,0
DA:18,0
DA:21,0
DA:22,0
DA:28,0
DA:29,0
DA:31,0
DA:32,0
DA:36,0
DA:37,0
DA:38,0
DA:39,0
DA:42,0
DA:43,0
DA:45,0
DA:46,0
DA:49,0
DA:50,0
DA:54,0
DA:55,0
DA:56,0
DA:59,0
DA:61,0
DA:63,0
DA:65,0
DA:69,0
DA:70,0
DA:71,0
DA:72,0
DA:75,0
DA:77,0
DA:82,0
DA:83,0
DA:88,0
DA:89,0
DA:93,0
DA:94,0
DA:95,0
DA:96,0
DA:99,0
DA:100,0
DA:102,0
DA:103,0
DA:106,0
DA:107,0
DA:110,0
DA:111,0
DA:114,0
DA:116,0
DA:117,0
DA:124,0
DA:125,0
DA:126,0
DA:128,0
DA:133,0
DA:135,0
DA:139,0
DA:140,0
DA:141,0
DA:142,0
DA:145,0
DA:146,0
DA:148,0
DA:149,0
DA:152,0
DA:153,0
DA:156,0
DA:157,0
DA:159,0
DA:160,0
DA:162,0
DA:163,0
DA:174,0
DA:176,0
DA:180,0
DA:181,0
DA:182,0
DA:184,0
DA:185,0
DA:189,0
DA:190,0
DA:192,0
DA:193,0
DA:196,0
DA:197,0
DA:200,0
DA:202,0
DA:204,0
DA:205,0
DA:217,0
DA:218,0
DA:220,0
DA:221,0
DA:225,0
DA:226,0
DA:227,0
DA:229,0
DA:230,0
DA:234,0
DA:237,0
DA:238,0
DA:241,0
DA:244,0
DA:245,0
DA:246,0
DA:247,0
DA:248,0
DA:249,0
DA:250,0
DA:253,0
DA:254,0
DA:255,0
DA:261,0
DA:262,0
DA:263,0
DA:264,0
DA:268,0
DA:270,0
DA:273,0
DA:274,0
DA:275,0
LF:127
LH:0
BRDA:8,0,0,0
BRDA:8,0,1,0
BRDA:9,1,0,0
BRDA:9,1,1,0
BRDA:9,2,0,0
BRDA:9,2,1,0
BRDA:21,3,0,0
BRDA:21,3,1,0
BRDA:21,4,0,0
BRDA:21,4,1,0
BRDA:39,5,0,0
BRDA:39,5,1,0
BRDA:39,6,0,0
BRDA:39,6,1,0
BRDA:45,7,0,0
BRDA:45,7,1,0
BRDA:45,8,0,0
BRDA:45,8,1,0
BRDA:49,9,0,0
BRDA:49,9,1,0
BRDA:55,10,0,0
BRDA:55,10,1,0
BRDA:75,11,0,0
BRDA:75,11,1,0
BRDA:96,12,0,0
BRDA:96,12,1,0
BRDA:96,13,0,0
BRDA:96,13,1,0
BRDA:102,14,0,0
BRDA:102,14,1,0
BRDA:102,15,0,0
BRDA:102,15,1,0
BRDA:106,16,0,0
BRDA:106,16,1,0
BRDA:114,17,0,0
BRDA:114,17,1,0
BRDA:119,18,0,0
BRDA:119,18,1,0
BRDA:120,19,0,0
BRDA:120,19,1,0
BRDA:124,20,0,0
BRDA:124,20,1,0
BRDA:126,21,0,0
BRDA:126,21,1,0
BRDA:130,22,0,0
BRDA:130,22,1,0
BRDA:142,23,0,0
BRDA:142,23,1,0
BRDA:142,24,0,0
BRDA:142,24,1,0
BRDA:148,25,0,0
BRDA:148,25,1,0
BRDA:148,26,0,0
BRDA:148,26,1,0
BRDA:152,27,0,0
BRDA:152,27,1,0
BRDA:159,28,0,0
BRDA:159,28,1,0
BRDA:160,29,0,0
BRDA:160,29,1,0
BRDA:165,30,0,0
BRDA:165,30,1,0
BRDA:166,31,0,0
BRDA:166,31,1,0
BRDA:167,32,0,0
BRDA:167,32,1,0
BRDA:171,33,0,0
BRDA:171,33,1,0
BRDA:184,34,0,0
BRDA:184,34,1,0
BRDA:184,35,0,0
BRDA:184,35,1,0
BRDA:192,36,0,0
BRDA:192,36,1,0
BRDA:192,37,0,0
BRDA:192,37,1,0
BRDA:196,38,0,0
BRDA:196,38,1,0
BRDA:211,39,0,0
BRDA:211,39,1,0
BRDA:212,40,0,0
BRDA:212,40,1,0
BRDA:212,41,0,0
BRDA:212,41,1,0
BRDA:229,42,0,0
BRDA:229,42,1,0
BRDA:247,43,0,0
BRDA:247,43,1,0
BRDA:256,44,0,0
BRDA:256,44,1,0
BRDA:257,45,0,0
BRDA:257,45,1,0
BRDA:258,46,0,0
BRDA:258,46,1,0
BRDA:261,47,0,0
BRDA:261,47,1,0
BRDA:274,48,0,0
BRDA:274,48,1,0
BRF:98
BRH:0
end_of_record
TN:
SF:controllers\auth.controller.js
FN:10,(anonymous_0)
FN:34,(anonymous_1)
FN:67,(anonymous_2)
FN:68,(anonymous_3)
FN:112,(anonymous_4)
FN:169,(anonymous_5)
FN:186,(anonymous_6)
FN:192,(anonymous_7)
FN:216,(anonymous_8)
FN:227,(anonymous_9)
FN:242,(anonymous_10)
FN:267,(anonymous_11)
FN:270,(anonymous_12)
FN:289,(anonymous_13)
FNF:14
FNH:0
FNDA:0,(anonymous_0)
FNDA:0,(anonymous_1)
FNDA:0,(anonymous_2)
FNDA:0,(anonymous_3)
FNDA:0,(anonymous_4)
FNDA:0,(anonymous_5)
FNDA:0,(anonymous_6)
FNDA:0,(anonymous_7)
FNDA:0,(anonymous_8)
FNDA:0,(anonymous_9)
FNDA:0,(anonymous_10)
FNDA:0,(anonymous_11)
FNDA:0,(anonymous_12)
FNDA:0,(anonymous_13)
DA:10,1
DA:11,0
DA:18,0
DA:24,0
DA:30,0
DA:34,1
DA:35,0
DA:36,0
DA:39,0
DA:40,0
DA:42,0
DA:43,0
DA:44,0
DA:45,0
DA:48,0
DA:51,0
DA:63,0
DA:64,0
DA:65,0
DA:66,0
DA:67,0
DA:68,0
DA:69,0
DA:72,0
DA:76,0
DA:79,0
DA:80,0
DA:81,0
DA:82,0
DA:83,0
DA:84,0
DA:85,0
DA:87,0
DA:90,0
DA:92,0
DA:106,0
DA:107,0
DA:112,1
DA:113,0
DA:114,0
DA:117,0
DA:118,0
DA:119,0
DA:120,0
DA:124,0
DA:125,0
DA:126,0
DA:127,0
DA:131,0
DA:134,0
DA:135,0
DA:136,0
DA:137,0
DA:138,0
DA:139,0
DA:140,0
DA:142,0
DA:146,0
DA:148,0
DA:150,0
DA:163,0
DA:164,0
DA:169,1
DA:170,0
DA:171,0
DA:173,0
DA:174,0
DA:177,0
DA:178,0
DA:180,0
DA:181,0
DA:185,0
DA:186,0
DA:187,0
DA:188,0
DA:192,0
DA:194,0
DA:195,0
DA:196,0
DA:197,0
DA:198,0
DA:199,0
DA:200,0
DA:202,0
DA:205,0
DA:210,0
DA:211,0
DA:216,1
DA:217,0
DA:218,0
DA:219,0
DA:220,0
DA:222,0
DA:223,0
DA:225,0
DA:226,0
DA:227,0
DA:230,0
DA:233,0
DA:234,0
DA:235,0
DA:237,0
DA:242,1
DA:243,0
DA:244,0
DA:246,0
DA:247,0
DA:250,0
DA:252,0
DA:254,0
DA:255,0
DA:258,0
DA:259,0
DA:260,0
DA:262,0
DA:264,0
DA:265,0
DA:266,0
DA:268,0
DA:271,0
DA:272,0
DA:273,0
DA:274,0
DA:277,0
DA:280,0
DA:283,0
DA:284,0
DA:289,1
DA:290,0
DA:291,0
DA:292,0
DA:295,0
DA:296,0
DA:297,0
DA:300,0
DA:301,0
DA:304,0
DA:305,0
DA:309,0
DA:310,0
DA:314,0
DA:317,0
DA:322,0
DA:323,0
DA:327,0
DA:328,0
DA:329,0
DA:331,0
DA:333,0
DA:336,0
DA:338,0
DA:351,0
LF:152
LH:7
BRDA:11,0,0,0
BRDA:11,0,1,0
BRDA:11,1,0,0
BRDA:11,1,1,0
BRDA:16,2,0,0
BRDA:16,2,1,0
BRDA:21,3,0,0
BRDA:21,3,1,0
BRDA:27,4,0,0
BRDA:27,4,1,0
BRDA:36,5,0,0
BRDA:36,5,1,0
BRDA:40,6,0,0
BRDA:40,6,1,0
BRDA:43,7,0,0
BRDA:43,7,1,0
BRDA:48,8,0,0
BRDA:48,8,1,0
BRDA:58,9,0,0
BRDA:58,9,1,0
BRDA:63,10,0,0
BRDA:63,10,1,0
BRDA:82,11,0,0
BRDA:82,11,1,0
BRDA:82,12,0,0
BRDA:82,12,1,0
BRDA:83,13,0,0
BRDA:83,13,1,0
BRDA:114,14,0,0
BRDA:114,14,1,0
BRDA:118,15,0,0
BRDA:118,15,1,0
BRDA:118,16,0,0
BRDA:118,16,1,0
BRDA:125,17,0,0
BRDA:125,17,1,0
BRDA:137,18,0,0
BRDA:137,18,1,0
BRDA:137,19,0,0
BRDA:137,19,1,0
BRDA:138,20,0,0
BRDA:138,20,1,0
BRDA:173,21,0,0
BRDA:173,21,1,0
BRDA:180,22,0,0
BRDA:180,22,1,0
BRDA:180,23,0,0
BRDA:180,23,1,0
BRDA:186,24,0,0
BRDA:186,24,1,0
BRDA:186,25,0,0
BRDA:186,25,1,0
BRDA:186,25,2,0
BRDA:187,26,0,0
BRDA:187,26,1,0
BRDA:192,27,0,0
BRDA:192,27,1,0
BRDA:198,28,0,0
BRDA:198,28,1,0
BRDA:198,29,0,0
BRDA:198,29,1,0
BRDA:220,30,0,0
BRDA:220,30,1,0
BRDA:223,31,0,0
BRDA:223,31,1,0
BRDA:225,32,0,0
BRDA:225,32,1,0
BRDA:227,33,0,0
BRDA:227,33,1,0
BRDA:246,34,0,0
BRDA:246,34,1,0
BRDA:246,35,0,0
BRDA:246,35,1,0
BRDA:254,36,0,0
BRDA:254,36,1,0
BRDA:296,37,0,0
BRDA:296,37,1,0
BRDA:296,38,0,0
BRDA:296,38,1,0
BRDA:300,39,0,0
BRDA:300,39,1,0
BRDA:304,40,0,0
BRDA:304,40,1,0
BRDA:309,41,0,0
BRDA:309,41,1,0
BRDA:309,42,0,0
BRDA:309,42,1,0
BRDA:309,42,2,0
BRDA:322,43,0,0
BRDA:322,43,1,0
BRF:90
BRH:0
end_of_record
TN:
SF:controllers\branch.controller.js
FN:6,(anonymous_0)
FN:42,(anonymous_1)
FN:71,(anonymous_2)
FN:88,(anonymous_3)
FN:104,(anonymous_4)
FN:130,(anonymous_5)
FNF:6
FNH:0
FNDA:0,(anonymous_0)
FNDA:0,(anonymous_1)
FNDA:0,(anonymous_2)
FNDA:0,(anonymous_3)
FNDA:0,(anonymous_4)
FNDA:0,(anonymous_5)
DA:6,0
DA:7,0
DA:8,0
DA:11,0
DA:12,0
DA:13,0
DA:16,0
DA:17,0
DA:18,0
DA:19,0
DA:24,0
DA:34,0
DA:35,0
DA:37,0
DA:38,0
DA:42,0
DA:43,0
DA:44,0
DA:46,0
DA:47,0
DA:48,0
DA:51,0
DA:52,0
DA:58,0
DA:60,0
DA:61,0
DA:66,0
DA:67,0
DA:71,0
DA:72,0
DA:73,0
DA:75,0
DA:77,0
DA:78,0
DA:81,0
DA:83,0
DA:84,0
DA:88,0
DA:89,0
DA:90,0
DA:91,0
DA:94,0
DA:96,0
DA:97,0
DA:102,0
DA:104,0
DA:105,0
DA:106,0
DA:111,0
DA:112,0
DA:117,0
DA:120,0
DA:122,0
DA:123,0
DA:125,0
DA:126,0
DA:130,0
DA:131,0
DA:132,0
DA:134,0
DA:136,0
DA:137,0
DA:140,0
DA:141,0
DA:143,0
DA:144,0
LF:66
LH:0
BRDA:12,0,0,0
BRDA:12,0,1,0
BRDA:16,1,0,0
BRDA:16,1,1,0
BRDA:18,2,0,0
BRDA:18,2,1,0
BRDA:44,3,0,0
BRDA:44,4,0,0
BRDA:47,5,0,0
BRDA:47,5,1,0
BRDA:77,6,0,0
BRDA:77,6,1,0
BRDA:96,7,0,0
BRDA:96,7,1,0
BRDA:105,8,0,0
BRDA:105,8,1,0
BRDA:111,9,0,0
BRDA:111,9,1,0
BRDA:136,10,0,0
BRDA:136,10,1,0
BRF:20
BRH:0
end_of_record
TN:
SF:controllers\dashboard.controller.js
FN:7,(anonymous_0)
FNF:1
FNH:0
FNDA:0,(anonymous_0)
DA:7,0
DA:8,0
DA:9,0
DA:12,0
DA:16,0
DA:39,0
DA:45,0
DA:51,0
DA:62,0
LF:9
LH:0
BRDA:55,0,0,0
BRDA:55,0,1,0
BRF:2
BRH:0
end_of_record
TN:
SF:controllers\employee.controller.js
FN:10,(anonymous_0)
FN:24,(anonymous_1)
FN:112,(anonymous_2)
FN:172,(anonymous_3)
FN:204,(anonymous_4)
FN:272,(anonymous_5)
FN:324,(anonymous_6)
FN:365,(anonymous_7)
FNF:8
FNH:0
FNDA:0,(anonymous_0)
FNDA:0,(anonymous_1)
FNDA:0,(anonymous_2)
FNDA:0,(anonymous_3)
FNDA:0,(anonymous_4)
FNDA:0,(anonymous_5)
FNDA:0,(anonymous_6)
FNDA:0,(anonymous_7)
DA:10,0
DA:11,0
DA:12,0
DA:13,0
DA:14,0
DA:15,0
DA:16,0
DA:17,0
DA:18,0
DA:19,0
DA:20,0
DA:24,0
DA:26,0
DA:27,0
DA:30,0
DA:31,0
DA:33,0
DA:37,0
DA:40,0
DA:41,0
DA:42,0
DA:43,0
DA:44,0
DA:48,0
DA:49,0
DA:50,0
DA:51,0
DA:55,0
DA:56,0
DA:57,0
DA:58,0
DA:59,0
DA:63,0
DA:64,0
DA:65,0
DA:66,0
DA:67,0
DA:68,0
DA:73,0
DA:82,0
DA:94,0
DA:95,0
DA:97,0
DA:99,0
DA:104,0
DA:105,0
DA:106,0
DA:107,0
DA:112,0
DA:113,0
DA:114,0
DA:117,0
DA:118,0
DA:119,0
DA:121,0
DA:124,0
DA:125,0
DA:126,0
DA:127,0
DA:131,0
DA:132,0
DA:133,0
DA:136,0
DA:137,0
DA:138,0
DA:144,0
DA:146,0
DA:155,0
DA:157,0
DA:159,0
DA:166,0
DA:167,0
DA:172,0
DA:173,0
DA:174,0
DA:176,0
DA:177,0
DA:180,0
DA:185,0
DA:186,0
DA:190,0
DA:191,0
DA:194,0
DA:196,0
DA:198,0
DA:199,0
DA:204,0
DA:205,0
DA:206,0
DA:208,0
DA:209,0
DA:213,0
DA:214,0
DA:218,0
DA:219,0
DA:221,0
DA:222,0
DA:223,0
DA:225,0
DA:228,0
DA:229,0
DA:233,0
DA:234,0
DA:238,0
DA:242,0
DA:243,0
DA:246,0
DA:247,0
DA:248,0
DA:252,0
DA:253,0
DA:256,0
DA:262,0
DA:264,0
DA:266,0
DA:267,0
DA:272,0
DA:273,0
DA:274,0
DA:275,0
DA:277,0
DA:278,0
DA:282,0
DA:283,0
DA:284,0
DA:287,0
DA:288,0
DA:291,0
DA:292,0
DA:293,0
DA:297,0
DA:298,0
DA:301,0
DA:314,0
DA:316,0
DA:318,0
DA:319,0
DA:324,0
DA:325,0
DA:326,0
DA:328,0
DA:329,0
DA:333,0
DA:334,0
DA:337,0
DA:338,0
DA:339,0
DA:343,0
DA:344,0
DA:346,0
DA:347,0
DA:349,0
DA:350,0
DA:353,0
DA:355,0
DA:357,0
DA:359,0
DA:360,0
DA:365,0
DA:366,0
DA:367,0
DA:369,0
DA:370,0
DA:373,0
DA:378,0
DA:379,0
DA:383,0
DA:384,0
DA:388,0
DA:390,0
DA:391,0
LF:171
LH:0
BRDA:12,0,0,0
BRDA:12,0,1,0
BRDA:12,1,0,0
BRDA:12,1,1,0
BRDA:13,2,0,0
BRDA:13,2,1,0
BRDA:13,3,0,0
BRDA:13,3,1,0
BRDA:14,4,0,0
BRDA:14,4,1,0
BRDA:14,5,0,0
BRDA:14,5,1,0
BRDA:15,6,0,0
BRDA:15,6,1,0
BRDA:15,7,0,0
BRDA:15,7,1,0
BRDA:16,8,0,0
BRDA:16,8,1,0
BRDA:16,9,0,0
BRDA:16,9,1,0
BRDA:17,10,0,0
BRDA:17,10,1,0
BRDA:17,11,0,0
BRDA:17,11,1,0
BRDA:18,12,0,0
BRDA:18,12,1,0
BRDA:18,13,0,0
BRDA:18,13,1,0
BRDA:19,14,0,0
BRDA:19,14,1,0
BRDA:19,15,0,0
BRDA:19,15,1,0
BRDA:26,16,0,0
BRDA:26,16,1,0
BRDA:41,17,0,0
BRDA:41,17,1,0
BRDA:48,18,0,0
BRDA:48,18,1,0
BRDA:48,19,0,0
BRDA:48,19,1,0
BRDA:55,20,0,0
BRDA:55,20,1,0
BRDA:55,21,0,0
BRDA:55,21,1,0
BRDA:56,22,0,0
BRDA:56,22,1,0
BRDA:56,23,0,0
BRDA:56,23,1,0
BRDA:63,24,0,0
BRDA:63,24,1,0
BRDA:65,25,0,0
BRDA:65,25,1,0
BRDA:114,26,0,0
BRDA:114,27,0,0
BRDA:117,28,0,0
BRDA:117,28,1,0
BRDA:118,29,0,0
BRDA:118,29,1,0
BRDA:119,30,0,0
BRDA:119,30,1,0
BRDA:124,31,0,0
BRDA:124,31,1,0
BRDA:126,32,0,0
BRDA:126,32,1,0
BRDA:131,33,0,0
BRDA:131,33,1,0
BRDA:131,34,0,0
BRDA:131,34,1,0
BRDA:132,35,0,0
BRDA:132,35,1,0
BRDA:132,36,0,0
BRDA:132,36,1,0
BRDA:133,37,0,0
BRDA:133,37,1,0
BRDA:136,38,0,0
BRDA:136,38,1,0
BRDA:136,39,0,0
BRDA:136,39,1,0
BRDA:176,40,0,0
BRDA:176,40,1,0
BRDA:185,41,0,0
BRDA:185,41,1,0
BRDA:190,42,0,0
BRDA:190,42,1,0
BRDA:190,43,0,0
BRDA:190,43,1,0
BRDA:208,44,0,0
BRDA:208,44,1,0
BRDA:213,45,0,0
BRDA:213,45,1,0
BRDA:222,46,0,0
BRDA:222,46,1,0
BRDA:225,47,0,0
BRDA:225,47,1,0
BRDA:225,48,0,0
BRDA:225,48,1,0
BRDA:228,49,0,0
BRDA:228,49,1,0
BRDA:228,50,0,0
BRDA:228,50,1,0
BRDA:233,51,0,0
BRDA:233,51,1,0
BRDA:233,52,0,0
BRDA:233,52,1,0
BRDA:238,53,0,0
BRDA:238,53,1,0
BRDA:242,54,0,0
BRDA:242,54,1,0
BRDA:247,55,0,0
BRDA:247,55,1,0
BRDA:252,56,0,0
BRDA:252,56,1,0
BRDA:252,57,0,0
BRDA:252,57,1,0
BRDA:277,58,0,0
BRDA:277,58,1,0
BRDA:282,59,0,0
BRDA:282,59,1,0
BRDA:283,60,0,0
BRDA:283,60,1,0
BRDA:284,61,0,0
BRDA:284,61,1,0
BRDA:287,62,0,0
BRDA:287,62,1,0
BRDA:292,63,0,0
BRDA:292,63,1,0
BRDA:297,64,0,0
BRDA:297,64,1,0
BRDA:297,65,0,0
BRDA:297,65,1,0
BRDA:328,66,0,0
BRDA:328,66,1,0
BRDA:333,67,0,0
BRDA:333,67,1,0
BRDA:338,68,0,0
BRDA:338,68,1,0
BRDA:349,69,0,0
BRDA:349,69,1,0
BRDA:349,70,0,0
BRDA:349,70,1,0
BRDA:369,71,0,0
BRDA:369,71,1,0
BRDA:378,72,0,0
BRDA:378,72,1,0
BRDA:383,73,0,0
BRDA:383,73,1,0
BRDA:383,74,0,0
BRDA:383,74,1,0
BRF:148
BRH:0
end_of_record
TN:
SF:controllers\inventory.controller.js
FN:8,(anonymous_0)
FN:54,(anonymous_1)
FN:106,(anonymous_2)
FN:140,(anonymous_3)
FN:161,(anonymous_4)
FN:196,(anonymous_5)
FNF:6
FNH:0
FNDA:0,(anonymous_0)
FNDA:0,(anonymous_1)
FNDA:0,(anonymous_2)
FNDA:0,(anonymous_3)
FNDA:0,(anonymous_4)
FNDA:0,(anonymous_5)
DA:8,0
DA:9,0
DA:10,0
DA:11,0
DA:12,0
DA:15,0
DA:17,0
DA:30,0
DA:40,0
DA:41,0
DA:43,0
DA:45,0
DA:46,0
DA:47,0
DA:49,0
DA:54,0
DA:55,0
DA:56,0
DA:57,0
DA:58,0
DA:59,0
DA:61,0
DA:62,0
DA:63,0
DA:64,0
DA:68,0
DA:69,0
DA:70,0
DA:76,0
DA:77,0
DA:80,0
DA:81,0
DA:84,0
DA:95,0
DA:96,0
DA:98,0
DA:99,0
DA:101,0
DA:106,0
DA:107,0
DA:108,0
DA:109,0
DA:110,0
DA:112,0
DA:113,0
DA:114,0
DA:115,0
DA:118,0
DA:119,0
DA:121,0
DA:130,0
DA:135,0
DA:140,0
DA:141,0
DA:142,0
DA:143,0
DA:145,0
DA:148,0
DA:149,0
DA:151,0
DA:153,0
DA:155,0
DA:156,0
DA:161,0
DA:162,0
DA:163,0
DA:166,0
DA:167,0
DA:169,0
DA:170,0
DA:172,0
DA:175,0
DA:177,0
DA:186,0
DA:191,0
DA:196,0
DA:197,0
DA:198,0
DA:199,0
DA:201,0
DA:203,0
DA:205,0
LF:82
LH:0
BRDA:62,0,0,0
BRDA:62,0,1,0
BRDA:68,1,0,0
BRDA:68,1,1,0
BRDA:68,2,0,0
BRDA:68,2,1,0
BRDA:77,3,0,0
BRDA:77,3,1,0
BRDA:88,4,0,0
BRDA:88,4,1,0
BRDA:88,5,0,0
BRDA:88,5,1,0
BRDA:91,6,0,0
BRDA:91,6,1,0
BRDA:98,7,0,0
BRDA:98,7,1,0
BRDA:110,8,0,0
BRDA:110,9,0,0
BRDA:110,10,0,0
BRDA:113,11,0,0
BRDA:113,11,1,0
BRDA:114,12,0,0
BRDA:114,12,1,0
BRDA:145,13,0,0
BRDA:145,13,1,0
BRDA:155,14,0,0
BRDA:155,14,1,0
BRDA:163,15,0,0
BRDA:163,16,0,0
BRDA:167,17,0,0
BRDA:167,17,1,0
BRDA:167,18,0,0
BRDA:167,18,1,0
BRDA:170,19,0,0
BRDA:170,19,1,0
BRDA:170,20,0,0
BRDA:170,20,1,0
BRDA:201,21,0,0
BRDA:201,21,1,0
BRF:39
BRH:0
end_of_record
TN:
SF:controllers\invoice.controller.js
FN:12,(anonymous_0)
FN:27,(anonymous_1)
FN:52,(anonymous_2)
FN:75,(anonymous_3)
FN:95,(anonymous_4)
FN:123,(anonymous_5)
FN:139,(anonymous_6)
FNF:7
FNH:0
FNDA:0,(anonymous_0)
FNDA:0,(anonymous_1)
FNDA:0,(anonymous_2)
FNDA:0,(anonymous_3)
FNDA:0,(anonymous_4)
FNDA:0,(anonymous_5)
FNDA:0,(anonymous_6)
DA:12,0
DA:13,0
DA:14,0
DA:22,0
DA:23,0
DA:27,0
DA:28,0
DA:29,0
DA:31,0
DA:32,0
DA:35,0
DA:36,0
DA:37,0
DA:40,0
DA:43,0
DA:44,0
DA:45,0
DA:47,0
DA:52,0
DA:66,0
DA:67,0
DA:69,0
DA:70,0
DA:75,0
DA:76,0
DA:77,0
DA:81,0
DA:84,0
DA:85,0
DA:88,0
DA:90,0
DA:95,0
DA:96,0
DA:97,0
DA:99,0
DA:100,0
DA:101,0
DA:102,0
DA:103,0
DA:106,0
DA:111,0
DA:113,0
DA:118,0
DA:123,0
DA:124,0
DA:125,0
DA:126,0
DA:128,0
DA:129,0
DA:132,0
DA:133,0
DA:136,0
DA:139,0
DA:140,0
DA:141,0
DA:142,0
DA:147,0
DA:150,0
DA:152,0
DA:153,0
LF:60
LH:0
BRDA:29,0,0,0
BRDA:32,1,0,0
BRDA:32,1,1,0
BRDA:36,2,0,0
BRDA:36,2,1,0
BRDA:53,3,0,0
BRDA:53,3,1,0
BRDA:62,4,0,0
BRDA:62,4,1,0
BRDA:63,5,0,0
BRDA:63,5,1,0
BRDA:81,6,0,0
BRDA:81,6,1,0
BRDA:84,7,0,0
BRDA:84,7,1,0
BRDA:84,8,0,0
BRDA:84,8,1,0
BRDA:97,9,0,0
BRDA:97,10,0,0
BRDA:100,11,0,0
BRDA:100,11,1,0
BRDA:102,12,0,0
BRDA:102,12,1,0
BRDA:102,13,0,0
BRDA:102,13,1,0
BRDA:126,14,0,0
BRDA:126,14,1,0
BRDA:129,15,0,0
BRDA:129,15,1,0
BRDA:141,16,0,0
BRDA:141,16,1,0
BRF:31
BRH:0
end_of_record
TN:
SF:controllers\leave.controller.js
FN:8,(anonymous_0)
FN:31,(anonymous_1)
FN:48,(anonymous_2)
FN:118,(anonymous_3)
FN:159,(anonymous_4)
FN:180,(anonymous_5)
FN:210,(anonymous_6)
FN:246,(anonymous_7)
FN:273,(anonymous_8)
FN:293,(anonymous_9)
FNF:10
FNH:0
FNDA:0,(anonymous_0)
FNDA:0,(anonymous_1)
FNDA:0,(anonymous_2)
FNDA:0,(anonymous_3)
FNDA:0,(anonymous_4)
FNDA:0,(anonymous_5)
FNDA:0,(anonymous_6)
FNDA:0,(anonymous_7)
FNDA:0,(anonymous_8)
FNDA:0,(anonymous_9)
DA:8,0
DA:9,0
DA:10,0
DA:12,0
DA:13,0
DA:16,0
DA:21,0
DA:23,0
DA:25,0
DA:26,0
DA:31,0
DA:32,0
DA:33,0
DA:35,0
DA:36,0
DA:38,0
DA:40,0
DA:42,0
DA:43,0
DA:48,0
DA:49,0
DA:50,0
DA:53,0
DA:54,0
DA:55,0
DA:56,0
DA:57,0
DA:59,0
DA:60,0
DA:64,0
DA:65,0
DA:66,0
DA:67,0
DA:71,0
DA:72,0
DA:73,0
DA:77,0
DA:78,0
DA:79,0
DA:83,0
DA:91,0
DA:92,0
DA:95,0
DA:108,0
DA:110,0
DA:112,0
DA:113,0
DA:118,0
DA:119,0
DA:120,0
DA:122,0
DA:123,0
DA:124,0
DA:125,0
DA:128,0
DA:129,0
DA:130,0
DA:131,0
DA:134,0
DA:136,0
DA:144,0
DA:146,0
DA:153,0
DA:154,0
DA:159,0
DA:160,0
DA:161,0
DA:163,0
DA:168,0
DA:169,0
DA:172,0
DA:174,0
DA:175,0
DA:180,0
DA:181,0
DA:182,0
DA:184,0
DA:196,0
DA:197,0
DA:200,0
DA:202,0
DA:204,0
DA:205,0
DA:210,0
DA:211,0
DA:212,0
DA:213,0
DA:215,0
DA:216,0
DA:219,0
DA:232,0
DA:233,0
DA:236,0
DA:238,0
DA:240,0
DA:241,0
DA:246,0
DA:247,0
DA:248,0
DA:250,0
DA:252,0
DA:253,0
DA:256,0
DA:257,0
DA:260,0
DA:261,0
DA:263,0
DA:265,0
DA:267,0
DA:268,0
DA:273,0
DA:274,0
DA:275,0
DA:277,0
DA:278,0
DA:279,0
DA:283,0
DA:284,0
DA:285,0
DA:287,0
DA:293,0
DA:295,0
DA:301,0
DA:303,0
DA:304,0
LF:125
LH:0
BRDA:12,0,0,0
BRDA:12,0,1,0
BRDA:12,1,0,0
BRDA:12,1,1,0
BRDA:36,2,0,0
BRDA:36,2,1,0
BRDA:54,3,0,0
BRDA:54,3,1,0
BRDA:55,4,0,0
BRDA:55,4,1,0
BRDA:56,5,0,0
BRDA:56,5,1,0
BRDA:56,6,0,0
BRDA:56,6,1,0
BRDA:57,7,0,0
BRDA:57,7,1,0
BRDA:59,8,0,0
BRDA:59,8,1,0
BRDA:66,9,0,0
BRDA:66,9,1,0
BRDA:72,10,0,0
BRDA:72,10,1,0
BRDA:78,11,0,0
BRDA:78,11,1,0
BRDA:91,12,0,0
BRDA:91,12,1,0
BRDA:120,13,0,0
BRDA:120,14,0,0
BRDA:123,15,0,0
BRDA:123,15,1,0
BRDA:124,16,0,0
BRDA:124,16,1,0
BRDA:125,17,0,0
BRDA:125,17,1,0
BRDA:128,18,0,0
BRDA:128,18,1,0
BRDA:128,19,0,0
BRDA:128,19,1,0
BRDA:130,20,0,0
BRDA:130,20,1,0
BRDA:131,21,0,0
BRDA:131,21,1,0
BRDA:168,22,0,0
BRDA:168,22,1,0
BRDA:196,23,0,0
BRDA:196,23,1,0
BRDA:215,24,0,0
BRDA:215,24,1,0
BRDA:232,25,0,0
BRDA:232,25,1,0
BRDA:252,26,0,0
BRDA:252,26,1,0
BRDA:256,27,0,0
BRDA:256,27,1,0
BRDA:278,28,0,0
BRDA:278,28,1,0
BRDA:296,29,0,0
BRDA:296,29,1,0
BRDA:297,30,0,0
BRDA:297,30,1,0
BRDA:298,31,0,0
BRDA:298,31,1,0
BRF:62
BRH:0
end_of_record
TN:
SF:controllers\notification.controller.js
FN:8,(anonymous_0)
FN:46,(anonymous_1)
FN:69,(anonymous_2)
FN:86,(anonymous_3)
FN:107,(anonymous_4)
FN:142,(anonymous_5)
FN:170,(anonymous_6)
FNF:7
FNH:0
FNDA:0,(anonymous_0)
FNDA:0,(anonymous_1)
FNDA:0,(anonymous_2)
FNDA:0,(anonymous_3)
FNDA:0,(anonymous_4)
FNDA:0,(anonymous_5)
FNDA:0,(anonymous_6)
DA:8,0
DA:9,0
DA:10,0
DA:11,0
DA:14,0
DA:15,0
DA:16,0
DA:18,0
DA:20,0
DA:29,0
DA:30,0
DA:40,0
DA:41,0
DA:46,0
DA:47,0
DA:48,0
DA:51,0
DA:57,0
DA:58,0
DA:61,0
DA:62,0
DA:64,0
DA:69,0
DA:70,0
DA:71,0
DA:73,0
DA:78,0
DA:79,0
DA:81,0
DA:86,0
DA:87,0
DA:88,0
DA:91,0
DA:96,0
DA:97,0
DA:100,0
DA:102,0
DA:107,0
DA:108,0
DA:109,0
DA:111,0
DA:114,0
DA:115,0
DA:116,0
DA:117,0
DA:120,0
DA:122,0
DA:132,0
DA:137,0
DA:142,0
DA:143,0
DA:144,0
DA:147,0
DA:148,0
DA:149,0
DA:152,0
DA:158,0
DA:159,0
DA:162,0
DA:163,0
DA:165,0
DA:170,0
DA:171,0
DA:172,0
DA:173,0
DA:177,0
DA:179,0
DA:181,0
LF:68
LH:0
BRDA:10,0,0,0
BRDA:10,1,0,0
BRDA:15,2,0,0
BRDA:15,2,1,0
BRDA:16,3,0,0
BRDA:16,3,1,0
BRDA:57,4,0,0
BRDA:57,4,1,0
BRDA:96,5,0,0
BRDA:96,5,1,0
BRDA:109,6,0,0
BRDA:109,7,0,0
BRDA:109,8,0,0
BRDA:114,9,0,0
BRDA:114,9,1,0
BRDA:114,10,0,0
BRDA:114,10,1,0
BRDA:116,11,0,0
BRDA:116,11,1,0
BRDA:116,12,0,0
BRDA:116,12,1,0
BRDA:148,13,0,0
BRDA:148,13,1,0
BRDA:158,14,0,0
BRDA:158,14,1,0
BRDA:172,15,0,0
BRDA:172,15,1,0
BRF:27
BRH:0
end_of_record
TN:
SF:controllers\order.controller.js
FN:18,(anonymous_0)
FN:25,(anonymous_1)
FN:32,(anonymous_2)
FN:37,(anonymous_3)
FN:39,(anonymous_4)
FN:93,(anonymous_5)
FN:107,(anonymous_6)
FN:122,(anonymous_7)
FN:200,(anonymous_8)
FN:247,(anonymous_9)
FN:297,(anonymous_10)
FN:332,(anonymous_11)
FN:369,(anonymous_12)
FN:456,(anonymous_13)
FN:520,(anonymous_14)
FN:563,oo_cm
FNF:16
FNH:0
FNDA:0,(anonymous_0)
FNDA:0,(anonymous_1)
FNDA:0,(anonymous_2)
FNDA:0,(anonymous_3)
FNDA:0,(anonymous_4)
FNDA:0,(anonymous_5)
FNDA:0,(anonymous_6)
FNDA:0,(anonymous_7)
FNDA:0,(anonymous_8)
FNDA:0,(anonymous_9)
FNDA:0,(anonymous_10)
FNDA:0,(anonymous_11)
FNDA:0,(anonymous_12)
FNDA:0,(anonymous_13)
FNDA:0,(anonymous_14)
FNDA:0,oo_cm
DA:12,0
DA:18,0
DA:25,0
DA:32,0
DA:37,0
DA:38,0
DA:39,0
DA:42,0
DA:45,0
DA:51,0
DA:52,0
DA:53,0
DA:56,0
DA:62,0
DA:63,0
DA:64,0
DA:70,0
DA:71,0
DA:73,0
DA:89,0
DA:93,0
DA:94,0
DA:95,0
DA:96,0
DA:97,0
DA:98,0
DA:100,0
DA:101,0
DA:102,0
DA:103,0
DA:104,0
DA:107,0
DA:108,0
DA:109,0
DA:110,0
DA:111,0
DA:112,0
DA:114,0
DA:115,0
DA:116,0
DA:117,0
DA:118,0
DA:122,0
DA:123,0
DA:124,0
DA:125,0
DA:126,0
DA:127,0
DA:128,0
DA:132,0
DA:134,0
DA:138,0
DA:139,0
DA:140,0
DA:143,0
DA:146,0
DA:147,0
DA:148,0
DA:149,0
DA:150,0
DA:154,0
DA:155,0
DA:156,0
DA:157,0
DA:158,0
DA:163,0
DA:164,0
DA:166,0
DA:167,0
DA:168,0
DA:171,0
DA:172,0
DA:173,0
DA:177,0
DA:178,0
DA:179,0
DA:180,0
DA:181,0
DA:184,0
DA:185,0
DA:186,0
DA:187,0
DA:188,0
DA:192,0
DA:194,0
DA:200,0
DA:215,0
DA:218,0
DA:219,0
DA:222,0
DA:228,0
DA:230,0
DA:234,0
DA:236,0
DA:238,0
DA:239,0
DA:240,0
DA:242,0
DA:247,0
DA:248,0
DA:249,0
DA:250,0
DA:251,0
DA:253,0
DA:255,0
DA:256,0
DA:257,0
DA:258,0
DA:259,0
DA:260,0
DA:263,0
DA:264,0
DA:265,0
DA:267,0
DA:268,0
DA:274,0
DA:287,0
DA:292,0
DA:297,0
DA:298,0
DA:299,0
DA:300,0
DA:308,0
DA:312,0
DA:316,0
DA:319,0
DA:321,0
DA:322,0
DA:325,0
DA:327,0
DA:332,0
DA:333,0
DA:334,0
DA:335,0
DA:336,0
DA:337,0
DA:338,0
DA:339,0
DA:340,0
DA:343,0
DA:344,0
DA:345,0
DA:348,0
DA:350,0
DA:352,0
DA:353,0
DA:355,0
DA:356,0
DA:358,0
DA:359,0
DA:361,0
DA:362,0
DA:364,0
DA:369,0
DA:370,0
DA:371,0
DA:372,0
DA:373,0
DA:374,0
DA:376,0
DA:377,0
DA:378,0
DA:379,0
DA:382,0
DA:383,0
DA:384,0
DA:385,0
DA:386,0
DA:389,0
DA:390,0
DA:393,0
DA:394,0
DA:395,0
DA:396,0
DA:397,0
DA:402,0
DA:403,0
DA:404,0
DA:406,0
DA:407,0
DA:411,0
DA:413,0
DA:416,0
DA:417,0
DA:420,0
DA:423,0
DA:424,0
DA:432,0
DA:433,0
DA:434,0
DA:441,0
DA:442,0
DA:444,0
DA:446,0
DA:448,0
DA:449,0
DA:451,0
DA:456,0
DA:457,0
DA:458,0
DA:459,0
DA:460,0
DA:461,0
DA:463,0
DA:464,0
DA:465,0
DA:466,0
DA:470,0
DA:471,0
DA:472,0
DA:473,0
DA:476,0
DA:477,0
DA:478,0
DA:479,0
DA:484,0
DA:485,0
DA:487,0
DA:488,0
DA:492,0
DA:493,0
DA:496,0
DA:497,0
DA:498,0
DA:503,0
DA:504,0
DA:506,0
DA:508,0
DA:510,0
DA:512,0
DA:513,0
DA:515,0
DA:520,0
DA:521,0
DA:522,0
DA:523,0
DA:524,0
DA:526,0
DA:527,0
DA:528,0
DA:529,0
DA:533,0
DA:534,0
DA:540,0
DA:541,0
DA:545,0
DA:546,0
DA:548,0
DA:549,0
DA:551,0
DA:552,0
DA:554,0
DA:563,0
LF:253
LH:0
BRDA:39,0,0,0
BRDA:39,0,1,0
BRDA:42,1,0,0
BRDA:42,1,1,0
BRDA:51,2,0,0
BRDA:51,2,1,0
BRDA:62,3,0,0
BRDA:62,3,1,0
BRDA:62,4,0,0
BRDA:62,4,1,0
BRDA:94,5,0,0
BRDA:94,5,1,0
BRDA:96,6,0,0
BRDA:96,6,1,0
BRDA:100,7,0,0
BRDA:100,7,1,0
BRDA:102,8,0,0
BRDA:102,8,1,0
BRDA:108,9,0,0
BRDA:108,9,1,0
BRDA:110,10,0,0
BRDA:110,10,1,0
BRDA:114,11,0,0
BRDA:114,11,1,0
BRDA:116,12,0,0
BRDA:116,12,1,0
BRDA:138,13,0,0
BRDA:138,13,1,0
BRDA:138,14,0,0
BRDA:138,14,1,0
BRDA:138,14,2,0
BRDA:148,15,0,0
BRDA:148,15,1,0
BRDA:156,16,0,0
BRDA:156,16,1,0
BRDA:156,17,0,0
BRDA:156,17,1,0
BRDA:156,17,2,0
BRDA:163,18,0,0
BRDA:163,18,1,0
BRDA:164,19,0,0
BRDA:164,19,1,0
BRDA:166,20,0,0
BRDA:166,20,1,0
BRDA:166,21,0,0
BRDA:166,21,1,0
BRDA:171,22,0,0
BRDA:171,22,1,0
BRDA:171,23,0,0
BRDA:171,23,1,0
BRDA:178,24,0,0
BRDA:178,24,1,0
BRDA:179,25,0,0
BRDA:179,25,1,0
BRDA:184,26,0,0
BRDA:184,26,1,0
BRDA:186,27,0,0
BRDA:186,27,1,0
BRDA:192,28,0,0
BRDA:192,28,1,0
BRDA:202,29,0,0
BRDA:202,29,1,0
BRDA:203,30,0,0
BRDA:203,30,1,0
BRDA:206,31,0,0
BRDA:206,31,1,0
BRDA:209,32,0,0
BRDA:209,32,1,0
BRDA:209,33,0,0
BRDA:209,33,1,0
BRDA:210,34,0,0
BRDA:210,34,1,0
BRDA:218,35,0,0
BRDA:218,35,1,0
BRDA:238,36,0,0
BRDA:238,36,1,0
BRDA:249,37,0,0
BRDA:249,38,0,0
BRDA:255,39,0,0
BRDA:255,39,1,0
BRDA:257,40,0,0
BRDA:257,40,1,0
BRDA:259,41,0,0
BRDA:259,41,1,0
BRDA:259,42,0,0
BRDA:259,42,1,0
BRDA:263,43,0,0
BRDA:263,43,1,0
BRDA:263,44,0,0
BRDA:263,44,1,0
BRDA:264,45,0,0
BRDA:264,45,1,0
BRDA:265,46,0,0
BRDA:265,46,1,0
BRDA:267,47,0,0
BRDA:267,47,1,0
BRDA:277,48,0,0
BRDA:277,48,1,0
BRDA:308,49,0,0
BRDA:308,49,1,0
BRDA:312,50,0,0
BRDA:312,50,1,0
BRDA:316,51,0,0
BRDA:316,51,1,0
BRDA:316,51,2,0
BRDA:321,52,0,0
BRDA:321,52,1,0
BRDA:321,53,0,0
BRDA:321,53,1,0
BRDA:321,53,2,0
BRDA:338,54,0,0
BRDA:338,54,1,0
BRDA:343,55,0,0
BRDA:343,55,1,0
BRDA:350,56,0,0
BRDA:350,56,1,0
BRDA:361,57,0,0
BRDA:361,57,1,0
BRDA:377,58,0,0
BRDA:377,58,1,0
BRDA:383,59,0,0
BRDA:383,59,1,0
BRDA:384,60,0,0
BRDA:384,60,1,0
BRDA:384,61,0,0
BRDA:384,61,1,0
BRDA:384,61,2,0
BRDA:394,62,0,0
BRDA:394,62,1,0
BRDA:394,63,0,0
BRDA:394,63,1,0
BRDA:396,64,0,0
BRDA:396,64,1,0
BRDA:396,65,0,0
BRDA:396,65,1,0
BRDA:402,66,0,0
BRDA:402,66,1,0
BRDA:402,67,0,0
BRDA:402,67,1,0
BRDA:403,68,0,0
BRDA:403,68,1,0
BRDA:406,69,0,0
BRDA:406,69,1,0
BRDA:416,70,0,0
BRDA:416,70,1,0
BRDA:416,71,0,0
BRDA:416,71,1,0
BRDA:423,72,0,0
BRDA:423,72,1,0
BRDA:432,73,0,0
BRDA:432,73,1,0
BRDA:432,74,0,0
BRDA:432,74,1,0
BRDA:448,75,0,0
BRDA:448,75,1,0
BRDA:464,76,0,0
BRDA:464,76,1,0
BRDA:471,77,0,0
BRDA:471,77,1,0
BRDA:471,78,0,0
BRDA:471,78,1,0
BRDA:477,79,0,0
BRDA:477,79,1,0
BRDA:488,80,0,0
BRDA:488,80,1,0
BRDA:496,81,0,0
BRDA:496,81,1,0
BRDA:496,82,0,0
BRDA:496,82,1,0
BRDA:496,82,2,0
BRDA:512,83,0,0
BRDA:512,83,1,0
BRDA:527,84,0,0
BRDA:527,84,1,0
BRDA:533,85,0,0
BRDA:533,85,1,0
BRDA:540,86,0,0
BRDA:540,86,1,0
BRDA:551,87,0,0
BRDA:551,87,1,0
BRDA:563,88,0,0
BRDA:563,88,1,0
BRF:182
BRH:0
end_of_record
TN:
SF:controllers\payroll.controller.js
FN:10,(anonymous_0)
FN:81,(anonymous_1)
FN:122,(anonymous_2)
FN:177,(anonymous_3)
FN:208,(anonymous_4)
FN:241,(anonymous_5)
FN:295,(anonymous_6)
FN:320,(anonymous_7)
FN:349,(anonymous_8)
FN:372,(anonymous_9)
FNF:10
FNH:0
FNDA:0,(anonymous_0)
FNDA:0,(anonymous_1)
FNDA:0,(anonymous_2)
FNDA:0,(anonymous_3)
FNDA:0,(anonymous_4)
FNDA:0,(anonymous_5)
FNDA:0,(anonymous_6)
FNDA:0,(anonymous_7)
FNDA:0,(anonymous_8)
FNDA:0,(anonymous_9)
DA:10,0
DA:11,0
DA:13,0
DA:14,0
DA:17,0
DA:19,0
DA:20,0
DA:23,0
DA:24,0
DA:28,0
DA:29,0
DA:30,0
DA:34,0
DA:35,0
DA:39,0
DA:40,0
DA:44,0
DA:45,0
DA:53,0
DA:54,0
DA:58,0
DA:61,0
DA:71,0
DA:73,0
DA:75,0
DA:76,0
DA:81,0
DA:82,0
DA:84,0
DA:85,0
DA:88,0
DA:90,0
DA:91,0
DA:94,0
DA:95,0
DA:99,0
DA:100,0
DA:103,0
DA:109,0
DA:111,0
DA:116,0
DA:117,0
DA:122,0
DA:123,0
DA:124,0
DA:127,0
DA:128,0
DA:130,0
DA:133,0
DA:134,0
DA:135,0
DA:136,0
DA:139,0
DA:140,0
DA:141,0
DA:144,0
DA:145,0
DA:146,0
DA:147,0
DA:148,0
DA:149,0
DA:153,0
DA:155,0
DA:162,0
DA:164,0
DA:171,0
DA:172,0
DA:177,0
DA:178,0
DA:179,0
DA:181,0
DA:182,0
DA:185,0
DA:191,0
DA:192,0
DA:196,0
DA:197,0
DA:200,0
DA:202,0
DA:203,0
DA:208,0
DA:209,0
DA:210,0
DA:213,0
DA:214,0
DA:217,0
DA:218,0
DA:221,0
DA:227,0
DA:228,0
DA:231,0
DA:233,0
DA:235,0
DA:236,0
DA:241,0
DA:242,0
DA:243,0
DA:244,0
DA:247,0
DA:248,0
DA:251,0
DA:252,0
DA:255,0
DA:256,0
DA:259,0
DA:260,0
DA:263,0
DA:264,0
DA:265,0
DA:269,0
DA:270,0
DA:273,0
DA:286,0
DA:287,0
DA:289,0
DA:290,0
DA:295,0
DA:296,0
DA:297,0
DA:298,0
DA:299,0
DA:303,0
DA:304,0
DA:305,0
DA:306,0
DA:308,0
DA:309,0
DA:312,0
DA:314,0
DA:315,0
DA:320,0
DA:321,0
DA:323,0
DA:324,0
DA:327,0
DA:328,0
DA:329,0
DA:330,0
DA:332,0
DA:333,0
DA:336,0
DA:337,0
DA:339,0
DA:341,0
DA:342,0
DA:344,0
DA:345,0
DA:349,0
DA:350,0
DA:351,0
DA:352,0
DA:354,0
DA:355,0
DA:356,0
DA:357,0
DA:360,0
DA:361,0
DA:364,0
DA:365,0
DA:367,0
DA:368,0
DA:372,0
DA:373,0
DA:374,0
DA:375,0
DA:377,0
DA:378,0
DA:379,0
DA:381,0
DA:382,0
DA:383,0
DA:384,0
DA:385,0
DA:388,0
DA:390,0
DA:391,0
DA:392,0
DA:394,0
DA:396,0
DA:397,0
LF:180
LH:0
BRDA:13,0,0,0
BRDA:13,0,1,0
BRDA:19,1,0,0
BRDA:19,1,1,0
BRDA:19,2,0,0
BRDA:19,2,1,0
BRDA:23,3,0,0
BRDA:23,3,1,0
BRDA:23,4,0,0
BRDA:23,4,1,0
BRDA:29,5,0,0
BRDA:29,5,1,0
BRDA:34,6,0,0
BRDA:34,6,1,0
BRDA:34,7,0,0
BRDA:34,7,1,0
BRDA:39,8,0,0
BRDA:39,8,1,0
BRDA:53,9,0,0
BRDA:53,9,1,0
BRDA:84,10,0,0
BRDA:84,10,1,0
BRDA:90,11,0,0
BRDA:90,11,1,0
BRDA:90,12,0,0
BRDA:90,12,1,0
BRDA:94,13,0,0
BRDA:94,13,1,0
BRDA:94,14,0,0
BRDA:94,14,1,0
BRDA:99,15,0,0
BRDA:99,15,1,0
BRDA:99,16,0,0
BRDA:99,16,1,0
BRDA:124,17,0,0
BRDA:124,18,0,0
BRDA:127,19,0,0
BRDA:127,19,1,0
BRDA:128,20,0,0
BRDA:128,20,1,0
BRDA:133,21,0,0
BRDA:133,21,1,0
BRDA:135,22,0,0
BRDA:135,22,1,0
BRDA:139,23,0,0
BRDA:139,23,1,0
BRDA:139,24,0,0
BRDA:139,24,1,0
BRDA:140,25,0,0
BRDA:140,25,1,0
BRDA:140,26,0,0
BRDA:140,26,1,0
BRDA:141,27,0,0
BRDA:141,27,1,0
BRDA:141,28,0,0
BRDA:141,28,1,0
BRDA:144,29,0,0
BRDA:144,29,1,0
BRDA:144,30,0,0
BRDA:144,30,1,0
BRDA:146,31,0,0
BRDA:146,31,1,0
BRDA:146,32,0,0
BRDA:146,32,1,0
BRDA:181,33,0,0
BRDA:181,33,1,0
BRDA:191,34,0,0
BRDA:191,34,1,0
BRDA:196,35,0,0
BRDA:196,35,1,0
BRDA:196,36,0,0
BRDA:196,36,1,0
BRDA:213,37,0,0
BRDA:213,37,1,0
BRDA:217,38,0,0
BRDA:217,38,1,0
BRDA:227,39,0,0
BRDA:227,39,1,0
BRDA:247,40,0,0
BRDA:247,40,1,0
BRDA:251,41,0,0
BRDA:251,41,1,0
BRDA:255,42,0,0
BRDA:255,42,1,0
BRDA:255,43,0,0
BRDA:255,43,1,0
BRDA:259,44,0,0
BRDA:259,44,1,0
BRDA:259,45,0,0
BRDA:259,45,1,0
BRDA:264,46,0,0
BRDA:264,46,1,0
BRDA:269,47,0,0
BRDA:269,47,1,0
BRDA:269,48,0,0
BRDA:269,48,1,0
BRDA:280,49,0,0
BRDA:280,49,1,0
BRDA:298,50,0,0
BRDA:298,50,1,0
BRDA:305,51,0,0
BRDA:305,51,1,0
BRDA:308,52,0,0
BRDA:308,52,1,0
BRDA:308,53,0,0
BRDA:308,53,1,0
BRDA:323,54,0,0
BRDA:323,54,1,0
BRDA:329,55,0,0
BRDA:329,55,1,0
BRDA:329,56,0,0
BRDA:329,56,1,0
BRDA:329,56,2,0
BRDA:332,57,0,0
BRDA:332,57,1,0
BRDA:337,58,0,0
BRDA:337,58,1,0
BRDA:354,59,0,0
BRDA:354,59,1,0
BRDA:356,60,0,0
BRDA:356,60,1,0
BRDA:356,61,0,0
BRDA:356,61,1,0
BRDA:360,62,0,0
BRDA:360,62,1,0
BRDA:374,63,0,0
BRDA:374,63,1,0
BRDA:378,64,0,0
BRDA:378,64,1,0
BRDA:382,65,0,0
BRDA:382,65,1,0
BRDA:383,66,0,0
BRDA:383,66,1,0
BRDA:384,67,0,0
BRDA:384,67,1,0
BRDA:384,68,0,0
BRDA:384,68,1,0
BRDA:391,69,0,0
BRDA:391,69,1,0
BRF:139
BRH:0
end_of_record
TN:
SF:controllers\superAdminDashboard.controller.js
FN:6,(anonymous_0)
FNF:1
FNH:0
FNDA:0,(anonymous_0)
DA:6,0
DA:7,0
DA:9,0
DA:21,0
DA:26,0
DA:34,0
DA:42,0
DA:49,0
LF:8
LH:0
BRDA:43,0,0,0
BRDA:43,0,1,0
BRF:2
BRH:0
end_of_record
TN:
SF:controllers\user.controller.js
FN:7,(anonymous_0)
FN:67,(anonymous_1)
FN:114,(anonymous_2)
FN:140,(anonymous_3)
FN:191,(anonymous_4)
FN:220,(anonymous_5)
FNF:6
FNH:0
FNDA:0,(anonymous_0)
FNDA:0,(anonymous_1)
FNDA:0,(anonymous_2)
FNDA:0,(anonymous_3)
FNDA:0,(anonymous_4)
FNDA:0,(anonymous_5)
DA:7,0
DA:8,0
DA:9,0
DA:12,0
DA:14,0
DA:16,0
DA:17,0
DA:19,0
DA:21,0
DA:22,0
DA:23,0
DA:28,0
DA:29,0
DA:36,0
DA:37,0
DA:38,0
DA:40,0
DA:50,0
DA:52,0
DA:61,0
DA:62,0
DA:67,0
DA:68,0
DA:69,0
DA:72,0
DA:73,0
DA:74,0
DA:76,0
DA:79,0
DA:80,0
DA:82,0
DA:87,0
DA:88,0
DA:94,0
DA:103,0
DA:108,0
DA:109,0
DA:114,0
DA:115,0
DA:116,0
DA:118,0
DA:120,0
DA:121,0
DA:125,0
DA:126,0
DA:127,0
DA:130,0
DA:131,0
DA:134,0
DA:136,0
DA:140,0
DA:141,0
DA:142,0
DA:143,0
DA:144,0
DA:146,0
DA:147,0
DA:150,0
DA:151,0
DA:152,0
DA:154,0
DA:155,0
DA:160,0
DA:161,0
DA:162,0
DA:163,0
DA:164,0
DA:165,0
DA:166,0
DA:169,0
DA:170,0
DA:172,0
DA:173,0
DA:175,0
DA:176,0
DA:179,0
DA:181,0
DA:182,0
DA:184,0
DA:186,0
DA:191,0
DA:192,0
DA:193,0
DA:194,0
DA:196,0
DA:199,0
DA:200,0
DA:204,0
DA:205,0
DA:209,0
DA:210,0
DA:212,0
DA:213,0
DA:215,0
DA:220,0
DA:221,0
DA:222,0
DA:223,0
DA:224,0
DA:226,0
DA:227,0
DA:230,0
DA:231,0
DA:234,0
DA:235,0
DA:237,0
LF:106
LH:0
BRDA:12,0,0,0
BRDA:12,0,1,0
BRDA:16,1,0,0
BRDA:16,1,1,0
BRDA:19,2,0,0
BRDA:19,2,1,0
BRDA:22,3,0,0
BRDA:22,3,1,0
BRDA:28,4,0,0
BRDA:28,4,1,0
BRDA:36,5,0,0
BRDA:36,5,1,0
BRDA:37,6,0,0
BRDA:37,6,1,0
BRDA:69,7,0,0
BRDA:69,8,0,0
BRDA:69,9,0,0
BRDA:72,10,0,0
BRDA:72,10,1,0
BRDA:73,11,0,0
BRDA:73,11,1,0
BRDA:79,12,0,0
BRDA:79,12,1,0
BRDA:80,13,0,0
BRDA:80,13,1,0
BRDA:87,14,0,0
BRDA:87,14,1,0
BRDA:120,15,0,0
BRDA:120,15,1,0
BRDA:127,16,0,0
BRDA:127,16,1,0
BRDA:130,17,0,0
BRDA:130,17,1,0
BRDA:130,18,0,0
BRDA:130,18,1,0
BRDA:130,18,2,0
BRDA:147,19,0,0
BRDA:147,19,1,0
BRDA:150,20,0,0
BRDA:150,20,1,0
BRDA:151,21,0,0
BRDA:151,21,1,0
BRDA:154,22,0,0
BRDA:154,22,1,0
BRDA:161,23,0,0
BRDA:161,23,1,0
BRDA:162,24,0,0
BRDA:162,24,1,0
BRDA:163,25,0,0
BRDA:163,25,1,0
BRDA:164,26,0,0
BRDA:164,26,1,0
BRDA:165,27,0,0
BRDA:165,27,1,0
BRDA:166,28,0,0
BRDA:166,28,1,0
BRDA:169,29,0,0
BRDA:169,29,1,0
BRDA:169,30,0,0
BRDA:169,30,1,0
BRDA:172,31,0,0
BRDA:172,31,1,0
BRDA:172,32,0,0
BRDA:172,32,1,0
BRDA:173,33,0,0
BRDA:173,33,1,0
BRDA:175,34,0,0
BRDA:175,34,1,0
BRDA:175,35,0,0
BRDA:175,35,1,0
BRDA:176,36,0,0
BRDA:176,36,1,0
BRDA:179,37,0,0
BRDA:179,37,1,0
BRDA:196,38,0,0
BRDA:196,38,1,0
BRDA:199,39,0,0
BRDA:199,39,1,0
BRDA:204,40,0,0
BRDA:204,40,1,0
BRDA:204,41,0,0
BRDA:204,41,1,0
BRDA:209,42,0,0
BRDA:209,42,1,0
BRDA:224,43,0,0
BRDA:224,43,1,0
BRDA:226,44,0,0
BRDA:226,44,1,0
BRDA:230,45,0,0
BRDA:230,45,1,0
BRF:90
BRH:0
end_of_record
TN:
SF:middlewares\adminMiddleware.js
FN:1,(anonymous_0)
FNF:1
FNH:0
FNDA:0,(anonymous_0)
DA:1,0
DA:2,0
DA:3,0
DA:5,0
LF:4
LH:0
BRDA:2,0,0,0
BRDA:2,0,1,0
BRDA:2,1,0,0
BRDA:2,1,1,0
BRF:4
BRH:0
end_of_record
TN:
SF:middlewares\auditMiddleware.js
FN:7,(anonymous_0)
FN:8,(anonymous_1)
FN:23,(anonymous_2)
FN:36,(anonymous_3)
FN:51,(anonymous_4)
FN:62,(anonymous_5)
FN:75,(anonymous_6)
FN:88,(anonymous_7)
FN:91,(anonymous_8)
FNF:9
FNH:0
FNDA:0,(anonymous_0)
FNDA:0,(anonymous_1)
FNDA:0,(anonymous_2)
FNDA:0,(anonymous_3)
FNDA:0,(anonymous_4)
FNDA:0,(anonymous_5)
FNDA:0,(anonymous_6)
FNDA:0,(anonymous_7)
FNDA:0,(anonymous_8)
DA:7,0
DA:8,0
DA:10,0
DA:22,0
DA:23,0
DA:25,0
DA:26,0
DA:33,0
DA:36,0
DA:37,0
DA:41,0
DA:44,0
DA:51,0
DA:52,0
DA:59,0
DA:60,0
DA:62,0
DA:63,0
DA:64,0
DA:68,0
DA:75,0
DA:76,0
DA:81,0
DA:88,0
DA:89,0
DA:91,0
DA:92,0
DA:93,0
DA:100,0
LF:29
LH:0
BRDA:25,0,0,0
BRDA:25,0,1,0
BRDA:25,1,0,0
BRDA:25,1,1,0
BRDA:29,2,0,0
BRDA:29,2,1,0
BRDA:59,3,0,0
BRDA:59,3,1,0
BRDA:59,4,0,0
BRDA:59,4,1,0
BRDA:63,5,0,0
BRDA:63,5,1,0
BRDA:63,6,0,0
BRDA:63,6,1,0
BRDA:92,7,0,0
BRDA:92,7,1,0
BRDA:100,8,0,0
BRDA:100,8,1,0
BRF:18
BRH:0
end_of_record
TN:
SF:middlewares\authMiddleware.js
FN:3,(anonymous_0)
FN:20,(anonymous_1)
FN:21,(anonymous_2)
FNF:3
FNH:0
FNDA:0,(anonymous_0)
FNDA:0,(anonymous_1)
FNDA:0,(anonymous_2)
DA:3,0
DA:4,0
DA:5,0
DA:7,0
DA:8,0
DA:9,0
DA:14,0
DA:16,0
DA:20,0
DA:21,0
DA:22,0
DA:23,0
DA:28,0
LF:13
LH:0
BRDA:5,0,0,0
BRDA:5,0,1,0
BRDA:22,1,0,0
BRDA:22,1,1,0
BRDA:22,2,0,0
BRDA:22,2,1,0
BRF:6
BRH:0
end_of_record
TN:
SF:middlewares\authorizationMiddleware.js
FN:11,(anonymous_0)
FN:12,(anonymous_1)
FN:36,(anonymous_2)
FN:37,(anonymous_3)
FN:68,(anonymous_4)
FN:69,(anonymous_5)
FNF:6
FNH:0
FNDA:0,(anonymous_0)
FNDA:0,(anonymous_1)
FNDA:0,(anonymous_2)
FNDA:0,(anonymous_3)
FNDA:0,(anonymous_4)
FNDA:0,(anonymous_5)
DA:11,0
DA:12,0
DA:13,0
DA:14,0
DA:20,0
DA:21,0
DA:27,0
DA:36,0
DA:37,0
DA:38,0
DA:39,0
DA:46,0
DA:47,0
DA:51,0
DA:52,0
DA:53,0
DA:56,0
DA:68,0
DA:69,0
DA:70,0
DA:71,0
DA:78,0
DA:79,0
DA:83,0
DA:84,0
DA:90,0
DA:91,0
DA:92,0
DA:98,0
LF:29
LH:0
BRDA:13,0,0,0
BRDA:13,0,1,0
BRDA:20,1,0,0
BRDA:20,1,1,0
BRDA:36,2,0,0
BRDA:38,3,0,0
BRDA:38,3,1,0
BRDA:46,4,0,0
BRDA:46,4,1,0
BRDA:51,5,0,0
BRDA:51,5,1,0
BRDA:52,6,0,0
BRDA:52,6,1,0
BRDA:52,7,0,0
BRDA:52,7,1,0
BRDA:68,8,0,0
BRDA:70,9,0,0
BRDA:70,9,1,0
BRDA:78,10,0,0
BRDA:78,10,1,0
BRDA:83,11,0,0
BRDA:83,11,1,0
BRDA:90,12,0,0
BRDA:90,12,1,0
BRDA:90,12,2,0
BRDA:91,13,0,0
BRDA:91,13,1,0
BRDA:91,14,0,0
BRDA:91,14,1,0
BRF:29
BRH:0
end_of_record
TN:
SF:middlewares\caching.js
FN:5,(anonymous_0)
FN:13,(anonymous_1)
FN:18,(anonymous_2)
FN:22,(anonymous_3)
FN:36,(anonymous_4)
FN:50,(anonymous_5)
FN:57,(anonymous_6)
FN:62,(anonymous_7)
FN:67,(anonymous_8)
FN:79,(anonymous_9)
FN:80,(anonymous_10)
FN:101,(anonymous_11)
FN:104,(anonymous_12)
FN:127,(anonymous_13)
FN:150,(anonymous_14)
FN:151,(anonymous_15)
FN:154,(anonymous_16)
FN:156,(anonymous_17)
FN:158,(anonymous_18)
FN:170,(anonymous_19)
FN:200,(anonymous_20)
FNF:21
FNH:0
FNDA:0,(anonymous_0)
FNDA:0,(anonymous_1)
FNDA:0,(anonymous_2)
FNDA:0,(anonymous_3)
FNDA:0,(anonymous_4)
FNDA:0,(anonymous_5)
FNDA:0,(anonymous_6)
FNDA:0,(anonymous_7)
FNDA:0,(anonymous_8)
FNDA:0,(anonymous_9)
FNDA:0,(anonymous_10)
FNDA:0,(anonymous_11)
FNDA:0,(anonymous_12)
FNDA:0,(anonymous_13)
FNDA:0,(anonymous_14)
FNDA:0,(anonymous_15)
FNDA:0,(anonymous_16)
FNDA:0,(anonymous_17)
FNDA:0,(anonymous_18)
FNDA:0,(anonymous_19)
FNDA:0,(anonymous_20)
DA:3,0
DA:5,0
DA:6,0
DA:7,0
DA:14,0
DA:15,0
DA:18,0
DA:19,0
DA:20,0
DA:22,0
DA:23,0
DA:24,0
DA:25,0
DA:26,0
DA:30,0
DA:31,0
DA:37,0
DA:38,0
DA:40,0
DA:41,0
DA:42,0
DA:43,0
DA:44,0
DA:47,0
DA:51,0
DA:52,0
DA:53,0
DA:58,0
DA:59,0
DA:63,0
DA:64,0
DA:68,0
DA:72,0
DA:73,0
DA:79,0
DA:80,0
DA:81,0
DA:82,0
DA:86,0
DA:88,0
DA:89,0
DA:90,0
DA:91,0
DA:92,0
DA:93,0
DA:96,0
DA:100,0
DA:101,0
DA:102,0
DA:103,0
DA:104,0
DA:105,0
DA:108,0
DA:111,0
DA:117,0
DA:127,0
DA:128,0
DA:129,0
DA:130,0
DA:131,0
DA:132,0
DA:133,0
DA:136,0
DA:137,0
DA:138,0
DA:139,0
DA:142,0
DA:145,0
DA:150,0
DA:151,0
DA:152,0
DA:153,0
DA:154,0
DA:155,0
DA:156,0
DA:157,0
DA:158,0
DA:161,0
DA:165,0
DA:170,0
DA:171,0
DA:172,0
DA:178,0
DA:179,0
DA:180,0
DA:182,0
DA:183,0
DA:186,0
DA:191,0
DA:192,0
DA:200,0
DA:201,0
DA:202,0
DA:204,0
DA:205,0
DA:211,0
DA:213,0
DA:218,0
DA:219,0
LF:99
LH:0
BRDA:23,0,0,0
BRDA:23,0,1,0
BRDA:30,1,0,0
BRDA:30,1,1,0
BRDA:38,2,0,0
BRDA:38,2,1,0
BRDA:41,3,0,0
BRDA:41,3,1,0
BRDA:41,4,0,0
BRDA:41,4,1,0
BRDA:50,5,0,0
BRDA:52,6,0,0
BRDA:52,6,1,0
BRDA:73,7,0,0
BRDA:73,7,1,0
BRDA:79,8,0,0
BRDA:81,9,0,0
BRDA:81,9,1,0
BRDA:90,10,0,0
BRDA:90,10,1,0
BRDA:102,11,0,0
BRDA:102,11,1,0
BRDA:102,12,0,0
BRDA:102,12,1,0
BRDA:129,13,0,0
BRDA:129,13,1,0
BRDA:129,14,0,0
BRDA:129,14,1,0
BRDA:131,15,0,0
BRDA:131,15,1,0
BRDA:138,16,0,0
BRDA:138,16,1,0
BRDA:152,17,0,0
BRDA:152,17,1,0
BRDA:155,18,0,0
BRDA:155,18,1,0
BRDA:155,19,0,0
BRDA:155,19,1,0
BRDA:173,20,0,0
BRDA:173,20,1,0
BRDA:178,21,0,0
BRDA:178,21,1,0
BRDA:178,22,0,0
BRDA:178,22,1,0
BRDA:204,23,0,0
BRDA:204,23,1,0
BRF:46
BRH:0
end_of_record
TN:
SF:middlewares\errorHandler.js
FN:4,(anonymous_0)
FN:22,(anonymous_1)
FNF:2
FNH:0
FNDA:0,(anonymous_0)
FNDA:0,(anonymous_1)
DA:4,0
DA:5,0
DA:6,0
DA:7,0
DA:8,0
DA:11,0
DA:19,0
DA:20,0
DA:21,0
DA:22,0
DA:26,0
DA:27,0
DA:28,0
DA:29,0
DA:33,0
DA:34,0
DA:35,0
DA:38,0
DA:39,0
DA:40,0
DA:44,0
DA:45,0
DA:46,0
DA:50,0
DA:51,0
DA:55,0
DA:60,0
DA:61,0
DA:63,0
LF:29
LH:0
BRDA:6,0,0,0
BRDA:6,0,1,0
BRDA:6,0,2,0
BRDA:7,1,0,0
BRDA:7,1,1,0
BRDA:15,2,0,0
BRDA:15,2,1,0
BRDA:19,3,0,0
BRDA:19,3,1,0
BRDA:26,4,0,0
BRDA:26,4,1,0
BRDA:28,5,0,0
BRDA:28,5,1,0
BRDA:28,6,0,0
BRDA:28,6,1,0
BRDA:33,7,0,0
BRDA:33,7,1,0
BRDA:38,8,0,0
BRDA:38,8,1,0
BRDA:44,9,0,0
BRDA:44,9,1,0
BRDA:50,10,0,0
BRDA:50,10,1,0
BRDA:50,11,0,0
BRDA:50,11,1,0
BRDA:60,12,0,0
BRDA:60,12,1,0
BRDA:61,13,0,0
BRDA:61,13,1,0
BRDA:61,14,0,0
BRDA:61,14,1,0
BRDA:61,14,2,0
BRF:32
BRH:0
end_of_record
TN:
SF:middlewares\loggingMiddleware.js
FN:7,(anonymous_0)
FN:26,(anonymous_1)
FN:57,(anonymous_2)
FN:84,(anonymous_3)
FN:96,(anonymous_4)
FN:108,(anonymous_5)
FNF:6
FNH:0
FNDA:0,(anonymous_0)
FNDA:0,(anonymous_1)
FNDA:0,(anonymous_2)
FNDA:0,(anonymous_3)
FNDA:0,(anonymous_4)
FNDA:0,(anonymous_5)
DA:7,0
DA:8,0
DA:9,0
DA:12,0
DA:13,0
DA:16,0
DA:25,0
DA:26,0
DA:27,0
DA:28,0
DA:31,0
DA:32,0
DA:40,0
DA:48,0
DA:51,0
DA:57,0
DA:58,0
DA:69,0
DA:70,0
DA:75,0
DA:78,0
DA:84,0
DA:85,0
DA:96,0
DA:97,0
DA:108,0
DA:109,0
LF:27
LH:0
BRDA:21,0,0,0
BRDA:21,0,1,0
BRDA:31,1,0,0
BRDA:31,1,1,0
BRDA:62,2,0,0
BRDA:62,2,1,0
BRDA:64,3,0,0
BRDA:64,3,1,0
BRDA:69,4,0,0
BRDA:69,4,1,0
BRDA:84,5,0,0
BRDA:96,6,0,0
BRF:12
BRH:0
end_of_record
TN:
SF:middlewares\performanceOptimization.js
FN:6,(anonymous_0)
FN:24,(anonymous_1)
FN:30,(anonymous_2)
FN:68,(anonymous_3)
FN:69,(anonymous_4)
FN:100,(anonymous_5)
FN:111,(anonymous_6)
FN:121,(anonymous_7)
FN:130,(anonymous_8)
FN:131,(anonymous_9)
FN:142,(anonymous_10)
FN:152,(anonymous_11)
FN:156,(anonymous_12)
FN:166,(anonymous_13)
FNF:14
FNH:0
FNDA:0,(anonymous_0)
FNDA:0,(anonymous_1)
FNDA:0,(anonymous_2)
FNDA:0,(anonymous_3)
FNDA:0,(anonymous_4)
FNDA:0,(anonymous_5)
FNDA:0,(anonymous_6)
FNDA:0,(anonymous_7)
FNDA:0,(anonymous_8)
FNDA:0,(anonymous_9)
FNDA:0,(anonymous_10)
FNDA:0,(anonymous_11)
FNDA:0,(anonymous_12)
FNDA:0,(anonymous_13)
DA:5,0
DA:8,0
DA:9,0
DA:12,0
DA:13,0
DA:14,0
DA:17,0
DA:24,0
DA:25,0
DA:26,0
DA:29,0
DA:30,0
DA:31,0
DA:32,0
DA:35,0
DA:38,0
DA:39,0
DA:49,0
DA:50,0
DA:58,0
DA:61,0
DA:65,0
DA:66,0
DA:68,0
DA:69,0
DA:70,0
DA:71,0
DA:72,0
DA:75,0
DA:76,0
DA:77,0
DA:82,0
DA:84,0
DA:86,0
DA:87,0
DA:92,0
DA:101,0
DA:112,0
DA:121,0
DA:123,0
DA:124,0
DA:126,0
DA:131,0
DA:132,0
DA:134,0
DA:135,0
DA:136,0
DA:139,0
DA:143,0
DA:144,0
DA:149,0
DA:152,0
DA:153,0
DA:155,0
DA:156,0
DA:157,0
DA:158,0
DA:159,0
DA:162,0
DA:166,0
DA:167,0
DA:168,0
DA:169,0
DA:171,0
LF:64
LH:0
BRDA:8,0,0,0
BRDA:8,0,1,0
BRDA:13,1,0,0
BRDA:13,1,1,0
BRDA:13,2,0,0
BRDA:13,2,1,0
BRDA:38,3,0,0
BRDA:38,3,1,0
BRDA:49,4,0,0
BRDA:49,4,1,0
BRDA:75,5,0,0
BRDA:75,5,1,0
BRDA:76,6,0,0
BRDA:76,6,1,0
BRDA:84,7,0,0
BRDA:84,7,1,0
BRDA:86,8,0,0
BRDA:86,8,1,0
BRDA:123,9,0,0
BRDA:123,9,1,0
BRDA:132,10,0,0
BRDA:132,10,1,0
BRF:22
BRH:0
end_of_record
TN:
SF:middlewares\validateRequest.js
FN:2,(anonymous_0)
FN:20,(anonymous_1)
FN:55,(anonymous_2)
FN:98,(anonymous_3)
FN:133,(anonymous_4)
FN:168,(anonymous_5)
FN:203,(anonymous_6)
FN:247,(anonymous_7)
FNF:8
FNH:0
FNDA:0,(anonymous_0)
FNDA:0,(anonymous_1)
FNDA:0,(anonymous_2)
FNDA:0,(anonymous_3)
FNDA:0,(anonymous_4)
FNDA:0,(anonymous_5)
FNDA:0,(anonymous_6)
FNDA:0,(anonymous_7)
DA:2,0
DA:3,0
DA:4,0
DA:7,0
DA:8,0
DA:12,0
DA:13,0
DA:17,0
DA:18,0
DA:20,0
DA:21,0
DA:22,0
DA:24,0
DA:25,0
DA:27,0
DA:28,0
DA:34,0
DA:35,0
DA:36,0
DA:37,0
DA:38,0
DA:39,0
DA:40,0
DA:44,0
DA:45,0
DA:52,0
DA:55,0
DA:56,0
DA:57,0
DA:59,0
DA:60,0
DA:63,0
DA:64,0
DA:67,0
DA:68,0
DA:71,0
DA:72,0
DA:75,0
DA:76,0
DA:79,0
DA:80,0
DA:83,0
DA:84,0
DA:87,0
DA:88,0
DA:95,0
DA:98,0
DA:99,0
DA:100,0
DA:102,0
DA:103,0
DA:106,0
DA:107,0
DA:110,0
DA:111,0
DA:114,0
DA:115,0
DA:118,0
DA:119,0
DA:122,0
DA:123,0
DA:130,0
DA:133,0
DA:134,0
DA:135,0
DA:137,0
DA:138,0
DA:141,0
DA:142,0
DA:145,0
DA:146,0
DA:149,0
DA:150,0
DA:153,0
DA:154,0
DA:157,0
DA:158,0
DA:165,0
DA:168,0
DA:169,0
DA:170,0
DA:172,0
DA:173,0
DA:176,0
DA:177,0
DA:180,0
DA:181,0
DA:184,0
DA:185,0
DA:188,0
DA:189,0
DA:192,0
DA:193,0
DA:200,0
DA:203,0
DA:204,0
DA:205,0
DA:208,0
DA:209,0
DA:213,0
DA:214,0
DA:215,0
DA:220,0
DA:221,0
DA:225,0
DA:226,0
DA:230,0
DA:231,0
DA:232,0
DA:236,0
DA:237,0
DA:244,0
DA:247,0
DA:248,0
DA:250,0
DA:251,0
DA:252,0
DA:253,0
DA:261,0
DA:262,0
DA:263,0
DA:264,0
DA:272,0
LF:123
LH:0
BRDA:3,0,0,0
BRDA:3,0,1,0
BRDA:7,1,0,0
BRDA:7,1,1,0
BRDA:7,2,0,0
BRDA:7,2,1,0
BRDA:12,3,0,0
BRDA:12,3,1,0
BRDA:12,4,0,0
BRDA:12,4,1,0
BRDA:17,5,0,0
BRDA:17,5,1,0
BRDA:17,6,0,0
BRDA:17,6,1,0
BRDA:21,7,0,0
BRDA:21,7,1,0
BRDA:21,8,0,0
BRDA:21,8,1,0
BRDA:24,9,0,0
BRDA:24,9,1,0
BRDA:24,10,0,0
BRDA:24,10,1,0
BRDA:24,10,2,0
BRDA:27,11,0,0
BRDA:27,11,1,0
BRDA:27,12,0,0
BRDA:27,12,1,0
BRDA:27,12,2,0
BRDA:34,13,0,0
BRDA:34,13,1,0
BRDA:37,14,0,0
BRDA:37,14,1,0
BRDA:39,15,0,0
BRDA:39,15,1,0
BRDA:44,16,0,0
BRDA:44,16,1,0
BRDA:56,17,0,0
BRDA:56,17,1,0
BRDA:59,18,0,0
BRDA:59,18,1,0
BRDA:59,19,0,0
BRDA:59,19,1,0
BRDA:63,20,0,0
BRDA:63,20,1,0
BRDA:63,21,0,0
BRDA:63,21,1,0
BRDA:67,22,0,0
BRDA:67,22,1,0
BRDA:67,23,0,0
BRDA:67,23,1,0
BRDA:71,24,0,0
BRDA:71,24,1,0
BRDA:71,25,0,0
BRDA:71,25,1,0
BRDA:71,25,2,0
BRDA:75,26,0,0
BRDA:75,26,1,0
BRDA:75,27,0,0
BRDA:75,27,1,0
BRDA:79,28,0,0
BRDA:79,28,1,0
BRDA:79,29,0,0
BRDA:79,29,1,0
BRDA:79,29,2,0
BRDA:83,30,0,0
BRDA:83,30,1,0
BRDA:87,31,0,0
BRDA:87,31,1,0
BRDA:99,32,0,0
BRDA:99,32,1,0
BRDA:102,33,0,0
BRDA:102,33,1,0
BRDA:102,34,0,0
BRDA:102,34,1,0
BRDA:106,35,0,0
BRDA:106,35,1,0
BRDA:106,36,0,0
BRDA:106,36,1,0
BRDA:106,36,2,0
BRDA:110,37,0,0
BRDA:110,37,1,0
BRDA:110,38,0,0
BRDA:110,38,1,0
BRDA:114,39,0,0
BRDA:114,39,1,0
BRDA:114,40,0,0
BRDA:114,40,1,0
BRDA:118,41,0,0
BRDA:118,41,1,0
BRDA:118,42,0,0
BRDA:118,42,1,0
BRDA:122,43,0,0
BRDA:122,43,1,0
BRDA:134,44,0,0
BRDA:134,44,1,0
BRDA:137,45,0,0
BRDA:137,45,1,0
BRDA:137,46,0,0
BRDA:137,46,1,0
BRDA:141,47,0,0
BRDA:141,47,1,0
BRDA:141,48,0,0
BRDA:141,48,1,0
BRDA:145,49,0,0
BRDA:145,49,1,0
BRDA:145,50,0,0
BRDA:145,50,1,0
BRDA:145,50,2,0
BRDA:149,51,0,0
BRDA:149,51,1,0
BRDA:149,52,0,0
BRDA:149,52,1,0
BRDA:149,52,2,0
BRDA:153,53,0,0
BRDA:153,53,1,0
BRDA:153,54,0,0
BRDA:153,54,1,0
BRDA:153,54,2,0
BRDA:157,55,0,0
BRDA:157,55,1,0
BRDA:169,56,0,0
BRDA:169,56,1,0
BRDA:172,57,0,0
BRDA:172,57,1,0
BRDA:172,58,0,0
BRDA:172,58,1,0
BRDA:176,59,0,0
BRDA:176,59,1,0
BRDA:176,60,0,0
BRDA:176,60,1,0
BRDA:176,60,2,0
BRDA:176,60,3,0
BRDA:180,61,0,0
BRDA:180,61,1,0
BRDA:180,62,0,0
BRDA:180,62,1,0
BRDA:184,63,0,0
BRDA:184,63,1,0
BRDA:184,64,0,0
BRDA:184,64,1,0
BRDA:188,65,0,0
BRDA:188,65,1,0
BRDA:188,66,0,0
BRDA:188,66,1,0
BRDA:192,67,0,0
BRDA:192,67,1,0
BRDA:204,68,0,0
BRDA:204,68,1,0
BRDA:208,69,0,0
BRDA:208,69,1,0
BRDA:208,70,0,0
BRDA:208,70,1,0
BRDA:213,71,0,0
BRDA:213,71,1,0
BRDA:214,72,0,0
BRDA:214,72,1,0
BRDA:214,73,0,0
BRDA:214,73,1,0
BRDA:214,73,2,0
BRDA:214,73,3,0
BRDA:220,74,0,0
BRDA:220,74,1,0
BRDA:220,75,0,0
BRDA:220,75,1,0
BRDA:225,76,0,0
BRDA:225,76,1,0
BRDA:225,77,0,0
BRDA:225,77,1,0
BRDA:230,78,0,0
BRDA:230,78,1,0
BRDA:231,79,0,0
BRDA:231,79,1,0
BRDA:231,80,0,0
BRDA:231,80,1,0
BRDA:236,81,0,0
BRDA:236,81,1,0
BRDA:250,82,0,0
BRDA:250,82,1,0
BRDA:252,83,0,0
BRDA:252,83,1,0
BRDA:252,84,0,0
BRDA:252,84,1,0
BRDA:261,85,0,0
BRDA:261,85,1,0
BRDA:263,86,0,0
BRDA:263,86,1,0
BRDA:263,87,0,0
BRDA:263,87,1,0
BRDA:263,87,2,0
BRF:189
BRH:0
end_of_record
TN:
SF:middlewares\validationMiddleware.js
FN:3,(anonymous_0)
FN:31,(anonymous_1)
FN:50,(anonymous_2)
FN:75,(anonymous_3)
FN:114,(anonymous_4)
FN:124,(anonymous_5)
FNF:6
FNH:0
FNDA:0,(anonymous_0)
FNDA:0,(anonymous_1)
FNDA:0,(anonymous_2)
FNDA:0,(anonymous_3)
FNDA:0,(anonymous_4)
FNDA:0,(anonymous_5)
DA:3,1
DA:4,0
DA:6,0
DA:8,0
DA:9,0
DA:11,0
DA:12,0
DA:14,0
DA:15,0
DA:17,0
DA:18,0
DA:20,0
DA:21,0
DA:24,0
DA:25,0
DA:28,0
DA:31,1
DA:32,0
DA:34,0
DA:36,0
DA:37,0
DA:39,0
DA:40,0
DA:43,0
DA:44,0
DA:47,0
DA:50,1
DA:59,0
DA:61,0
DA:64,0
DA:67,0
DA:68,0
DA:72,0
DA:73,0
DA:75,0
DA:76,0
DA:78,0
DA:80,0
DA:81,0
DA:85,0
DA:86,0
DA:92,0
DA:93,0
DA:94,0
DA:97,0
DA:98,0
DA:99,0
DA:103,0
DA:104,0
DA:111,0
DA:114,1
DA:115,0
DA:117,0
DA:118,0
DA:121,0
DA:124,1
DA:125,0
DA:126,0
DA:128,0
DA:129,0
DA:130,0
DA:132,0
DA:134,0
LF:63
LH:5
BRDA:4,0,0,0
BRDA:4,0,1,0
BRDA:8,1,0,0
BRDA:8,1,1,0
BRDA:8,2,0,0
BRDA:8,2,1,0
BRDA:11,3,0,0
BRDA:11,3,1,0
BRDA:11,4,0,0
BRDA:11,4,1,0
BRDA:14,5,0,0
BRDA:14,5,1,0
BRDA:14,6,0,0
BRDA:14,6,1,0
BRDA:17,7,0,0
BRDA:17,7,1,0
BRDA:17,8,0,0
BRDA:17,8,1,0
BRDA:20,9,0,0
BRDA:20,9,1,0
BRDA:24,10,0,0
BRDA:24,10,1,0
BRDA:32,11,0,0
BRDA:32,11,1,0
BRDA:36,12,0,0
BRDA:36,12,1,0
BRDA:36,13,0,0
BRDA:36,13,1,0
BRDA:39,14,0,0
BRDA:39,14,1,0
BRDA:39,15,0,0
BRDA:39,15,1,0
BRDA:43,16,0,0
BRDA:43,16,1,0
BRDA:59,17,0,0
BRDA:59,17,1,0
BRDA:64,18,0,0
BRDA:64,18,1,0
BRDA:67,19,0,0
BRDA:67,19,1,0
BRDA:67,20,0,0
BRDA:67,20,1,0
BRDA:67,20,2,0
BRDA:72,21,0,0
BRDA:72,21,1,0
BRDA:72,22,0,0
BRDA:72,22,1,0
BRDA:72,22,2,0
BRDA:78,23,0,0
BRDA:78,23,1,0
BRDA:80,24,0,0
BRDA:80,24,1,0
BRDA:80,25,0,0
BRDA:80,25,1,0
BRDA:85,26,0,0
BRDA:85,26,1,0
BRDA:85,27,0,0
BRDA:85,27,1,0
BRDA:93,28,0,0
BRDA:93,28,1,0
BRDA:93,29,0,0
BRDA:93,29,1,0
BRDA:98,30,0,0
BRDA:98,30,1,0
BRDA:98,31,0,0
BRDA:98,31,1,0
BRDA:103,32,0,0
BRDA:103,32,1,0
BRDA:115,33,0,0
BRDA:115,33,1,0
BRDA:117,34,0,0
BRDA:117,34,1,0
BRDA:117,35,0,0
BRDA:117,35,1,0
BRDA:125,36,0,0
BRDA:125,36,1,0
BRDA:128,37,0,0
BRDA:128,37,1,0
BRDA:128,38,0,0
BRDA:128,38,1,0
BRDA:129,39,0,0
BRDA:129,39,1,0
BRDA:129,40,0,0
BRDA:129,40,1,0
BRDA:130,41,0,0
BRDA:130,41,1,0
BRDA:130,42,0,0
BRDA:130,42,1,0
BRDA:132,43,0,0
BRDA:132,43,1,0
BRF:90
BRH:0
end_of_record
TN:
SF:services\analyticsService.js
FN:11,(anonymous_0)
FN:80,(anonymous_1)
FN:81,(anonymous_2)
FN:82,(anonymous_3)
FN:85,(anonymous_4)
FN:102,(anonymous_5)
FN:189,(anonymous_6)
FN:190,(anonymous_7)
FN:191,(anonymous_8)
FN:227,(anonymous_9)
FN:269,(anonymous_10)
FNF:11
FNH:0
FNDA:0,(anonymous_0)
FNDA:0,(anonymous_1)
FNDA:0,(anonymous_2)
FNDA:0,(anonymous_3)
FNDA:0,(anonymous_4)
FNDA:0,(anonymous_5)
FNDA:0,(anonymous_6)
FNDA:0,(anonymous_7)
FNDA:0,(anonymous_8)
FNDA:0,(anonymous_9)
FNDA:0,(anonymous_10)
DA:9,0
DA:12,0
DA:14,0
DA:15,0
DA:16,0
DA:18,0
DA:22,0
DA:23,0
DA:29,0
DA:58,0
DA:59,0
DA:62,0
DA:68,0
DA:73,0
DA:80,0
DA:81,0
DA:82,0
DA:85,0
DA:88,0
DA:94,0
DA:95,0
DA:103,0
DA:105,0
DA:106,0
DA:109,0
DA:110,0
DA:113,0
DA:114,0
DA:124,0
DA:127,0
DA:130,0
DA:131,0
DA:132,0
DA:133,0
DA:135,0
DA:139,0
DA:140,0
DA:145,0
DA:169,0
DA:170,0
DA:172,0
DA:177,0
DA:182,0
DA:189,0
DA:190,0
DA:191,0
DA:198,0
DA:199,0
DA:205,0
DA:210,0
DA:222,0
DA:223,0
DA:228,0
DA:230,0
DA:242,0
DA:250,0
DA:258,0
DA:264,0
DA:265,0
DA:270,0
DA:272,0
DA:273,0
DA:274,0
DA:275,0
DA:277,0
DA:282,0
DA:285,0
DA:288,0
DA:289,0
DA:292,0
DA:303,0
DA:308,0
DA:309,0
DA:315,0
DA:320,0
DA:321,0
LF:76
LH:0
BRDA:11,0,0,0
BRDA:11,1,0,0
BRDA:22,2,0,0
BRDA:22,2,1,0
BRDA:23,3,0,0
BRDA:23,3,1,0
BRDA:59,4,0,0
BRDA:59,4,1,0
BRDA:69,5,0,0
BRDA:69,5,1,0
BRDA:75,6,0,0
BRDA:75,6,1,0
BRDA:79,7,0,0
BRDA:79,7,1,0
BRDA:81,8,0,0
BRDA:81,8,1,0
BRDA:82,9,0,0
BRDA:82,9,1,0
BRDA:89,10,0,0
BRDA:89,10,1,0
BRDA:102,11,0,0
BRDA:109,12,0,0
BRDA:109,12,1,0
BRDA:113,13,0,0
BRDA:113,13,1,0
BRDA:113,14,0,0
BRDA:113,14,1,0
BRDA:124,15,0,0
BRDA:124,15,1,0
BRDA:130,16,0,0
BRDA:130,16,1,0
BRDA:139,17,0,0
BRDA:139,17,1,0
BRDA:140,18,0,0
BRDA:140,18,1,0
BRDA:170,19,0,0
BRDA:170,19,1,0
BRDA:178,20,0,0
BRDA:178,20,1,0
BRDA:184,21,0,0
BRDA:184,21,1,0
BRDA:188,22,0,0
BRDA:188,22,1,0
BRDA:190,23,0,0
BRDA:190,23,1,0
BRDA:191,24,0,0
BRDA:191,24,1,0
BRDA:200,25,0,0
BRDA:200,25,1,0
BRDA:206,26,0,0
BRDA:206,26,1,0
BRDA:211,27,0,0
BRDA:211,27,1,0
BRDA:259,28,0,0
BRDA:259,28,1,0
BRDA:269,29,0,0
BRDA:279,30,0,0
BRDA:279,30,1,0
BRDA:288,31,0,0
BRDA:288,31,1,0
BRDA:289,32,0,0
BRDA:289,32,1,0
BRDA:308,33,0,0
BRDA:308,33,1,0
BRF:64
BRH:0
end_of_record
TN:
SF:services\notificationService.js
FN:16,(anonymous_0)
FN:67,(anonymous_1)
FN:91,(anonymous_2)
FN:108,(anonymous_3)
FN:124,(anonymous_4)
FN:206,(anonymous_5)
FN:248,(anonymous_6)
FNF:7
FNH:0
FNDA:0,(anonymous_0)
FNDA:0,(anonymous_1)
FNDA:0,(anonymous_2)
FNDA:0,(anonymous_3)
FNDA:0,(anonymous_4)
FNDA:0,(anonymous_5)
FNDA:0,(anonymous_6)
DA:12,0
DA:17,0
DA:18,0
DA:19,0
DA:20,0
DA:23,0
DA:34,0
DA:35,0
DA:36,0
DA:37,0
DA:38,0
DA:39,0
DA:42,0
DA:43,0
DA:47,0
DA:50,0
DA:54,0
DA:57,0
DA:59,0
DA:60,0
DA:68,0
DA:69,0
DA:70,0
DA:76,0
DA:78,0
DA:83,0
DA:84,0
DA:92,0
DA:93,0
DA:98,0
DA:100,0
DA:101,0
DA:109,0
DA:110,0
DA:113,0
DA:117,0
DA:118,0
DA:119,0
DA:123,0
DA:124,0
DA:125,0
DA:126,0
DA:127,0
DA:129,0
DA:133,0
DA:134,0
DA:135,0
DA:138,0
DA:143,0
DA:145,0
DA:148,0
DA:149,0
DA:153,0
DA:155,0
DA:160,0
DA:162,0
DA:168,0
DA:178,0
DA:189,0
DA:197,0
DA:199,0
DA:207,0
DA:208,0
DA:212,0
DA:213,0
DA:216,0
DA:219,0
DA:222,0
DA:223,0
DA:227,0
DA:239,0
DA:241,0
DA:249,0
DA:250,0
DA:253,0
DA:254,0
DA:257,0
DA:260,0
DA:261,0
DA:268,0
DA:280,0
DA:283,0
LF:82
LH:0
BRDA:19,0,0,0
BRDA:19,0,1,0
BRDA:29,1,0,0
BRDA:29,1,1,0
BRDA:29,2,0,0
BRDA:29,2,1,0
BRDA:36,3,0,0
BRDA:36,3,1,0
BRDA:38,4,0,0
BRDA:38,4,1,0
BRDA:38,5,0,0
BRDA:38,5,1,0
BRDA:42,6,0,0
BRDA:42,6,1,0
BRDA:67,7,0,0
BRDA:67,8,0,0
BRDA:117,9,0,0
BRDA:117,9,1,0
BRDA:126,10,0,0
BRDA:126,10,1,0
BRDA:143,11,0,0
BRDA:143,11,1,0
BRDA:143,12,0,0
BRDA:143,12,1,0
BRDA:148,13,0,0
BRDA:148,13,1,0
BRDA:160,14,0,0
BRDA:160,14,1,0
BRDA:212,15,0,0
BRDA:212,15,1,0
BRDA:212,16,0,0
BRDA:212,16,1,0
BRDA:222,17,0,0
BRDA:222,17,1,0
BRDA:253,18,0,0
BRDA:253,18,1,0
BRDA:253,19,0,0
BRDA:253,19,1,0
BRDA:260,20,0,0
BRDA:260,20,1,0
BRF:40
BRH:0
end_of_record
TN:
SF:services\payrollService.js
FN:9,(anonymous_0)
FN:34,(anonymous_1)
FN:35,(anonymous_2)
FN:36,(anonymous_3)
FN:37,(anonymous_4)
FN:41,(anonymous_5)
FN:98,(anonymous_6)
FN:158,(anonymous_7)
FNF:8
FNH:0
FNDA:0,(anonymous_0)
FNDA:0,(anonymous_1)
FNDA:0,(anonymous_2)
FNDA:0,(anonymous_3)
FNDA:0,(anonymous_4)
FNDA:0,(anonymous_5)
FNDA:0,(anonymous_6)
FNDA:0,(anonymous_7)
DA:7,0
DA:10,0
DA:11,0
DA:12,0
DA:14,0
DA:15,0
DA:18,0
DA:19,0
DA:21,0
DA:26,0
DA:34,0
DA:35,0
DA:36,0
DA:37,0
DA:38,0
DA:41,0
DA:42,0
DA:46,0
DA:47,0
DA:48,0
DA:51,0
DA:54,0
DA:55,0
DA:58,0
DA:59,0
DA:60,0
DA:61,0
DA:62,0
DA:64,0
DA:66,0
DA:68,0
DA:92,0
DA:93,0
DA:99,0
DA:100,0
DA:104,0
DA:106,0
DA:150,0
DA:152,0
DA:153,0
DA:159,0
DA:160,0
DA:165,0
DA:167,0
DA:169,0
DA:174,0
DA:175,0
DA:176,0
DA:180,0
DA:183,0
DA:192,0
DA:195,0
DA:196,0
DA:198,0
DA:199,0
LF:55
LH:0
BRDA:12,0,0,0
BRDA:12,0,1,0
BRDA:15,1,0,0
BRDA:15,1,1,0
BRDA:42,2,0,0
BRDA:42,2,1,0
BRDA:104,3,0,0
BRDA:104,3,1,0
BRDA:174,4,0,0
BRDA:174,4,1,0
BRF:10
BRH:0
end_of_record
TN:
SF:utils\asyncHandler.js
FN:7,(anonymous_0)
FN:8,(anonymous_1)
FN:9,(anonymous_2)
FN:23,(anonymous_3)
FN:24,(anonymous_4)
FNF:5
FNH:0
FNDA:0,(anonymous_0)
FNDA:0,(anonymous_1)
FNDA:0,(anonymous_2)
FNDA:0,(anonymous_3)
FNDA:0,(anonymous_4)
DA:7,0
DA:8,0
DA:9,0
DA:11,0
DA:12,0
DA:13,0
DA:14,0
DA:23,0
DA:24,0
DA:25,0
DA:26,0
DA:28,0
DA:29,0
DA:30,0
DA:31,0
DA:33,0
DA:34,0
DA:36,0
LF:18
LH:0
BRF:0
BRH:0
end_of_record
TN:
SF:utils\emailService.js
FN:14,(anonymous_0)
FN:26,(anonymous_1)
FN:81,(anonymous_2)
FN:82,(anonymous_3)
FN:141,(anonymous_4)
FN:163,(anonymous_5)
FN:189,(anonymous_6)
FNF:7
FNH:0
FNDA:0,(anonymous_0)
FNDA:0,(anonymous_1)
FNDA:0,(anonymous_2)
FNDA:0,(anonymous_3)
FNDA:0,(anonymous_4)
FNDA:0,(anonymous_5)
FNDA:0,(anonymous_6)
DA:5,0
DA:14,0
DA:15,0
DA:16,0
DA:18,0
DA:22,0
DA:27,0
DA:63,0
DA:64,0
DA:70,0
DA:71,0
DA:73,0
DA:74,0
DA:82,0
DA:91,0
DA:123,0
DA:124,0
DA:130,0
DA:131,0
DA:133,0
DA:134,0
DA:142,0
DA:151,0
DA:163,0
DA:171,0
DA:172,0
DA:178,0
DA:179,0
DA:181,0
DA:182,0
DA:190,0
DA:192,0
DA:212,0
DA:213,0
DA:219,0
DA:220,0
DA:222,0
DA:223,0
LF:38
LH:0
BRDA:15,0,0,0
BRDA:15,0,1,0
BRDA:87,1,0,0
BRDA:87,1,1,0
BRF:4
BRH:0
end_of_record
TN:
SF:utils\logger.js
FN:13,(anonymous_0)
FN:15,(anonymous_1)
FN:23,(anonymous_2)
FN:27,(anonymous_3)
FN:31,(anonymous_4)
FN:35,(anonymous_5)
FN:48,oo_cm
FNF:7
FNH:0
FNDA:0,(anonymous_0)
FNDA:0,(anonymous_1)
FNDA:0,(anonymous_2)
FNDA:0,(anonymous_3)
FNDA:0,(anonymous_4)
FNDA:0,(anonymous_5)
FNDA:0,oo_cm
DA:5,2
DA:6,2
DA:9,2
DA:10,0
DA:13,2
DA:15,2
DA:16,0
DA:17,0
DA:19,0
DA:22,2
DA:24,0
DA:25,0
DA:28,0
DA:29,0
DA:32,0
DA:33,0
DA:36,0
DA:37,0
DA:38,0
DA:48,0
LF:20
LH:6
BRDA:9,0,0,0
BRDA:9,0,1,2
BRDA:15,1,0,0
BRDA:17,2,0,0
BRDA:17,2,1,0
BRDA:23,3,0,0
BRDA:24,4,0,0
BRDA:24,4,1,0
BRDA:27,5,0,0
BRDA:28,6,0,0
BRDA:28,6,1,0
BRDA:31,7,0,0
BRDA:32,8,0,0
BRDA:32,8,1,0
BRDA:35,9,0,0
BRDA:36,10,0,0
BRDA:36,10,1,0
BRDA:37,11,0,0
BRDA:37,11,1,0
BRDA:48,12,0,0
BRDA:48,12,1,0
BRF:21
BRH:1
end_of_record
TN:
SF:utils\pdfGenerator.js
FN:4,(anonymous_0)
FN:58,generateTableRow
FN:66,generateHr
FNF:3
FNH:0
FNDA:0,(anonymous_0)
FNDA:0,generateTableRow
FNDA:0,generateHr
DA:4,0
DA:5,0
DA:8,0
DA:17,0
DA:21,0
DA:27,0
DA:28,0
DA:29,0
DA:30,0
DA:31,0
DA:35,0
DA:36,0
DA:37,0
DA:38,0
DA:49,0
DA:50,0
DA:53,0
DA:54,0
DA:59,0
DA:67,0
LF:20
LH:0
BRF:0
BRH:0
end_of_record
TN:
SF:utils\response.js
FN:2,(anonymous_0)
FN:12,(anonymous_1)
FNF:2
FNH:0
FNDA:0,(anonymous_0)
FNDA:0,(anonymous_1)
DA:2,2
DA:3,0
DA:8,0
DA:12,2
DA:13,0
DA:18,0
LF:6
LH:2
BRDA:2,0,0,0
BRDA:6,1,0,0
BRDA:6,1,1,0
BRDA:12,2,0,0
BRDA:16,3,0,0
BRDA:16,3,1,0
BRF:6
BRH:0
end_of_record
TN:
SF:utils\scheduledJobs.js
FN:12,(anonymous_0)
FN:27,(anonymous_1)
FN:37,(anonymous_2)
FN:41,(anonymous_3)
FN:44,(anonymous_4)
FN:51,(anonymous_5)
FN:54,(anonymous_6)
FN:61,(anonymous_7)
FN:64,(anonymous_8)
FN:85,(anonymous_9)
FN:88,(anonymous_10)
FNF:11
FNH:0
FNDA:0,(anonymous_0)
FNDA:0,(anonymous_1)
FNDA:0,(anonymous_2)
FNDA:0,(anonymous_3)
FNDA:0,(anonymous_4)
FNDA:0,(anonymous_5)
FNDA:0,(anonymous_6)
FNDA:0,(anonymous_7)
FNDA:0,(anonymous_8)
FNDA:0,(anonymous_9)
FNDA:0,(anonymous_10)
DA:12,0
DA:15,0
DA:16,0
DA:17,0
DA:18,0
DA:20,0
DA:21,0
DA:23,0
DA:25,0
DA:26,0
DA:27,0
DA:33,0
DA:37,0
DA:38,0
DA:41,0
DA:42,0
DA:43,0
DA:44,0
DA:51,0
DA:52,0
DA:53,0
DA:54,0
DA:61,0
DA:62,0
DA:63,0
DA:65,0
DA:68,0
DA:73,0
DA:74,0
DA:77,0
DA:85,0
DA:86,0
DA:87,0
DA:89,0
DA:90,0
DA:91,0
DA:93,0
DA:98,0
DA:105,0
LF:39
LH:0
BRDA:12,0,0,0
BRDA:23,1,0,0
BRDA:23,1,1,0
BRF:3
BRH:0
end_of_record
TN:
SF:utils\smsService.js
FN:11,(anonymous_0)
FN:29,(anonymous_1)
FN:47,(anonymous_2)
FN:74,(anonymous_3)
FN:92,(anonymous_4)
FNF:5
FNH:0
FNDA:0,(anonymous_0)
FNDA:0,(anonymous_1)
FNDA:0,(anonymous_2)
FNDA:0,(anonymous_3)
FNDA:0,(anonymous_4)
DA:5,0
DA:7,0
DA:12,0
DA:13,0
DA:18,0
DA:19,0
DA:21,0
DA:22,0
DA:30,0
DA:31,0
DA:36,0
DA:37,0
DA:39,0
DA:40,0
DA:48,0
DA:57,0
DA:58,0
DA:63,0
DA:64,0
DA:66,0
DA:67,0
DA:75,0
DA:76,0
DA:81,0
DA:82,0
DA:84,0
DA:85,0
DA:93,0
DA:94,0
DA:99,0
DA:100,0
DA:102,0
DA:103,0
LF:33
LH:0
BRF:0
BRH:0
end_of_record
TN:
SF:utils\upload.js
FN:18,(anonymous_0)
FN:41,(anonymous_1)
FN:60,(anonymous_2)
FN:61,(anonymous_3)
FN:80,oo_cm
FNF:5
FNH:0
FNDA:0,(anonymous_0)
FNDA:0,(anonymous_1)
FNDA:0,(anonymous_2)
FNDA:0,(anonymous_3)
FNDA:0,oo_cm
DA:6,0
DA:9,0
DA:16,0
DA:19,0
DA:25,0
DA:29,0
DA:38,0
DA:42,0
DA:43,0
DA:45,0
DA:46,0
DA:47,0
DA:48,0
DA:50,0
DA:60,0
DA:61,0
DA:62,0
DA:63,0
DA:64,0
DA:66,0
DA:67,0
DA:68,0
DA:70,0
DA:80,0
LF:24
LH:0
BRDA:19,0,0,0
BRDA:19,0,1,0
BRDA:21,1,0,0
BRDA:21,1,1,0
BRDA:21,2,0,0
BRDA:21,2,1,0
BRDA:25,3,0,0
BRDA:25,3,1,0
BRDA:32,4,0,0
BRDA:32,4,1,0
BRDA:45,5,0,0
BRDA:45,5,1,0
BRDA:62,6,0,0
BRDA:62,6,1,0
BRDA:66,7,0,0
BRDA:66,7,1,0
BRDA:68,8,0,0
BRDA:68,8,1,0
BRDA:80,9,0,0
BRDA:80,9,1,0
BRF:20
BRH:0
end_of_record
TN:
SF:utils\validators.js
FN:8,(anonymous_0)
FN:11,(anonymous_1)
FN:17,(anonymous_2)
FN:20,(anonymous_3)
FN:31,(anonymous_4)
FN:37,(anonymous_5)
FN:40,(anonymous_6)
FNF:7
FNH:0
FNDA:0,(anonymous_0)
FNDA:0,(anonymous_1)
FNDA:0,(anonymous_2)
FNDA:0,(anonymous_3)
FNDA:0,(anonymous_4)
FNDA:0,(anonymous_5)
FNDA:0,(anonymous_6)
DA:2,2
DA:5,2
DA:8,2
DA:11,2
DA:12,0
DA:13,0
DA:17,2
DA:20,2
DA:21,0
DA:23,0
DA:31,2
DA:32,0
DA:33,0
DA:37,2
DA:40,2
DA:41,0
DA:42,0
DA:43,0
DA:44,0
DA:45,0
DA:48,0
LF:21
LH:9
BRDA:21,0,0,0
BRDA:21,0,1,0
BRDA:32,1,0,0
BRDA:32,1,1,0
BRDA:43,2,0,0
BRDA:43,2,1,0
BRDA:45,3,0,0
BRDA:45,3,1,0
BRF:8
BRH:0
end_of_record
